08:37:03,831 root INFO free workers [0, 1, 2, 3, 4, 5, 6, 7, 8, 9], task queue size 91
08:37:03,831 root INFO tasks left: 482
08:37:10,820 root INFO free workers [], task queue size 81
08:37:10,820 root INFO tasks left: 482
08:37:18,14 root INFO free workers [], task queue size 81
08:37:18,14 root INFO tasks left: 482
08:37:25,278 root INFO free workers [], task queue size 81
08:37:25,278 root INFO tasks left: 482
08:37:32,407 root INFO free workers [1, 4, 5, 7, 8, 9], task queue size 81
08:37:32,408 root INFO tasks left: 478
08:37:39,614 root INFO free workers [0, 2, 3, 6], task queue size 78
08:37:39,614 root INFO tasks left: 472
08:37:46,659 root INFO free workers [9], task queue size 74
08:37:46,659 root INFO tasks left: 472
08:37:53,957 root INFO free workers [8], task queue size 74
08:37:53,957 root INFO tasks left: 471
08:38:01,142 root INFO free workers [1, 4, 5, 7], task queue size 75
08:38:01,142 root INFO tasks left: 466
08:38:08,219 root INFO free workers [0, 3, 6], task queue size 72
08:38:08,219 root INFO tasks left: 463
08:38:15,427 root INFO free workers [5, 8, 9], task queue size 71
08:38:15,427 root INFO tasks left: 460
08:38:22,415 root INFO free workers [7], task queue size 68
08:38:22,415 root INFO tasks left: 460
08:38:29,730 root INFO free workers [1, 4], task queue size 68
08:38:29,730 root INFO tasks left: 457
08:38:36,801 root INFO free workers [0, 3, 5, 8, 9], task queue size 69
08:38:36,801 root INFO tasks left: 454
08:38:44,31 root INFO free workers [4, 6, 7], task queue size 67
08:38:44,31 root INFO tasks left: 450
08:38:51,516 root INFO free workers [1, 5], task queue size 66
08:38:51,516 root INFO tasks left: 447
08:38:58,788 root INFO free workers [2, 8], task queue size 64
08:38:58,788 root INFO tasks left: 446
08:39:06,123 root INFO free workers [3, 4, 6, 9], task queue size 64
08:39:06,124 root INFO tasks left: 441
08:39:13,990 root INFO free workers [0, 5, 7], task queue size 62
08:39:13,990 root INFO tasks left: 438
08:39:21,378 root INFO free workers [1, 2, 8, 9], task queue size 60
08:39:21,378 root INFO tasks left: 436
08:39:28,827 root INFO free workers [5, 6, 7], task queue size 59
08:39:28,827 root INFO tasks left: 433
08:39:36,86 root INFO free workers [3], task queue size 58
08:39:36,87 root INFO tasks left: 430
08:39:43,684 root INFO free workers [1, 8], task queue size 58
08:39:43,685 root INFO tasks left: 428
08:39:51,131 root INFO free workers [0, 2, 5, 7, 9], task queue size 61
08:39:51,131 root INFO tasks left: 423
08:39:58,515 root INFO free workers [3, 6], task queue size 57
08:39:58,516 root INFO tasks left: 421
08:40:05,884 root INFO free workers [1, 8], task queue size 56
08:40:05,884 root INFO tasks left: 419
08:40:13,425 root INFO free workers [0, 2, 7], task queue size 56
08:40:13,425 root INFO tasks left: 416
08:40:20,975 root INFO free workers [5, 6, 9], task queue size 55
08:40:20,976 root INFO tasks left: 413
08:40:28,562 root INFO free workers [2, 3, 8], task queue size 53
08:40:28,563 root INFO tasks left: 411
08:40:36,167 root INFO free workers [4, 6, 7], task queue size 53
08:40:36,167 root INFO tasks left: 408
08:40:43,739 root INFO free workers [0, 1, 5, 8, 9], task queue size 54
08:40:43,739 root INFO tasks left: 403
08:40:51,675 root INFO free workers [2, 3], task queue size 51
08:40:51,675 root INFO tasks left: 400
08:40:59,181 root INFO free workers [6, 7, 9], task queue size 51
08:40:59,182 root INFO tasks left: 398
08:41:06,984 root INFO free workers [0, 1, 4, 5, 8], task queue size 53
08:41:06,984 root INFO tasks left: 392
08:41:14,794 root INFO free workers [2, 3], task queue size 49
08:41:14,794 root INFO tasks left: 390
08:41:22,222 root INFO free workers [6, 7, 9], task queue size 48
08:41:22,222 root INFO tasks left: 389
08:41:29,854 root INFO free workers [0, 1, 5, 8], task queue size 50
08:41:29,854 root INFO tasks left: 384
08:41:37,745 root INFO free workers [2, 3, 4], task queue size 49
08:41:37,746 root INFO tasks left: 380
08:41:45,218 root INFO free workers [7, 9], task queue size 47
08:41:45,218 root INFO tasks left: 379
08:41:52,858 root INFO free workers [1, 6, 8], task queue size 47
08:41:52,859 root INFO tasks left: 375
08:42:00,673 root INFO free workers [0, 2, 4, 5], task queue size 46
08:42:00,673 root INFO tasks left: 372
08:42:08,521 root INFO free workers [3, 7, 9], task queue size 44
08:42:08,521 root INFO tasks left: 368
08:42:16,579 root INFO free workers [1, 5, 6, 8], task queue size 44
08:42:16,579 root INFO tasks left: 364
08:42:24,377 root INFO free workers [0, 2, 4, 9], task queue size 42
08:42:24,377 root INFO tasks left: 361
08:42:32,252 root INFO free workers [3, 5, 7], task queue size 41
08:42:32,252 root INFO tasks left: 358
08:42:40,233 root INFO free workers [1, 6, 8], task queue size 40
08:42:40,233 root INFO tasks left: 354
08:42:47,952 root INFO free workers [2, 4, 9], task queue size 40
08:42:47,953 root INFO tasks left: 351
08:42:55,675 root INFO free workers [0, 5, 7], task queue size 39
08:42:55,675 root INFO tasks left: 348
08:43:03,826 root INFO free workers [1, 3, 6, 8, 9], task queue size 40
08:43:03,826 root INFO tasks left: 344
08:43:11,660 root INFO free workers [2, 4, 7], task queue size 39
08:43:11,661 root INFO tasks left: 340
08:43:19,486 root INFO free workers [5, 8], task queue size 37
08:43:19,487 root INFO tasks left: 339
08:43:27,653 root INFO free workers [0, 1, 3, 9], task queue size 39
08:43:27,653 root INFO tasks left: 335
08:43:35,503 root INFO free workers [2, 4, 6], task queue size 38
08:43:35,503 root INFO tasks left: 331
08:43:43,648 root INFO free workers [3, 5, 7, 8], task queue size 38
08:43:43,648 root INFO tasks left: 328
08:43:51,607 root INFO free workers [0, 1, 4, 9], task queue size 38
08:43:51,607 root INFO tasks left: 324
08:43:59,645 root INFO free workers [2], task queue size 35
08:43:59,645 root INFO tasks left: 322
08:44:07,989 root INFO free workers [1, 3, 5, 6, 7, 8], task queue size 40
08:44:07,989 root INFO tasks left: 316
08:44:15,951 root INFO free workers [4, 9], task queue size 36
08:44:15,951 root INFO tasks left: 314
08:44:24,193 root INFO free workers [0, 2, 3], task queue size 37
08:44:24,193 root INFO tasks left: 311
08:44:32,205 root INFO free workers [1, 5, 6, 7, 8], task queue size 38
08:44:32,205 root INFO tasks left: 307
08:44:40,289 root INFO free workers [4], task queue size 35
08:44:40,290 root INFO tasks left: 305
08:44:48,388 root INFO free workers [2, 3, 8, 9], task queue size 36
08:44:48,388 root INFO tasks left: 303
08:44:56,491 root INFO free workers [0, 1, 5], task queue size 37
08:44:56,491 root INFO tasks left: 298
08:45:04,758 root INFO free workers [4, 6, 7], task queue size 35
08:45:04,758 root INFO tasks left: 295
08:45:12,705 root INFO free workers [1, 2, 3, 8, 9], task queue size 35
08:45:12,705 root INFO tasks left: 292
08:45:20,891 root INFO free workers [0], task queue size 32
08:45:20,891 root INFO tasks left: 290
08:45:28,834 root INFO free workers [4, 6], task queue size 33
08:45:28,835 root INFO tasks left: 288
08:45:36,804 root INFO free workers [1, 2, 7, 8, 9], task queue size 35
08:45:36,804 root INFO tasks left: 283
08:45:45,220 root INFO free workers [0, 3, 4], task queue size 33
08:45:45,221 root INFO tasks left: 280
08:45:53,390 root INFO free workers [2, 6, 8, 9], task queue size 35
08:45:53,390 root INFO tasks left: 275
08:46:01,641 root INFO free workers [7], task queue size 31
08:46:01,642 root INFO tasks left: 275
08:46:10,1 root INFO free workers [1, 3, 4], task queue size 30
08:46:10,1 root INFO tasks left: 273
08:46:18,386 root INFO free workers [0, 2, 5, 8, 9], task queue size 30
08:46:18,386 root INFO tasks left: 268
08:46:26,667 root INFO free workers [7], task queue size 28
08:46:26,667 root INFO tasks left: 265
08:46:34,999 root INFO free workers [1, 3, 4, 6], task queue size 31
08:46:34,999 root INFO tasks left: 261
08:46:43,335 root INFO free workers [0, 5, 8, 9], task queue size 30
08:46:43,336 root INFO tasks left: 258
08:46:51,666 root INFO free workers [1, 2, 7], task queue size 29
08:46:51,666 root INFO tasks left: 255
08:46:59,937 root INFO free workers [4, 6], task queue size 28
08:46:59,938 root INFO tasks left: 253
08:47:08,185 root INFO free workers [2, 3, 5, 8, 9], task queue size 30
08:47:08,185 root INFO tasks left: 249
08:47:16,647 root INFO free workers [0, 1, 7], task queue size 27
08:47:16,648 root INFO tasks left: 245
08:47:25,89 root INFO free workers [4, 6], task queue size 26
08:47:25,89 root INFO tasks left: 242
08:47:33,474 root INFO free workers [3, 5, 8, 9], task queue size 26
08:47:33,474 root INFO tasks left: 239
08:47:41,797 root INFO free workers [0, 1, 2, 6, 7], task queue size 26
08:47:41,798 root INFO tasks left: 234
08:47:50,328 root INFO free workers [4, 9], task queue size 22
08:47:50,328 root INFO tasks left: 232
08:47:58,898 root INFO free workers [2, 3, 5, 7, 8], task queue size 24
08:47:58,898 root INFO tasks left: 227
08:48:07,543 root INFO free workers [0, 1, 6], task queue size 23
08:48:07,544 root INFO tasks left: 223
08:48:15,736 root INFO free workers [8, 9], task queue size 21
08:48:15,736 root INFO tasks left: 222
08:48:24,46 root INFO free workers [2, 3, 4, 5, 7], task queue size 25
08:48:24,46 root INFO tasks left: 216
08:48:32,491 root INFO free workers [0, 1, 8, 9], task queue size 22
08:48:32,491 root INFO tasks left: 213
08:48:41,189 root INFO free workers [3, 6], task queue size 20
08:48:41,189 root INFO tasks left: 210
08:48:49,563 root INFO free workers [2, 4, 5, 7, 8], task queue size 22
08:48:49,563 root INFO tasks left: 206
08:48:58,209 root INFO free workers [0, 1, 9], task queue size 21
08:48:58,209 root INFO tasks left: 202
08:49:06,776 root INFO free workers [3, 6], task queue size 18
08:49:06,776 root INFO tasks left: 202
08:49:15,391 root INFO free workers [1, 4, 5, 7, 8], task queue size 19
08:49:15,392 root INFO tasks left: 198
08:49:24,120 root INFO free workers [0, 2, 9], task queue size 17
08:49:24,120 root INFO tasks left: 193
08:49:32,752 root INFO free workers [3], task queue size 16
08:49:32,752 root INFO tasks left: 191
08:49:41,416 root INFO free workers [2, 4, 5, 6, 7, 8], task queue size 19
08:49:41,416 root INFO tasks left: 186
08:49:50,49 root INFO free workers [1], task queue size 15
08:49:50,49 root INFO tasks left: 184
08:49:58,564 root INFO free workers [0, 3, 9], task queue size 17
08:49:58,564 root INFO tasks left: 181
08:50:07,529 root INFO free workers [1, 4, 5, 6, 7, 8], task queue size 18
08:50:07,530 root INFO tasks left: 176
08:50:16,115 root INFO free workers [2], task queue size 13
08:50:16,115 root INFO tasks left: 174
08:50:25,148 root INFO free workers [5, 6, 7], task queue size 14
08:50:25,148 root INFO tasks left: 172
08:50:34,76 root INFO free workers [0, 1, 3, 4, 8, 9], task queue size 17
08:50:34,76 root INFO tasks left: 165
08:50:42,986 root INFO free workers [2, 6, 7], task queue size 13
08:50:42,986 root INFO tasks left: 163
08:50:51,716 root INFO free workers [5, 8, 9], task queue size 11
08:50:51,716 root INFO tasks left: 161
08:51:00,479 root INFO free workers [1, 4, 6, 7], task queue size 11
08:51:00,479 root INFO tasks left: 157
08:51:09,392 root INFO free workers [0, 2, 3, 9], task queue size 11
08:51:09,393 root INFO tasks left: 152
08:51:18,225 root INFO free workers [4, 5, 8], task queue size 10
08:51:18,225 root INFO tasks left: 149
08:51:27,572 root INFO free workers [1, 2, 6], task queue size 10
08:51:27,572 root INFO tasks left: 146
08:51:36,380 root INFO free workers [0, 3, 5, 7, 9], task queue size 12
08:51:36,380 root INFO tasks left: 140
08:51:45,134 root INFO free workers [1, 4, 6, 8], task queue size 11
08:51:45,134 root INFO tasks left: 136
08:51:53,942 root INFO free workers [2, 5, 9], task queue size 7
08:51:53,942 root INFO tasks left: 135
08:52:02,772 root INFO free workers [0, 3, 7, 8], task queue size 7
08:52:02,772 root INFO tasks left: 131
08:52:12,54 root INFO free workers [1, 4, 6, 9], task queue size 8
08:52:12,54 root INFO tasks left: 126
08:52:21,285 root INFO free workers [2, 5, 8], task queue size 7
08:52:21,286 root INFO tasks left: 123
08:52:30,655 root INFO free workers [0, 1, 3, 4, 6, 7], task queue size 9
08:52:30,655 root INFO tasks left: 118
08:52:39,250 root INFO free workers [9], task queue size 5
08:52:39,250 root INFO tasks left: 115
08:52:48,70 root INFO free workers [2, 5, 8], task queue size 7
08:52:48,70 root INFO tasks left: 112
08:52:56,798 root INFO free workers [0, 1, 4, 6, 7], task queue size 7
08:52:56,798 root INFO tasks left: 109
08:53:05,721 root INFO free workers [9], task queue size 5
08:53:05,721 root INFO tasks left: 106
08:53:14,626 root INFO free workers [3, 5, 7, 8], task queue size 7
08:53:14,626 root INFO tasks left: 103
08:53:23,727 root INFO free workers [1, 4, 6, 9], task queue size 7
08:53:23,727 root INFO tasks left: 99
08:53:32,864 root INFO free workers [0, 7], task queue size 5
08:53:32,864 root INFO tasks left: 97
08:53:42,202 root INFO free workers [3, 5, 8], task queue size 6
08:53:42,202 root INFO tasks left: 93
08:53:51,84 root INFO free workers [0, 1, 4, 6, 7, 9], task queue size 6
08:53:51,84 root INFO tasks left: 90
08:53:59,927 root INFO free workers [], task queue size 3
08:53:59,927 root INFO tasks left: 87
08:54:09,176 root INFO free workers [2, 3, 5, 8], task queue size 6
08:54:09,177 root INFO tasks left: 84
08:54:18,190 root INFO free workers [4, 6, 7, 9], task queue size 5
08:54:18,190 root INFO tasks left: 81
08:54:27,770 root INFO free workers [0, 8], task queue size 5
08:54:27,771 root INFO tasks left: 77
08:54:40,338 root INFO free workers [2, 3, 5, 6, 7, 9], task queue size 5
08:54:40,339 root INFO tasks left: 74
08:54:49,459 root INFO free workers [2, 4, 8], task queue size 4
08:54:49,459 root INFO tasks left: 69
08:54:59,15 root INFO free workers [0, 7], task queue size 2
08:54:59,15 root INFO tasks left: 68
08:55:08,558 root INFO free workers [3, 6, 9], task queue size 2
08:55:08,559 root INFO tasks left: 66
08:55:18,328 root INFO free workers [1, 2, 3, 4, 7, 8], task queue size 5
08:55:18,328 root INFO tasks left: 60
08:55:27,642 root INFO free workers [0, 1, 9], task queue size 0
08:55:27,643 root INFO tasks left: 58
08:55:36,498 root INFO free workers [0, 1, 3, 6, 7, 9], task queue size 1
08:55:36,498 root INFO tasks left: 56
08:55:45,899 root INFO free workers [0, 1, 2, 3, 4, 6, 7, 8], task queue size 5
08:55:45,899 root INFO tasks left: 51
08:55:54,800 root INFO free workers [0, 1, 2, 9], task queue size 0
08:55:54,800 root INFO tasks left: 51
08:56:04,91 root INFO free workers [0, 1, 2, 5, 8, 9], task queue size 2
08:56:04,91 root INFO tasks left: 48
08:56:13,438 root INFO free workers [0, 1, 2, 3, 4, 5, 6, 7], task queue size 3
08:56:13,438 root INFO tasks left: 45
08:56:22,488 root INFO free workers [0, 1, 2, 3, 4, 8, 9], task queue size 1
08:56:22,488 root INFO tasks left: 44
08:56:31,710 root INFO free workers [0, 1, 2, 3, 4, 5, 6, 7, 8], task queue size 3
08:56:31,710 root INFO tasks left: 41
08:56:40,611 root INFO free workers [0, 1, 2, 3, 4, 5], task queue size 2
08:56:40,612 root INFO tasks left: 39
08:56:50,16 root INFO free workers [0, 1, 2, 3, 6, 7, 8, 9], task queue size 1
08:56:50,16 root INFO tasks left: 38
08:56:59,92 root INFO free workers [0, 1, 2, 3, 4, 5, 6, 7, 8], task queue size 4
08:56:59,93 root INFO tasks left: 34
08:57:08,106 root INFO free workers [0, 1, 2, 3, 4, 9], task queue size 2
08:57:08,106 root INFO tasks left: 32
08:57:17,439 root INFO free workers [0, 1, 2, 3, 6], task queue size 0
08:57:17,440 root INFO tasks left: 32
08:57:26,639 root INFO free workers [0, 1, 2, 3, 4, 5, 6, 7, 8, 9], task queue size 5
08:57:26,639 root INFO tasks left: 26
08:57:35,631 root INFO free workers [0, 1, 2, 3, 4], task queue size 0
08:57:35,632 root INFO tasks left: 26
08:57:44,789 root INFO free workers [0, 1, 2, 3, 4, 7, 8, 9], task queue size 0
08:57:44,789 root INFO tasks left: 26
08:57:53,897 root INFO free workers [0, 1, 2, 3, 4, 6, 7, 8, 9], task queue size 2
08:57:53,897 root INFO tasks left: 23
08:58:03,330 root INFO free workers [0, 1, 2, 3, 4, 6, 7], task queue size 1
08:58:03,330 root INFO tasks left: 22
08:58:11,915 root INFO free workers [0, 1, 2, 3, 4, 6, 8, 9], task queue size 1
08:58:11,915 root INFO tasks left: 21
08:58:21,330 root INFO free workers [0, 1, 2, 3, 4, 6, 7, 8], task queue size 1
08:58:21,331 root INFO tasks left: 20
08:58:30,753 root INFO free workers [0, 1, 2, 3, 4, 6, 7, 9], task queue size 1
08:58:30,753 root INFO tasks left: 18
08:58:39,861 root INFO free workers [0, 1, 2, 3, 4, 6, 7, 8], task queue size 1
08:58:39,861 root INFO tasks left: 17
08:58:49,538 root INFO free workers [0, 1, 2, 3, 4, 5, 6, 7, 9], task queue size 1
08:58:49,538 root INFO tasks left: 15
08:58:58,822 root INFO free workers [0, 1, 2, 3, 4, 5, 6, 7, 8], task queue size 1
08:58:58,822 root INFO tasks left: 14
08:59:08,97 root INFO free workers [0, 1, 2, 3, 4, 5, 6, 7, 9], task queue size 1
08:59:08,98 root INFO tasks left: 13
08:59:17,761 root INFO free workers [0, 1, 2, 3, 4, 5, 6, 7, 8], task queue size 1
08:59:17,762 root INFO tasks left: 12
08:59:26,355 root INFO free workers [0, 1, 2, 3, 4, 5, 6, 7, 9], task queue size 1
08:59:26,356 root INFO tasks left: 11
08:59:35,675 root INFO free workers [0, 1, 2, 3, 4, 5, 6, 7, 8], task queue size 1
08:59:35,675 root INFO tasks left: 10
08:59:45,72 root INFO free workers [0, 1, 2, 3, 4, 5, 6, 7, 9], task queue size 1
08:59:45,73 root INFO tasks left: 9
08:59:54,615 root INFO free workers [0, 1, 2, 3, 4, 5, 6, 7, 8], task queue size 1
08:59:54,615 root INFO tasks left: 8
09:00:03,915 root INFO free workers [0, 1, 2, 3, 4, 5, 6, 7, 9], task queue size 1
09:00:03,915 root INFO tasks left: 7
09:00:13,332 root INFO free workers [0, 1, 2, 3, 4, 5, 6, 7, 8], task queue size 1
09:00:13,333 root INFO tasks left: 6
09:00:22,711 root INFO free workers [0, 1, 2, 3, 4, 5, 6, 7, 9], task queue size 1
09:00:22,711 root INFO tasks left: 5
09:00:31,796 root INFO free workers [0, 1, 2, 3, 4, 5, 6, 7, 8], task queue size 1
09:00:31,796 root INFO tasks left: 4
09:00:41,26 root INFO free workers [0, 1, 2, 3, 4, 5, 6, 7, 9], task queue size 1
09:00:41,26 root INFO tasks left: 3
09:00:50,193 root INFO free workers [0, 1, 2, 3, 4, 5, 6, 7, 8], task queue size 1
09:00:50,193 root INFO tasks left: 2
09:00:59,235 root INFO free workers [0, 1, 2, 3, 4, 5, 6, 7, 9], task queue size 1
09:00:59,235 root INFO tasks left: 1
09:01:08,372 root INFO free workers [0, 1, 2, 3, 4, 5, 6, 7, 8], task queue size 1
09:01:08,372 root INFO tasks left: 0
09:01:13,378 root INFO Overmind run finished successfully with 172 iterations
