04:22:04,24 root INFO a0f981079a10c461ab14bc38e656a09d-1521516052.us-east-2.elb.amazonaws.com:50051 set as 0
04:22:04,61 root INFO ae183a299361f45e9ab797451bc28b45-25286836.us-east-2.elb.amazonaws.com:50051 set as 1
04:22:04,104 root INFO a3a4d1acb3a35497781673ddfdec08b3-234610428.us-east-2.elb.amazonaws.com:50051 set as 2
04:22:04,152 root INFO a446231dc48794ce5afb302214aa05da-1535843045.us-east-2.elb.amazonaws.com:50051 set as 3
04:22:04,194 root INFO acd0e2592e13e40fe8173b69767e38d9-304729689.us-east-2.elb.amazonaws.com:50051 set as 4
04:22:04,240 root INFO a86d15c50c0ef4fd889c208b91306322-1434235675.us-east-2.elb.amazonaws.com:50051 set as 5
04:22:04,289 root INFO a73d0841439be4c72a7f99c2a8ee014c-461204456.us-east-2.elb.amazonaws.com:50051 set as 6
04:22:04,337 root INFO a2db8d3e5406b4932acea5b23c9031f7-510381442.us-east-2.elb.amazonaws.com:50051 set as 7
04:22:04,434 root INFO ac707e718b19942a9a6cae3863f20aef-1947071726.us-east-2.elb.amazonaws.com:50051 set as 9
04:22:04,434 root INFO a53fdee8cddc64425960db2cfccd9cfe-1399437765.us-east-2.elb.amazonaws.com:50051 set as 8
04:25:16,876 root INFO a0f981079a10c461ab14bc38e656a09d-1521516052.us-east-2.elb.amazonaws.com:50051 set as 0
04:25:16,910 root INFO ae183a299361f45e9ab797451bc28b45-25286836.us-east-2.elb.amazonaws.com:50051 set as 1
04:25:16,947 root INFO a3a4d1acb3a35497781673ddfdec08b3-234610428.us-east-2.elb.amazonaws.com:50051 set as 2
04:25:17,1 root INFO a446231dc48794ce5afb302214aa05da-1535843045.us-east-2.elb.amazonaws.com:50051 set as 3
04:25:17,33 root INFO acd0e2592e13e40fe8173b69767e38d9-304729689.us-east-2.elb.amazonaws.com:50051 set as 4
04:25:17,84 root INFO a86d15c50c0ef4fd889c208b91306322-1434235675.us-east-2.elb.amazonaws.com:50051 set as 5
04:25:17,129 root INFO a73d0841439be4c72a7f99c2a8ee014c-461204456.us-east-2.elb.amazonaws.com:50051 set as 6
04:25:17,214 root INFO a53fdee8cddc64425960db2cfccd9cfe-1399437765.us-east-2.elb.amazonaws.com:50051 set as 8
04:25:17,261 root INFO ac707e718b19942a9a6cae3863f20aef-1947071726.us-east-2.elb.amazonaws.com:50051 set as 9
04:25:17,317 root INFO a2db8d3e5406b4932acea5b23c9031f7-510381442.us-east-2.elb.amazonaws.com:50051 set as 7
04:53:40,631 root INFO a0f981079a10c461ab14bc38e656a09d-1521516052.us-east-2.elb.amazonaws.com:50051 set as 0
04:53:40,631 root INFO a3a4d1acb3a35497781673ddfdec08b3-234610428.us-east-2.elb.amazonaws.com:50051 set as 2
04:53:40,639 root INFO ae183a299361f45e9ab797451bc28b45-25286836.us-east-2.elb.amazonaws.com:50051 set as 1
04:53:40,798 root INFO a446231dc48794ce5afb302214aa05da-1535843045.us-east-2.elb.amazonaws.com:50051 set as 3
04:53:40,807 root INFO acd0e2592e13e40fe8173b69767e38d9-304729689.us-east-2.elb.amazonaws.com:50051 set as 4
04:53:40,970 root INFO a73d0841439be4c72a7f99c2a8ee014c-461204456.us-east-2.elb.amazonaws.com:50051 set as 6
04:53:41,15 root INFO a2db8d3e5406b4932acea5b23c9031f7-510381442.us-east-2.elb.amazonaws.com:50051 set as 7
04:53:41,42 root INFO a86d15c50c0ef4fd889c208b91306322-1434235675.us-east-2.elb.amazonaws.com:50051 set as 5
04:53:41,61 root INFO a53fdee8cddc64425960db2cfccd9cfe-1399437765.us-east-2.elb.amazonaws.com:50051 set as 8
04:53:41,109 root INFO ac707e718b19942a9a6cae3863f20aef-1947071726.us-east-2.elb.amazonaws.com:50051 set as 9
04:53:58,185 root INFO a0f981079a10c461ab14bc38e656a09d-1521516052.us-east-2.elb.amazonaws.com:50051 set as 0
04:53:58,229 root INFO ae183a299361f45e9ab797451bc28b45-25286836.us-east-2.elb.amazonaws.com:50051 set as 1
04:53:58,266 root INFO a3a4d1acb3a35497781673ddfdec08b3-234610428.us-east-2.elb.amazonaws.com:50051 set as 2
04:53:58,332 root INFO a446231dc48794ce5afb302214aa05da-1535843045.us-east-2.elb.amazonaws.com:50051 set as 3
04:53:58,389 root INFO acd0e2592e13e40fe8173b69767e38d9-304729689.us-east-2.elb.amazonaws.com:50051 set as 4
04:53:58,419 root INFO a86d15c50c0ef4fd889c208b91306322-1434235675.us-east-2.elb.amazonaws.com:50051 set as 5
04:53:58,453 root INFO a73d0841439be4c72a7f99c2a8ee014c-461204456.us-east-2.elb.amazonaws.com:50051 set as 6
04:53:58,521 root INFO a2db8d3e5406b4932acea5b23c9031f7-510381442.us-east-2.elb.amazonaws.com:50051 set as 7
04:53:58,561 root INFO a53fdee8cddc64425960db2cfccd9cfe-1399437765.us-east-2.elb.amazonaws.com:50051 set as 8
04:53:58,606 root INFO ac707e718b19942a9a6cae3863f20aef-1947071726.us-east-2.elb.amazonaws.com:50051 set as 9
04:54:08,148 root INFO a0f981079a10c461ab14bc38e656a09d-1521516052.us-east-2.elb.amazonaws.com:50051 set as 0
04:54:08,194 root INFO ae183a299361f45e9ab797451bc28b45-25286836.us-east-2.elb.amazonaws.com:50051 set as 1
04:54:08,238 root INFO a3a4d1acb3a35497781673ddfdec08b3-234610428.us-east-2.elb.amazonaws.com:50051 set as 2
04:54:08,287 root INFO a446231dc48794ce5afb302214aa05da-1535843045.us-east-2.elb.amazonaws.com:50051 set as 3
04:54:08,338 root INFO acd0e2592e13e40fe8173b69767e38d9-304729689.us-east-2.elb.amazonaws.com:50051 set as 4
04:54:08,373 root INFO a86d15c50c0ef4fd889c208b91306322-1434235675.us-east-2.elb.amazonaws.com:50051 set as 5
04:54:08,419 root INFO a73d0841439be4c72a7f99c2a8ee014c-461204456.us-east-2.elb.amazonaws.com:50051 set as 6
04:54:08,470 root INFO a2db8d3e5406b4932acea5b23c9031f7-510381442.us-east-2.elb.amazonaws.com:50051 set as 7
04:54:08,515 root INFO a53fdee8cddc64425960db2cfccd9cfe-1399437765.us-east-2.elb.amazonaws.com:50051 set as 8
04:54:08,561 root INFO ac707e718b19942a9a6cae3863f20aef-1947071726.us-east-2.elb.amazonaws.com:50051 set as 9
05:06:58,380 root INFO a0f981079a10c461ab14bc38e656a09d-1521516052.us-east-2.elb.amazonaws.com:50051 set as 0
05:06:58,431 root INFO ae183a299361f45e9ab797451bc28b45-25286836.us-east-2.elb.amazonaws.com:50051 set as 1
05:06:58,464 root INFO a3a4d1acb3a35497781673ddfdec08b3-234610428.us-east-2.elb.amazonaws.com:50051 set as 2
05:06:58,515 root INFO a446231dc48794ce5afb302214aa05da-1535843045.us-east-2.elb.amazonaws.com:50051 set as 3
05:06:58,561 root INFO acd0e2592e13e40fe8173b69767e38d9-304729689.us-east-2.elb.amazonaws.com:50051 set as 4
05:06:58,602 root INFO a86d15c50c0ef4fd889c208b91306322-1434235675.us-east-2.elb.amazonaws.com:50051 set as 5
05:06:58,654 root INFO a73d0841439be4c72a7f99c2a8ee014c-461204456.us-east-2.elb.amazonaws.com:50051 set as 6
05:06:58,705 root INFO a2db8d3e5406b4932acea5b23c9031f7-510381442.us-east-2.elb.amazonaws.com:50051 set as 7
05:06:58,740 root INFO a53fdee8cddc64425960db2cfccd9cfe-1399437765.us-east-2.elb.amazonaws.com:50051 set as 8
05:06:58,787 root INFO ac707e718b19942a9a6cae3863f20aef-1947071726.us-east-2.elb.amazonaws.com:50051 set as 9
05:07:16,439 root INFO a0f981079a10c461ab14bc38e656a09d-1521516052.us-east-2.elb.amazonaws.com:50051 set as 0
05:07:16,484 root INFO ae183a299361f45e9ab797451bc28b45-25286836.us-east-2.elb.amazonaws.com:50051 set as 1
05:07:16,524 root INFO a3a4d1acb3a35497781673ddfdec08b3-234610428.us-east-2.elb.amazonaws.com:50051 set as 2
05:07:16,573 root INFO a446231dc48794ce5afb302214aa05da-1535843045.us-east-2.elb.amazonaws.com:50051 set as 3
05:07:16,616 root INFO acd0e2592e13e40fe8173b69767e38d9-304729689.us-east-2.elb.amazonaws.com:50051 set as 4
05:07:16,662 root INFO a86d15c50c0ef4fd889c208b91306322-1434235675.us-east-2.elb.amazonaws.com:50051 set as 5
05:07:16,752 root INFO a2db8d3e5406b4932acea5b23c9031f7-510381442.us-east-2.elb.amazonaws.com:50051 set as 7
05:07:16,792 root INFO a53fdee8cddc64425960db2cfccd9cfe-1399437765.us-east-2.elb.amazonaws.com:50051 set as 8
05:07:16,843 root INFO ac707e718b19942a9a6cae3863f20aef-1947071726.us-east-2.elb.amazonaws.com:50051 set as 9
05:07:16,848 root INFO a73d0841439be4c72a7f99c2a8ee014c-461204456.us-east-2.elb.amazonaws.com:50051 set as 6
05:07:26,382 root INFO ae183a299361f45e9ab797451bc28b45-25286836.us-east-2.elb.amazonaws.com:50051 set as 1
05:07:26,386 root INFO a0f981079a10c461ab14bc38e656a09d-1521516052.us-east-2.elb.amazonaws.com:50051 set as 0
05:07:26,467 root INFO a3a4d1acb3a35497781673ddfdec08b3-234610428.us-east-2.elb.amazonaws.com:50051 set as 2
05:07:26,572 root INFO acd0e2592e13e40fe8173b69767e38d9-304729689.us-east-2.elb.amazonaws.com:50051 set as 4
05:07:26,576 root INFO a446231dc48794ce5afb302214aa05da-1535843045.us-east-2.elb.amazonaws.com:50051 set as 3
05:07:26,658 root INFO a86d15c50c0ef4fd889c208b91306322-1434235675.us-east-2.elb.amazonaws.com:50051 set as 5
05:07:26,689 root INFO a73d0841439be4c72a7f99c2a8ee014c-461204456.us-east-2.elb.amazonaws.com:50051 set as 6
05:07:26,732 root INFO a2db8d3e5406b4932acea5b23c9031f7-510381442.us-east-2.elb.amazonaws.com:50051 set as 7
05:07:26,780 root INFO a53fdee8cddc64425960db2cfccd9cfe-1399437765.us-east-2.elb.amazonaws.com:50051 set as 8
05:07:26,829 root INFO ac707e718b19942a9a6cae3863f20aef-1947071726.us-east-2.elb.amazonaws.com:50051 set as 9
05:12:33,726 root INFO a0f981079a10c461ab14bc38e656a09d-1521516052.us-east-2.elb.amazonaws.com:50051 set as 0
05:12:33,776 root INFO ae183a299361f45e9ab797451bc28b45-25286836.us-east-2.elb.amazonaws.com:50051 set as 1
05:12:33,814 root INFO a3a4d1acb3a35497781673ddfdec08b3-234610428.us-east-2.elb.amazonaws.com:50051 set as 2
05:12:33,863 root INFO a446231dc48794ce5afb302214aa05da-1535843045.us-east-2.elb.amazonaws.com:50051 set as 3
05:12:33,893 root INFO acd0e2592e13e40fe8173b69767e38d9-304729689.us-east-2.elb.amazonaws.com:50051 set as 4
05:12:33,949 root INFO a86d15c50c0ef4fd889c208b91306322-1434235675.us-east-2.elb.amazonaws.com:50051 set as 5
05:12:33,981 root INFO a73d0841439be4c72a7f99c2a8ee014c-461204456.us-east-2.elb.amazonaws.com:50051 set as 6
05:12:34,41 root INFO a2db8d3e5406b4932acea5b23c9031f7-510381442.us-east-2.elb.amazonaws.com:50051 set as 7
05:12:34,85 root INFO a53fdee8cddc64425960db2cfccd9cfe-1399437765.us-east-2.elb.amazonaws.com:50051 set as 8
05:12:34,131 root INFO ac707e718b19942a9a6cae3863f20aef-1947071726.us-east-2.elb.amazonaws.com:50051 set as 9
05:14:35,49 root INFO ----- swarm run start -----
05:14:37,338 root INFO free workers [0, 1, 2, 3, 4, 5, 6, 7, 8, 9], task queue size 84
05:14:37,338 root INFO tasks left: 1964
05:14:44,410 root INFO free workers [9], task queue size 74
05:14:44,410 root INFO tasks left: 1964
05:14:51,426 root INFO free workers [9], task queue size 73
05:14:51,426 root INFO tasks left: 1964
05:14:57,348 root ERROR gRPC call returned with error
05:14:57,348 root ERROR gRPC call returned with error
05:14:57,349 root ERROR gRPC call returned with error
05:14:58,360 root INFO free workers [9], task queue size 72
05:14:58,360 root INFO tasks left: 1964
05:15:04,122 root ERROR gRPC call returned with error
05:15:05,641 root INFO free workers [1, 3, 4, 6, 7, 8, 9], task queue size 74
05:15:05,641 root INFO tasks left: 1960
05:15:05,720 root ERROR gRPC call returned with error
05:15:25,643 root ERROR gRPC call returned with error
