05:24:48,590 root INFO a0f981079a10c461ab14bc38e656a09d-1521516052.us-east-2.elb.amazonaws.com:50051 set as 0
05:24:48,631 root INFO ae183a299361f45e9ab797451bc28b45-25286836.us-east-2.elb.amazonaws.com:50051 set as 1
05:24:48,670 root INFO a3a4d1acb3a35497781673ddfdec08b3-234610428.us-east-2.elb.amazonaws.com:50051 set as 2
05:24:48,718 root INFO a446231dc48794ce5afb302214aa05da-1535843045.us-east-2.elb.amazonaws.com:50051 set as 3
05:24:48,767 root INFO acd0e2592e13e40fe8173b69767e38d9-304729689.us-east-2.elb.amazonaws.com:50051 set as 4
05:24:48,804 root INFO a86d15c50c0ef4fd889c208b91306322-1434235675.us-east-2.elb.amazonaws.com:50051 set as 5
05:24:48,857 root INFO a73d0841439be4c72a7f99c2a8ee014c-461204456.us-east-2.elb.amazonaws.com:50051 set as 6
05:24:48,903 root INFO a2db8d3e5406b4932acea5b23c9031f7-510381442.us-east-2.elb.amazonaws.com:50051 set as 7
05:24:48,944 root INFO a53fdee8cddc64425960db2cfccd9cfe-1399437765.us-east-2.elb.amazonaws.com:50051 set as 8
05:24:49,0 root INFO ac707e718b19942a9a6cae3863f20aef-1947071726.us-east-2.elb.amazonaws.com:50051 set as 9
05:24:54,865 root INFO ----- swarm run start -----
05:24:57,574 root INFO free workers [0, 1, 2, 3, 4, 5, 6, 7, 8, 9], task queue size 89
05:24:57,574 root INFO tasks left: 1954
05:25:04,653 root INFO free workers [], task queue size 79
05:25:04,653 root INFO tasks left: 1954
05:25:11,764 root INFO free workers [], task queue size 79
05:25:11,765 root INFO tasks left: 1954
05:25:19,62 root INFO free workers [], task queue size 79
05:25:19,62 root INFO tasks left: 1954
05:25:26,423 root INFO free workers [1, 2, 4, 5, 6, 7, 8, 9], task queue size 83
05:25:26,423 root INFO tasks left: 1947
05:25:33,493 root INFO free workers [0, 3], task queue size 77
05:25:33,493 root INFO tasks left: 1944
05:25:40,553 root INFO free workers [], task queue size 75
05:25:40,554 root INFO tasks left: 1944
05:25:47,866 root INFO free workers [7, 9], task queue size 76
05:25:47,866 root INFO tasks left: 1943
05:25:55,281 root INFO free workers [1, 2, 3, 4, 5, 6, 8], task queue size 80
05:25:55,282 root INFO tasks left: 1936
05:26:02,378 root INFO free workers [0], task queue size 75
05:26:02,378 root INFO tasks left: 1934
05:26:09,426 root INFO free workers [7], task queue size 75
05:26:09,426 root INFO tasks left: 1933
05:26:16,645 root INFO free workers [4, 6, 9], task queue size 75
05:26:16,645 root INFO tasks left: 1931
05:26:23,906 root INFO free workers [0, 2, 3, 5, 7, 8], task queue size 75
05:26:23,906 root INFO tasks left: 1925
05:26:31,111 root INFO free workers [1], task queue size 70
05:26:31,111 root INFO tasks left: 1923
05:26:38,218 root INFO free workers [4], task queue size 69
05:26:38,219 root INFO tasks left: 1922
05:26:45,667 root INFO free workers [0, 1, 3, 5, 7, 8, 9], task queue size 70
05:26:45,667 root INFO tasks left: 1917
05:26:52,804 root INFO free workers [2, 6], task queue size 66
05:26:52,804 root INFO tasks left: 1913
05:26:59,794 root INFO free workers [4], task queue size 64
05:26:59,794 root INFO tasks left: 1913
05:27:06,995 root INFO free workers [8], task queue size 63
05:27:06,995 root INFO tasks left: 1912
05:27:14,391 root INFO free workers [0, 1, 2, 3, 5, 7, 9], task queue size 68
05:27:14,391 root INFO tasks left: 1905
05:27:21,763 root INFO free workers [4, 6], task queue size 63
05:27:21,764 root INFO tasks left: 1902
05:27:28,988 root INFO free workers [8], task queue size 61
05:27:28,988 root INFO tasks left: 1901
05:27:36,552 root INFO free workers [2, 5], task queue size 60
05:27:36,552 root INFO tasks left: 1901
05:27:44,330 root INFO free workers [1, 4, 7], task queue size 61
05:27:44,330 root INFO tasks left: 1897
05:27:51,665 root INFO free workers [0, 3, 6, 8, 9], task queue size 63
05:27:51,665 root INFO tasks left: 1891
05:27:59,348 root INFO free workers [2, 5], task queue size 60
05:27:59,348 root INFO tasks left: 1889
05:28:07,140 root INFO free workers [1, 7], task queue size 59
05:28:07,141 root INFO tasks left: 1887
05:28:14,504 root INFO free workers [4, 8], task queue size 59
05:28:14,505 root INFO tasks left: 1885
05:28:22,91 root INFO free workers [0, 3, 5, 6, 9], task queue size 59
05:28:22,91 root INFO tasks left: 1883
05:28:29,952 root INFO free workers [2, 4, 8], task queue size 58
05:28:29,953 root INFO tasks left: 1877
05:28:37,610 root INFO free workers [1], task queue size 56
05:28:37,610 root INFO tasks left: 1876
05:28:45,217 root INFO free workers [5, 6, 7], task queue size 57
05:28:45,217 root INFO tasks left: 1873
05:28:53,18 root INFO free workers [0, 2, 3, 4, 8, 9], task queue size 58
05:28:53,18 root INFO tasks left: 1869
05:29:00,484 root INFO free workers [1], task queue size 53
05:29:00,484 root INFO tasks left: 1866
05:29:08,253 root INFO free workers [5, 6, 7], task queue size 54
05:29:08,253 root INFO tasks left: 1864
05:29:15,940 root INFO free workers [2, 4, 8, 9], task queue size 55
05:29:15,940 root INFO tasks left: 1860
05:29:23,473 root INFO free workers [0, 3, 6], task queue size 54
05:29:23,473 root INFO tasks left: 1856
05:29:31,189 root INFO free workers [5, 7], task queue size 52
05:29:31,189 root INFO tasks left: 1854
05:29:39,185 root INFO free workers [1, 2, 4, 6, 8, 9], task queue size 55
05:29:39,185 root INFO tasks left: 1849
05:29:46,695 root INFO free workers [], task queue size 50
05:29:46,695 root INFO tasks left: 1848
05:29:54,648 root INFO free workers [0, 2, 3, 4, 5, 7], task queue size 54
05:29:54,649 root INFO tasks left: 1843
05:30:02,299 root INFO free workers [6, 8], task queue size 51
05:30:02,300 root INFO tasks left: 1840
05:30:10,17 root INFO free workers [1, 5, 7, 9], task queue size 52
05:30:10,17 root INFO tasks left: 1837
05:30:17,976 root INFO free workers [2, 3, 4], task queue size 52
05:30:17,976 root INFO tasks left: 1833
05:30:25,853 root INFO free workers [0, 6, 7, 8], task queue size 52
05:30:25,853 root INFO tasks left: 1830
05:30:34,58 root INFO free workers [1, 2, 5, 9], task queue size 53
05:30:34,58 root INFO tasks left: 1825
05:30:42,230 root INFO free workers [3, 4, 6, 7, 8], task queue size 53
05:30:42,231 root INFO tasks left: 1821
05:30:50,61 root INFO free workers [0], task queue size 50
05:30:50,62 root INFO tasks left: 1819
05:30:58,411 root INFO free workers [1, 2, 5, 6, 9], task queue size 51
05:30:58,411 root INFO tasks left: 1816
05:31:06,460 root INFO free workers [0, 3, 4, 7, 8], task queue size 51
05:31:06,460 root INFO tasks left: 1811
05:31:14,594 root INFO free workers [9], task queue size 48
05:31:14,595 root INFO tasks left: 1809
05:31:22,284 root INFO free workers [2, 5], task queue size 49
05:31:22,284 root INFO tasks left: 1807
05:31:30,190 root INFO free workers [0, 1, 3, 4, 6, 8], task queue size 53
05:31:30,190 root INFO tasks left: 1801
05:31:38,556 root INFO free workers [5, 7, 9], task queue size 48
05:31:38,556 root INFO tasks left: 1798
05:31:46,309 root INFO free workers [1, 2, 8], task queue size 48
05:31:46,309 root INFO tasks left: 1795
05:31:54,600 root INFO free workers [0, 3, 4, 6, 9], task queue size 50
05:31:54,600 root INFO tasks left: 1790
05:32:02,555 root INFO free workers [5, 7, 8], task queue size 47
05:32:02,556 root INFO tasks left: 1786
05:32:10,317 root INFO free workers [1, 2], task queue size 46
05:32:10,318 root INFO tasks left: 1784
05:32:18,411 root INFO free workers [4], task queue size 44
05:32:18,411 root INFO tasks left: 1783
05:32:26,695 root INFO free workers [0, 1, 3, 5, 6, 7, 8, 9], task queue size 47
05:32:26,695 root INFO tasks left: 1776
05:32:34,917 root INFO free workers [2], task queue size 40
05:32:34,917 root INFO tasks left: 1774
05:32:42,766 root INFO free workers [], task queue size 39
05:32:42,766 root INFO tasks left: 1774
05:32:51,93 root INFO free workers [1, 2, 4, 5, 7, 8, 9], task queue size 43
05:32:51,93 root INFO tasks left: 1769
05:32:59,547 root INFO free workers [3, 6], task queue size 40
05:32:59,547 root INFO tasks left: 1765
05:33:07,650 root INFO free workers [0, 9], task queue size 39
05:33:07,651 root INFO tasks left: 1763
05:33:15,792 root INFO free workers [2, 5, 7, 8], task queue size 39
05:33:15,793 root INFO tasks left: 1761
05:33:24,146 root INFO free workers [1, 4], task queue size 39
05:33:24,146 root INFO tasks left: 1757
05:33:32,551 root INFO free workers [0, 6, 7, 9], task queue size 39
05:33:32,551 root INFO tasks left: 1755
05:33:40,608 root INFO free workers [3, 5, 8], task queue size 39
05:33:40,608 root INFO tasks left: 1751
05:33:49,33 root INFO free workers [1, 2, 4], task queue size 40
05:33:49,33 root INFO tasks left: 1747
05:33:57,573 root INFO free workers [0, 5, 7], task queue size 40
05:33:57,573 root INFO tasks left: 1744
05:34:06,213 root INFO free workers [6, 8, 9], task queue size 40
05:34:06,213 root INFO tasks left: 1741
05:34:14,425 root INFO free workers [1, 2, 3], task queue size 40
05:34:14,425 root INFO tasks left: 1738
05:34:22,996 root INFO free workers [0, 4, 5, 7, 8], task queue size 41
05:34:22,996 root INFO tasks left: 1733
05:34:31,353 root INFO free workers [1, 2, 6, 9], task queue size 39
05:34:31,353 root INFO tasks left: 1730
05:34:39,673 root INFO free workers [3, 5, 7, 8], task queue size 37
05:34:39,673 root INFO tasks left: 1727
05:34:48,3 root INFO free workers [0, 4], task queue size 37
05:34:48,3 root INFO tasks left: 1723
05:34:56,166 root INFO free workers [1, 2, 6, 7, 8, 9], task queue size 39
05:34:56,166 root INFO tasks left: 1719
05:35:04,722 root INFO free workers [0, 3, 4, 5], task queue size 37
05:35:04,722 root INFO tasks left: 1714
05:35:13,87 root INFO free workers [8], task queue size 34
05:35:13,87 root INFO tasks left: 1713
05:35:21,494 root INFO free workers [1, 2, 5, 6, 7, 9], task queue size 38
05:35:21,494 root INFO tasks left: 1707
05:35:29,964 root INFO free workers [0, 3, 4, 8], task queue size 35
05:35:29,964 root INFO tasks left: 1703
05:35:38,492 root INFO free workers [2], task queue size 33
05:35:38,493 root INFO tasks left: 1701
05:35:46,860 root INFO free workers [5, 6, 7, 8, 9], task queue size 35
05:35:46,861 root INFO tasks left: 1698
05:35:55,495 root INFO free workers [0, 1, 3, 4], task queue size 36
05:35:55,495 root INFO tasks left: 1692
05:36:03,938 root INFO free workers [2, 9], task queue size 34
05:36:03,938 root INFO tasks left: 1690
05:36:12,932 root INFO free workers [5, 6, 7, 8], task queue size 35
05:36:12,932 root INFO tasks left: 1687
05:36:21,418 root INFO free workers [1, 2, 3, 4, 9], task queue size 36
05:36:21,418 root INFO tasks left: 1682
05:36:30,550 root INFO free workers [0, 6], task queue size 33
05:36:30,551 root INFO tasks left: 1680
05:36:39,33 root INFO free workers [2, 5, 7, 8, 9], task queue size 36
05:36:39,34 root INFO tasks left: 1675
05:36:47,899 root INFO free workers [1, 3, 4], task queue size 33
05:36:47,899 root INFO tasks left: 1672
05:36:56,387 root INFO free workers [0, 5, 6, 7, 9], task queue size 34
05:36:56,387 root INFO tasks left: 1668
05:37:05,216 root INFO free workers [2, 8], task queue size 32
05:37:05,216 root INFO tasks left: 1664
05:37:13,574 root INFO free workers [5, 7], task queue size 30
05:37:13,574 root INFO tasks left: 1664
05:37:22,739 root INFO free workers [1, 3, 4, 6, 9], task queue size 33
05:37:22,740 root INFO tasks left: 1659
05:37:31,836 root INFO free workers [0, 2, 5, 7, 8], task queue size 33
05:37:31,836 root INFO tasks left: 1654
05:37:40,876 root INFO free workers [], task queue size 30
05:37:40,876 root INFO tasks left: 1652
05:37:49,944 root INFO free workers [1, 4, 7, 9], task queue size 31
05:37:49,944 root INFO tasks left: 1651
05:37:58,895 root INFO free workers [0, 2, 3, 5, 6, 8], task queue size 36
05:37:58,896 root INFO tasks left: 1642
05:38:07,480 root INFO free workers [], task queue size 30
05:38:07,480 root INFO tasks left: 1642
05:38:16,134 root INFO free workers [7, 9], task queue size 31
05:38:16,134 root INFO tasks left: 1641
05:38:25,431 root INFO free workers [0, 1, 2, 3, 4, 5, 8], task queue size 34
05:38:25,431 root INFO tasks left: 1636
05:38:34,131 root INFO free workers [6, 9], task queue size 32
05:38:34,132 root INFO tasks left: 1631
05:38:43,170 root INFO free workers [7], task queue size 31
05:38:43,171 root INFO tasks left: 1630
05:38:52,344 root INFO free workers [0, 1, 2, 4, 5, 8, 9], task queue size 36
05:38:52,344 root INFO tasks left: 1624
05:39:01,420 root INFO free workers [3, 6, 7], task queue size 33
05:39:01,420 root INFO tasks left: 1620
05:39:10,521 root INFO free workers [], task queue size 30
05:39:10,522 root INFO tasks left: 1620
05:39:19,339 root INFO free workers [1, 2, 4, 5, 6, 7, 8, 9], task queue size 36
05:39:19,340 root INFO tasks left: 1614
05:39:28,370 root INFO free workers [0, 3], task queue size 32
05:39:28,370 root INFO tasks left: 1610
05:39:37,22 root INFO free workers [5], task queue size 31
05:39:37,22 root INFO tasks left: 1609
05:39:45,994 root INFO free workers [0, 1, 2, 4, 6, 7, 8, 9], task queue size 35
05:39:45,994 root INFO tasks left: 1604
05:39:55,270 root INFO free workers [3, 5], task queue size 32
05:39:55,270 root INFO tasks left: 1599
05:40:04,208 root INFO free workers [6, 8], task queue size 32
05:40:04,208 root INFO tasks left: 1597
05:40:13,243 root INFO free workers [0, 1, 2, 4, 5, 7, 9], task queue size 35
05:40:13,243 root INFO tasks left: 1592
05:40:21,822 root INFO free workers [3, 6, 8], task queue size 31
05:40:21,822 root INFO tasks left: 1589
05:40:31,37 root INFO free workers [9], task queue size 31
05:40:31,37 root INFO tasks left: 1586
05:40:39,663 root INFO free workers [0, 2, 5, 7, 8], task queue size 34
05:40:39,663 root INFO tasks left: 1582
05:40:48,465 root INFO free workers [1, 4, 6], task queue size 33
05:40:48,466 root INFO tasks left: 1578
05:40:57,441 root INFO free workers [3, 5, 7, 9], task queue size 32
05:40:57,441 root INFO tasks left: 1576
05:41:06,990 root INFO free workers [0, 2, 6, 8], task queue size 34
05:41:06,991 root INFO tasks left: 1570
05:41:15,649 root INFO free workers [4, 5], task queue size 30
05:41:15,649 root INFO tasks left: 1570
05:41:25,207 root INFO free workers [1, 3, 7, 9], task queue size 33
05:41:25,207 root INFO tasks left: 1565
05:41:34,260 root INFO free workers [0, 2, 4, 5, 6, 8], task queue size 34
05:41:34,260 root INFO tasks left: 1560
05:41:43,268 root INFO free workers [7], task queue size 31
05:41:43,269 root INFO tasks left: 1557
05:41:52,487 root INFO free workers [3, 9], task queue size 32
05:41:52,488 root INFO tasks left: 1555
05:42:01,714 root INFO free workers [0, 1, 2, 4, 5, 6, 7, 8], task queue size 37
05:42:01,714 root INFO tasks left: 1548
05:42:10,795 root INFO free workers [3, 9], task queue size 30
05:42:10,796 root INFO tasks left: 1547
05:42:20,218 root INFO free workers [], task queue size 30
05:42:20,219 root INFO tasks left: 1545
05:42:29,718 root INFO free workers [0, 1, 2, 4, 5, 6, 7, 8], task queue size 37
05:42:29,719 root INFO tasks left: 1538
05:42:39,155 root INFO free workers [3, 9], task queue size 32
05:42:39,155 root INFO tasks left: 1535
05:42:48,311 root INFO free workers [5, 6], task queue size 32
05:42:48,312 root INFO tasks left: 1533
05:42:57,544 root INFO free workers [0, 1, 2, 4, 7, 8], task queue size 36
05:42:57,545 root INFO tasks left: 1527
05:43:06,978 root INFO free workers [3, 5, 6, 9], task queue size 32
05:43:06,978 root INFO tasks left: 1525
05:43:15,997 root INFO free workers [7], task queue size 30
05:43:15,998 root INFO tasks left: 1523
05:43:25,512 root INFO free workers [0, 1, 2, 4, 5, 8, 9], task queue size 35
05:43:25,512 root INFO tasks left: 1517
05:43:35,111 root INFO free workers [3, 7], task queue size 31
05:43:35,111 root INFO tasks left: 1514
05:43:44,412 root INFO free workers [6, 8], task queue size 31
05:43:44,413 root INFO tasks left: 1512
05:43:54,89 root INFO free workers [1, 2, 3, 4, 5, 7, 9], task queue size 36
05:43:54,89 root INFO tasks left: 1505
05:44:03,471 root INFO free workers [0, 6, 8], task queue size 32
05:44:03,471 root INFO tasks left: 1502
05:44:12,359 root INFO free workers [2, 9], task queue size 31
05:44:12,359 root INFO tasks left: 1500
05:44:21,594 root INFO free workers [3, 4, 5, 6, 7, 8], task queue size 32
05:44:21,594 root INFO tasks left: 1497
05:44:31,380 root INFO free workers [0, 1, 2, 9], task queue size 33
05:44:31,380 root INFO tasks left: 1490
05:44:40,856 root INFO free workers [4, 7], task queue size 30
05:44:40,856 root INFO tasks left: 1489
05:44:50,763 root INFO free workers [2, 3, 5, 6, 8], task queue size 34
05:44:50,763 root INFO tasks left: 1483
05:45:00,162 root INFO free workers [0, 1, 9], task queue size 33
05:45:00,162 root INFO tasks left: 1479
05:45:09,422 root INFO free workers [3, 4, 6, 7], task queue size 33
05:45:09,423 root INFO tasks left: 1476
05:45:19,42 root INFO free workers [0, 1, 2, 5, 8, 9], task queue size 34
05:45:19,42 root INFO tasks left: 1471
05:45:28,523 root INFO free workers [7], task queue size 31
05:45:28,523 root INFO tasks left: 1468
05:45:37,842 root INFO free workers [3, 4, 6, 9], task queue size 33
05:45:37,843 root INFO tasks left: 1465
05:45:47,776 root INFO free workers [0, 1, 2, 5, 7, 8], task queue size 34
05:45:47,776 root INFO tasks left: 1460
05:45:57,47 root INFO free workers [4, 6], task queue size 32
05:45:57,47 root INFO tasks left: 1456
05:46:06,161 root INFO free workers [3, 9], task queue size 31
05:46:06,162 root INFO tasks left: 1455
05:46:15,808 root INFO free workers [0, 1, 2, 4, 5, 7, 8], task queue size 35
05:46:15,808 root INFO tasks left: 1449
05:46:24,920 root INFO free workers [6, 9], task queue size 32
05:46:24,920 root INFO tasks left: 1445
05:46:34,894 root INFO free workers [3], task queue size 31
05:46:34,894 root INFO tasks left: 1444
05:46:44,175 root INFO free workers [0, 1, 2, 4, 5, 7, 8, 9], task queue size 37
05:46:44,175 root INFO tasks left: 1437
05:46:53,387 root INFO free workers [3, 6], task queue size 32
05:46:53,388 root INFO tasks left: 1434
05:47:03,38 root INFO free workers [1, 5], task queue size 31
05:47:03,38 root INFO tasks left: 1433
05:47:13,20 root INFO free workers [0, 2, 3, 4, 6, 7, 8, 9], task queue size 35
05:47:13,20 root INFO tasks left: 1427
05:47:22,794 root INFO free workers [1, 5], task queue size 32
05:47:22,794 root INFO tasks left: 1422
05:47:32,164 root INFO free workers [], task queue size 30
05:47:32,164 root INFO tasks left: 1422
05:47:42,696 root INFO free workers [2, 4, 5, 6, 7, 8, 9], task queue size 36
05:47:42,696 root INFO tasks left: 1416
05:47:52,358 root INFO free workers [0, 1, 3], task queue size 33
05:47:52,358 root INFO tasks left: 1412
05:48:01,639 root INFO free workers [], task queue size 30
05:48:01,639 root INFO tasks left: 1412
05:48:11,713 root INFO free workers [2, 4, 5, 6, 7, 8], task queue size 34
05:48:11,713 root INFO tasks left: 1408
05:48:21,722 root INFO free workers [0, 1, 3, 9], task queue size 34
05:48:21,722 root INFO tasks left: 1402
05:48:32,50 root INFO free workers [], task queue size 30
05:48:32,50 root INFO tasks left: 1402
05:48:42,322 root INFO free workers [1, 2, 4, 5, 6, 7, 8], task queue size 36
05:48:42,322 root INFO tasks left: 1396
05:48:52,311 root INFO free workers [0, 3, 9], task queue size 31
05:48:52,312 root INFO tasks left: 1394
05:49:02,248 root INFO free workers [6], task queue size 30
05:49:02,248 root INFO tasks left: 1392
05:49:13,214 root INFO free workers [1, 2, 4, 5, 7, 8], task queue size 36
05:49:13,214 root INFO tasks left: 1385
05:49:22,959 root INFO free workers [0, 3, 9], task queue size 33
05:49:22,959 root INFO tasks left: 1382
05:49:32,961 root INFO free workers [6], task queue size 31
05:49:32,961 root INFO tasks left: 1381
05:49:43,313 root INFO free workers [1, 2, 3, 4, 5, 7, 8], task queue size 37
05:49:43,313 root INFO tasks left: 1374
05:49:53,478 root INFO free workers [0, 6, 9], task queue size 33
05:49:53,478 root INFO tasks left: 1371
05:50:03,608 root INFO free workers [], task queue size 30
05:50:03,608 root INFO tasks left: 1371
05:50:13,875 root INFO free workers [1, 2, 3, 4, 5, 6, 7, 8], task queue size 37
05:50:13,875 root INFO tasks left: 1364
05:50:24,47 root INFO free workers [0, 9], task queue size 32
05:50:24,48 root INFO tasks left: 1361
05:50:33,497 root INFO free workers [], task queue size 30
05:50:33,498 root INFO tasks left: 1361
05:50:43,912 root INFO free workers [1, 2, 3, 4, 5, 6, 7, 8, 9], task queue size 37
05:50:43,912 root INFO tasks left: 1354
05:50:54,196 root INFO free workers [0], task queue size 31
05:50:54,197 root INFO tasks left: 1351
05:51:03,891 root INFO free workers [], task queue size 30
05:51:03,892 root INFO tasks left: 1351
05:51:13,925 root INFO free workers [1, 2, 3, 4, 5, 6, 7, 8, 9], task queue size 37
05:51:13,925 root INFO tasks left: 1344
05:51:23,824 root INFO free workers [0], task queue size 31
05:51:23,825 root INFO tasks left: 1341
05:51:33,747 root INFO free workers [], task queue size 30
05:51:33,747 root INFO tasks left: 1341
05:51:44,118 root INFO free workers [1, 2, 3, 4, 5, 6, 7, 8, 9], task queue size 38
05:51:44,118 root INFO tasks left: 1333
05:51:54,533 root INFO free workers [0], task queue size 31
05:51:54,533 root INFO tasks left: 1331
05:52:04,511 root INFO free workers [8, 9], task queue size 31
05:52:04,511 root INFO tasks left: 1330
05:52:14,880 root INFO free workers [1, 2, 3, 4, 5, 6, 7], task queue size 36
05:52:14,881 root INFO tasks left: 1323
05:52:24,821 root INFO free workers [0, 8], task queue size 31
05:52:24,821 root INFO tasks left: 1321
05:52:34,824 root INFO free workers [3, 9], task queue size 32
05:52:34,824 root INFO tasks left: 1318
05:52:45,142 root INFO free workers [1, 2, 4, 5, 6, 7, 8], task queue size 36
05:52:45,143 root INFO tasks left: 1312
05:52:55,569 root INFO free workers [0], task queue size 31
05:52:55,569 root INFO tasks left: 1310
05:53:05,552 root INFO free workers [2, 3, 6, 8, 9], task queue size 32
05:53:05,552 root INFO tasks left: 1308
05:53:16,254 root INFO free workers [1, 4, 5, 7], task queue size 33
05:53:16,254 root INFO tasks left: 1302
05:53:26,902 root INFO free workers [0, 8], task queue size 31
05:53:26,902 root INFO tasks left: 1300
05:53:37,270 root INFO free workers [2, 3, 5, 6, 9], task queue size 34
05:53:37,270 root INFO tasks left: 1295
05:53:47,721 root INFO free workers [1, 4, 7, 8], task queue size 33
05:53:47,721 root INFO tasks left: 1291
05:53:58,809 root INFO free workers [0], task queue size 31
05:53:58,809 root INFO tasks left: 1289
05:54:08,870 root INFO free workers [2, 3, 4, 5, 6, 7, 8, 9], task queue size 37
05:54:08,871 root INFO tasks left: 1282
05:54:18,671 root INFO free workers [1], task queue size 31
05:54:18,671 root INFO tasks left: 1280
05:54:29,404 root INFO free workers [0], task queue size 31
05:54:29,405 root INFO tasks left: 1279
05:54:39,594 root INFO free workers [1, 2, 4, 5, 6, 7, 8, 9], task queue size 37
05:54:39,594 root INFO tasks left: 1272
05:54:50,42 root INFO free workers [0, 3], task queue size 32
05:54:50,42 root INFO tasks left: 1269
05:54:59,279 root INFO free workers [2, 5, 9], task queue size 31
05:54:59,280 root INFO tasks left: 1268
05:55:10,39 root INFO free workers [1, 4, 6, 7, 8], task queue size 34
05:55:10,40 root INFO tasks left: 1262
05:55:19,969 root INFO free workers [0, 3, 9], task queue size 32
05:55:19,969 root INFO tasks left: 1259
05:55:29,719 root INFO free workers [2, 5, 6, 8], task queue size 32
05:55:29,719 root INFO tasks left: 1256
05:55:39,836 root INFO free workers [0, 1, 4, 7], task queue size 34
05:55:39,836 root INFO tasks left: 1250
05:55:50,478 root INFO free workers [3, 5, 6, 9], task queue size 32
05:55:50,478 root INFO tasks left: 1248
05:56:00,991 root INFO free workers [1, 2, 7, 8], task queue size 33
05:56:00,991 root INFO tasks left: 1243
05:56:11,169 root INFO free workers [0, 4, 5, 9], task queue size 33
05:56:11,169 root INFO tasks left: 1239
05:56:21,642 root INFO free workers [3, 6, 7], task queue size 32
05:56:21,642 root INFO tasks left: 1236
05:56:32,953 root INFO free workers [1, 2, 4, 5, 8], task queue size 34
05:56:32,954 root INFO tasks left: 1230
05:56:43,541 root INFO free workers [0, 3, 6, 7, 9], task queue size 33
05:56:43,541 root INFO tasks left: 1226
05:56:54,344 root INFO free workers [], task queue size 29
05:56:54,345 root INFO tasks left: 1225
05:57:05,828 root INFO free workers [1, 2, 4, 5, 7, 8], task queue size 34
05:57:05,828 root INFO tasks left: 1220
05:57:16,485 root INFO free workers [0, 3, 6, 9], task queue size 31
05:57:16,485 root INFO tasks left: 1217
05:57:26,253 root INFO free workers [2, 4, 5, 8], task queue size 31
05:57:26,253 root INFO tasks left: 1213
05:57:37,22 root INFO free workers [1, 7], task queue size 30
05:57:37,22 root INFO tasks left: 1209
05:57:47,507 root INFO free workers [3, 4, 6, 9], task queue size 30
05:57:47,507 root INFO tasks left: 1207
05:57:58,52 root INFO free workers [0, 1, 2, 5, 7, 8], task queue size 33
05:57:58,52 root INFO tasks left: 1200
05:58:08,264 root INFO free workers [4], task queue size 28
05:58:08,265 root INFO tasks left: 1199
05:58:19,145 root INFO free workers [2, 3, 6, 9], task queue size 31
05:58:19,145 root INFO tasks left: 1195
05:58:30,94 root INFO free workers [0, 1, 5, 7, 8], task queue size 33
05:58:30,94 root INFO tasks left: 1189
05:58:40,84 root INFO free workers [2, 4], task queue size 29
05:58:40,84 root INFO tasks left: 1188
05:58:50,941 root INFO free workers [3, 6, 7, 8, 9], task queue size 31
05:58:50,942 root INFO tasks left: 1184
05:59:01,839 root INFO free workers [0, 1, 2, 4, 5], task queue size 31
05:59:01,839 root INFO tasks left: 1178
05:59:12,115 root INFO free workers [7, 8, 9], task queue size 29
05:59:12,115 root INFO tasks left: 1175
05:59:22,911 root INFO free workers [1, 3, 4, 6], task queue size 30
05:59:22,911 root INFO tasks left: 1171
05:59:34,230 root INFO free workers [0, 2, 5, 7, 8, 9], task queue size 30
05:59:34,231 root INFO tasks left: 1166
05:59:44,564 root INFO free workers [4], task queue size 27
05:59:44,564 root INFO tasks left: 1163
05:59:56,179 root INFO free workers [1, 3, 6, 7, 9], task queue size 28
05:59:56,180 root INFO tasks left: 1160
06:00:06,616 root INFO free workers [0, 2, 4, 5, 8], task queue size 29
06:00:06,617 root INFO tasks left: 1153
06:00:17,303 root INFO free workers [], task queue size 24
06:00:17,303 root INFO tasks left: 1153
06:00:28,593 root INFO free workers [1, 3, 4, 6, 7, 9], task queue size 27
06:00:28,593 root INFO tasks left: 1149
06:00:39,62 root INFO free workers [0, 2, 5, 8], task queue size 27
06:00:39,62 root INFO tasks left: 1143
06:00:50,176 root INFO free workers [7, 9], task queue size 24
06:00:50,176 root INFO tasks left: 1142
06:01:00,476 root INFO free workers [1, 3, 4, 6], task queue size 27
06:01:00,476 root INFO tasks left: 1137
06:01:11,772 root INFO free workers [0, 2, 5, 7, 8, 9], task queue size 28
06:01:11,773 root INFO tasks left: 1132
06:01:22,214 root INFO free workers [1, 4], task queue size 24
06:01:22,215 root INFO tasks left: 1130
06:01:33,152 root INFO free workers [3, 6, 7, 8, 9], task queue size 25
06:01:33,152 root INFO tasks left: 1127
06:01:43,807 root INFO free workers [0, 2, 5], task queue size 26
06:01:43,807 root INFO tasks left: 1121
06:01:54,745 root INFO free workers [1, 4, 7, 8], task queue size 27
06:01:54,745 root INFO tasks left: 1117
06:02:05,695 root INFO free workers [3, 5, 6, 9], task queue size 26
06:02:05,696 root INFO tasks left: 1114
06:02:16,556 root INFO free workers [0, 2, 8], task queue size 25
06:02:16,557 root INFO tasks left: 1111
06:02:27,765 root INFO free workers [4, 5, 7], task queue size 25
06:02:27,765 root INFO tasks left: 1108
06:02:38,259 root INFO free workers [1, 3, 6, 8, 9], task queue size 26
06:02:38,260 root INFO tasks left: 1104
06:02:48,941 root INFO free workers [0, 2, 4, 5, 7], task queue size 25
06:02:48,942 root INFO tasks left: 1100
06:03:00,328 root INFO free workers [8], task queue size 24
06:03:00,329 root INFO tasks left: 1096
06:03:11,189 root INFO free workers [1, 3, 4, 6, 7, 9], task queue size 26
06:03:11,190 root INFO tasks left: 1092
06:03:21,952 root INFO free workers [0, 2, 5, 8], task queue size 25
06:03:21,952 root INFO tasks left: 1086
06:03:32,211 root INFO free workers [9], task queue size 22
06:03:32,211 root INFO tasks left: 1085
06:03:43,422 root INFO free workers [1, 3, 4, 6, 7], task queue size 25
06:03:43,422 root INFO tasks left: 1081
06:03:54,802 root INFO free workers [0, 2, 5, 9], task queue size 25
06:03:54,802 root INFO tasks left: 1076
06:04:06,137 root INFO free workers [3, 4], task queue size 23
06:04:06,137 root INFO tasks left: 1074
06:04:17,349 root INFO free workers [1, 6, 7], task queue size 24
06:04:17,349 root INFO tasks left: 1071
06:04:28,262 root INFO free workers [0, 2, 3, 4, 5, 9], task queue size 27
06:04:28,263 root INFO tasks left: 1065
06:04:39,476 root INFO free workers [1, 6, 7], task queue size 24
06:04:39,477 root INFO tasks left: 1062
06:04:50,647 root INFO free workers [4, 5, 8], task queue size 23
06:04:50,647 root INFO tasks left: 1060
06:05:01,253 root INFO free workers [0, 2, 3, 6, 7, 9], task queue size 25
06:05:01,254 root INFO tasks left: 1055
06:05:11,426 root INFO free workers [1, 5], task queue size 21
06:05:11,426 root INFO tasks left: 1052
06:05:21,958 root INFO free workers [2, 4, 7, 8], task queue size 23
06:05:21,959 root INFO tasks left: 1048
06:05:32,594 root INFO free workers [1, 3, 5, 6, 9], task queue size 23
06:05:32,594 root INFO tasks left: 1043
06:05:43,224 root INFO free workers [0, 8], task queue size 21
06:05:43,224 root INFO tasks left: 1040
06:05:54,32 root INFO free workers [2, 3, 4, 5, 7], task queue size 23
06:05:54,33 root INFO tasks left: 1036
06:06:05,613 root INFO free workers [1, 6, 8, 9], task queue size 21
06:06:05,614 root INFO tasks left: 1033
06:06:17,872 root INFO free workers [0, 3, 4, 5, 7, 9], task queue size 22
06:06:17,872 root INFO tasks left: 1028
06:06:29,767 root INFO free workers [2, 8], task queue size 21
06:06:29,767 root INFO tasks left: 1023
06:06:40,791 root INFO free workers [1, 4, 5, 6, 7, 9], task queue size 22
06:06:40,791 root INFO tasks left: 1020
06:06:51,860 root INFO free workers [0, 3, 8], task queue size 20
06:06:51,860 root INFO tasks left: 1016
06:07:03,132 root INFO free workers [2, 5, 6, 9], task queue size 21
06:07:03,132 root INFO tasks left: 1012
06:07:14,134 root INFO free workers [0, 1, 4, 7, 8], task queue size 23
06:07:14,135 root INFO tasks left: 1005
06:07:24,681 root INFO free workers [3, 9], task queue size 19
06:07:24,681 root INFO tasks left: 1004
06:07:36,632 root INFO free workers [1, 2, 5, 6, 8], task queue size 22
06:07:36,633 root INFO tasks left: 998
06:07:47,805 root INFO free workers [0, 4, 7, 9], task queue size 20
06:07:47,806 root INFO tasks left: 995
06:07:58,851 root INFO free workers [1, 3, 6, 8], task queue size 21
06:07:58,852 root INFO tasks left: 990
06:08:10,706 root INFO free workers [2, 4, 5, 9], task queue size 20
06:08:10,706 root INFO tasks left: 987
06:08:22,200 root INFO free workers [0, 1, 3, 7, 8], task queue size 21
06:08:22,200 root INFO tasks left: 982
06:08:34,540 root INFO free workers [4, 5, 6, 9], task queue size 20
06:08:34,540 root INFO tasks left: 978
06:08:46,162 root INFO free workers [1, 2, 3, 7, 8], task queue size 22
06:08:46,162 root INFO tasks left: 972
06:08:56,813 root INFO free workers [0, 4, 5, 6, 9], task queue size 22
06:08:56,814 root INFO tasks left: 967
06:09:08,237 root INFO free workers [3, 7, 8], task queue size 18
06:09:08,237 root INFO tasks left: 966
06:09:20,552 root INFO free workers [0, 1, 2, 4, 5, 6, 9], task queue size 21
06:09:20,553 root INFO tasks left: 960
06:09:37,653 root INFO free workers [3, 7, 8], task queue size 19
06:09:37,653 root INFO tasks left: 955
06:09:49,578 root INFO free workers [1, 2, 4, 5, 9], task queue size 21
06:09:49,579 root INFO tasks left: 950
06:10:01,396 root INFO free workers [0, 3, 6, 7, 8], task queue size 22
06:10:01,397 root INFO tasks left: 944
06:10:12,607 root INFO free workers [2, 4, 5, 9], task queue size 19
06:10:12,607 root INFO tasks left: 942
06:10:22,562 root INFO free workers [1, 7, 8], task queue size 18
06:10:22,562 root INFO tasks left: 939
06:10:34,761 root INFO free workers [0, 3, 5, 6, 9], task queue size 19
06:10:34,762 root INFO tasks left: 935
06:10:45,655 root INFO free workers [1, 2, 4, 7, 8], task queue size 21
06:10:45,656 root INFO tasks left: 928
06:10:56,979 root INFO free workers [5], task queue size 18
06:10:56,979 root INFO tasks left: 926
06:11:07,45 root INFO free workers [3, 4, 6, 8, 9], task queue size 19
06:11:07,46 root INFO tasks left: 924
06:11:18,276 root INFO free workers [0, 1, 2, 7], task queue size 20
06:11:18,277 root INFO tasks left: 918
06:11:28,736 root INFO free workers [5, 8], task queue size 19
06:11:28,736 root INFO tasks left: 915
06:11:41,61 root INFO free workers [2, 3, 4, 6, 9], task queue size 22
06:11:41,62 root INFO tasks left: 910
06:11:52,710 root INFO free workers [0, 1, 5, 7, 8], task queue size 20
06:11:52,711 root INFO tasks left: 907
06:12:04,491 root INFO free workers [2, 4], task queue size 19
06:12:04,491 root INFO tasks left: 903
06:12:15,204 root INFO free workers [3, 5, 6, 7, 8, 9], task queue size 21
06:12:15,204 root INFO tasks left: 899
06:12:26,858 root INFO free workers [0, 1, 2], task queue size 19
06:12:26,859 root INFO tasks left: 895
06:12:37,678 root INFO free workers [4, 7, 8], task queue size 18
06:12:37,678 root INFO tasks left: 893
06:12:49,884 root INFO free workers [1, 2, 5, 6, 9], task queue size 20
06:12:49,884 root INFO tasks left: 886
06:13:02,67 root INFO free workers [0, 7, 8], task queue size 16
06:13:02,67 root INFO tasks left: 884
06:13:13,847 root INFO free workers [1, 4, 5, 6, 9], task queue size 18
06:13:13,848 root INFO tasks left: 879
06:13:25,296 root INFO free workers [0, 2, 7, 8], task queue size 17
06:13:25,296 root INFO tasks left: 874
06:13:36,855 root INFO free workers [4, 5, 6], task queue size 14
06:13:36,856 root INFO tasks left: 873
06:13:48,125 root INFO free workers [3, 7, 8, 9], task queue size 15
06:13:48,126 root INFO tasks left: 869
06:14:00,628 root INFO free workers [0, 1, 2, 4, 5, 6], task queue size 16
06:14:00,629 root INFO tasks left: 864
06:14:13,236 root INFO free workers [3, 7, 8, 9], task queue size 16
06:14:13,236 root INFO tasks left: 858
06:14:24,355 root INFO free workers [2, 5, 6], task queue size 15
06:14:24,355 root INFO tasks left: 855
06:14:35,529 root INFO free workers [0, 1, 3, 4, 7, 8, 9], task queue size 18
06:14:35,529 root INFO tasks left: 849
06:14:47,757 root INFO free workers [2, 5, 6], task queue size 14
06:14:47,757 root INFO tasks left: 846
06:14:58,449 root INFO free workers [4, 8], task queue size 15
06:14:58,450 root INFO tasks left: 842
06:15:10,33 root INFO free workers [0, 1, 3, 5, 6, 7, 9], task queue size 17
06:15:10,34 root INFO tasks left: 838
06:15:21,929 root INFO free workers [2, 4, 8], task queue size 16
06:15:21,929 root INFO tasks left: 832
06:15:33,878 root INFO free workers [5], task queue size 14
06:15:33,878 root INFO tasks left: 831
06:15:45,745 root INFO free workers [0, 1, 3, 4, 6, 7, 8, 9], task queue size 17
06:15:45,745 root INFO tasks left: 827
06:15:58,117 root INFO free workers [2, 5], task queue size 15
06:15:58,118 root INFO tasks left: 821
06:16:09,574 root INFO free workers [8], task queue size 14
06:16:09,574 root INFO tasks left: 820
06:16:22,771 root INFO free workers [0, 1, 2, 3, 4, 5, 6, 7, 8, 9], task queue size 17
06:16:22,771 root INFO tasks left: 816
06:16:34,414 root INFO free workers [], task queue size 12
06:16:34,415 root INFO tasks left: 810
06:16:46,609 root INFO free workers [8], task queue size 12
06:16:46,609 root INFO tasks left: 810
06:16:58,124 root INFO free workers [0, 1, 2, 3, 4, 5, 6, 7, 9], task queue size 18
06:16:58,125 root INFO tasks left: 803
06:17:09,298 root INFO free workers [8], task queue size 13
06:17:09,298 root INFO tasks left: 799
06:17:22,173 root INFO free workers [2, 5, 7], task queue size 13
06:17:22,174 root INFO tasks left: 798
06:17:35,17 root INFO free workers [0, 1, 3, 4, 6, 8, 9], task queue size 19
06:17:35,17 root INFO tasks left: 789
06:17:47,696 root INFO free workers [5, 7], task queue size 13
06:17:47,697 root INFO tasks left: 788
06:17:59,451 root INFO free workers [1, 2, 4, 8], task queue size 14
06:17:59,452 root INFO tasks left: 785
06:18:10,994 root INFO free workers [0, 3, 5, 6, 7, 9], task queue size 17
06:18:10,995 root INFO tasks left: 778
06:18:22,766 root INFO free workers [2, 8], task queue size 13
06:18:22,766 root INFO tasks left: 776
06:18:34,958 root INFO free workers [1, 4, 5, 7, 9], task queue size 16
06:18:34,958 root INFO tasks left: 771
06:18:46,702 root INFO free workers [0, 2, 3, 6, 8], task queue size 17
06:18:46,702 root INFO tasks left: 765
06:18:58,765 root INFO free workers [4, 5, 7, 9], task queue size 15
06:18:58,765 root INFO tasks left: 762
06:19:12,46 root INFO free workers [1, 2, 6, 8], task queue size 14
06:19:12,46 root INFO tasks left: 759
06:19:24,417 root INFO free workers [0, 3, 4, 5, 7, 9], task queue size 16
06:19:24,418 root INFO tasks left: 753
06:19:37,100 root INFO free workers [1, 2, 6, 8], task queue size 16
06:19:37,100 root INFO tasks left: 747
06:19:49,853 root INFO free workers [3, 4, 5, 7, 9], task queue size 13
06:19:49,853 root INFO tasks left: 746
06:20:02,771 root INFO free workers [0, 1, 2, 6, 8], task queue size 15
06:20:02,772 root INFO tasks left: 739
06:20:15,962 root INFO free workers [3, 4, 5, 9], task queue size 13
06:20:15,962 root INFO tasks left: 736
06:20:28,240 root INFO free workers [1, 2, 6, 7, 8], task queue size 15
06:20:28,241 root INFO tasks left: 730
06:20:41,173 root INFO free workers [0, 3, 4, 5, 9], task queue size 14
06:20:41,173 root INFO tasks left: 726
06:20:53,172 root INFO free workers [1, 2, 6, 8], task queue size 14
06:20:53,172 root INFO tasks left: 721
06:21:06,520 root INFO free workers [5, 7, 9], task queue size 14
06:21:06,520 root INFO tasks left: 717
06:21:19,206 root INFO free workers [0, 1, 2, 3, 4, 6, 8], task queue size 17
06:21:19,206 root INFO tasks left: 711
06:21:31,936 root INFO free workers [5, 7, 9], task queue size 13
06:21:31,937 root INFO tasks left: 707
06:21:44,352 root INFO free workers [1, 3, 6, 8], task queue size 12
06:21:44,353 root INFO tasks left: 705
06:21:57,945 root INFO free workers [0, 2, 4, 5, 7, 9], task queue size 17
06:21:57,946 root INFO tasks left: 696
06:22:10,659 root INFO free workers [1, 6, 8], task queue size 14
06:22:10,660 root INFO tasks left: 693
06:22:22,310 root INFO free workers [2, 3, 5, 7, 9], task queue size 12
06:22:22,311 root INFO tasks left: 692
06:22:35,793 root INFO free workers [0, 1, 4, 6, 8], task queue size 15
06:22:35,793 root INFO tasks left: 684
06:22:48,233 root INFO free workers [2, 3, 5, 7, 9], task queue size 13
06:22:48,233 root INFO tasks left: 681
06:23:01,391 root INFO free workers [4, 8], task queue size 12
06:23:01,392 root INFO tasks left: 677
06:23:13,126 root INFO free workers [0, 1, 2, 3, 5, 6, 7, 9], task queue size 15
06:23:13,126 root INFO tasks left: 672
06:23:25,792 root INFO free workers [4, 8], task queue size 12
06:23:25,792 root INFO tasks left: 667
06:23:38,435 root INFO free workers [1, 2, 5, 7], task queue size 13
06:23:38,435 root INFO tasks left: 664
06:23:51,547 root INFO free workers [0, 3, 4, 6, 8, 9], task queue size 14
06:23:51,547 root INFO tasks left: 659
06:24:04,136 root INFO free workers [1, 2, 5, 7], task queue size 11
06:24:04,136 root INFO tasks left: 656
06:24:16,584 root INFO free workers [6], task queue size 11
06:24:16,585 root INFO tasks left: 652
06:24:28,820 root INFO free workers [4, 8], task queue size 11
06:24:28,820 root INFO tasks left: 651
06:24:40,686 root INFO free workers [0, 3, 6, 9], task queue size 12
06:24:40,686 root INFO tasks left: 647
06:24:52,882 root INFO free workers [4, 8], task queue size 10
06:24:52,882 root INFO tasks left: 645
06:25:04,821 root INFO free workers [1, 2, 5, 7], task queue size 8
06:25:04,821 root INFO tasks left: 645
06:25:16,943 root INFO free workers [0, 3, 6, 8, 9], task queue size 10
06:25:16,943 root INFO tasks left: 639
06:25:29,539 root INFO free workers [4], task queue size 10
06:25:29,540 root INFO tasks left: 634
06:25:40,510 root INFO free workers [7], task queue size 10
06:25:40,511 root INFO tasks left: 633
06:25:53,157 root INFO free workers [1, 2, 5], task queue size 12
06:25:53,157 root INFO tasks left: 630
06:26:06,218 root INFO free workers [4, 8], task queue size 11
06:26:06,218 root INFO tasks left: 628
06:26:18,632 root INFO free workers [0, 1, 6, 7, 9], task queue size 12
06:26:18,632 root INFO tasks left: 625
06:26:32,486 root INFO free workers [2, 3, 4, 5, 8], task queue size 11
06:26:32,486 root INFO tasks left: 621
06:26:44,599 root INFO free workers [], task queue size 10
06:26:44,600 root INFO tasks left: 617
06:26:55,932 root INFO free workers [7], task queue size 10
06:26:55,933 root INFO tasks left: 617
06:27:09,209 root INFO free workers [0, 1, 3, 6, 9], task queue size 12
06:27:09,209 root INFO tasks left: 613
06:27:21,896 root INFO free workers [2, 4, 5, 7, 8], task queue size 11
06:27:21,896 root INFO tasks left: 609
06:27:35,349 root INFO free workers [], task queue size 9
06:27:35,350 root INFO tasks left: 606
06:27:48,62 root INFO free workers [1, 9], task queue size 9
06:27:48,63 root INFO tasks left: 606
06:27:59,811 root INFO free workers [0, 3, 5, 6, 7, 8], task queue size 13
06:27:59,811 root INFO tasks left: 600
06:28:12,867 root INFO free workers [2, 4, 9], task queue size 8
06:28:12,868 root INFO tasks left: 599
06:28:26,395 root INFO free workers [1], task queue size 9
06:28:26,396 root INFO tasks left: 595
06:28:40,246 root INFO free workers [5, 6, 7, 8], task queue size 8
06:28:40,247 root INFO tasks left: 595
06:28:51,979 root INFO free workers [0, 2, 3, 4], task queue size 8
06:28:51,979 root INFO tasks left: 591
06:29:03,776 root INFO free workers [1, 9], task queue size 7
06:29:03,777 root INFO tasks left: 586
06:29:16,108 root INFO free workers [5, 6, 7, 8], task queue size 7
06:29:16,108 root INFO tasks left: 584
06:29:28,729 root INFO free workers [], task queue size 5
06:29:28,729 root INFO tasks left: 582
06:29:42,117 root INFO free workers [1, 2, 4, 9], task queue size 7
06:29:42,117 root INFO tasks left: 580
06:29:54,672 root INFO free workers [0, 3, 5, 6, 7, 8], task queue size 5
06:29:54,673 root INFO tasks left: 578
06:30:07,806 root INFO free workers [0], task queue size 5
06:30:07,806 root INFO tasks left: 573
06:30:21,72 root INFO free workers [1, 4, 9], task queue size 6
06:30:21,72 root INFO tasks left: 571
06:30:32,994 root INFO free workers [2], task queue size 8
06:30:32,995 root INFO tasks left: 566
06:30:44,673 root INFO free workers [0, 3, 5, 6, 7, 8], task queue size 8
06:30:44,673 root INFO tasks left: 565
06:30:57,733 root INFO free workers [9], task queue size 3
06:30:57,733 root INFO tasks left: 564
06:31:10,526 root INFO free workers [1, 2, 4], task queue size 4
06:31:10,526 root INFO tasks left: 562
06:31:23,723 root INFO free workers [5, 7, 8], task queue size 5
06:31:23,723 root INFO tasks left: 558
06:31:35,234 root INFO free workers [0, 3, 6], task queue size 6
06:31:35,235 root INFO tasks left: 554
06:31:48,747 root INFO free workers [2, 4], task queue size 4
06:31:48,747 root INFO tasks left: 553
06:32:01,254 root INFO free workers [1, 8, 9], task queue size 6
06:32:01,254 root INFO tasks left: 549
06:32:14,386 root INFO free workers [5, 6, 7], task queue size 6
06:32:14,386 root INFO tasks left: 546
06:32:27,321 root INFO free workers [0, 2, 3, 4, 8], task queue size 3
06:32:27,321 root INFO tasks left: 546
06:32:40,639 root INFO free workers [0, 1, 2], task queue size 6
06:32:40,639 root INFO tasks left: 540
06:32:52,482 root INFO free workers [5, 6, 7, 9], task queue size 3
06:32:52,483 root INFO tasks left: 540
06:33:05,212 root INFO free workers [4, 5, 8], task queue size 3
06:33:05,212 root INFO tasks left: 537
06:33:18,465 root INFO free workers [3], task queue size 6
06:33:18,466 root INFO tasks left: 531
06:33:31,811 root INFO free workers [1, 2, 6, 7, 9], task queue size 7
06:33:31,811 root INFO tasks left: 529
06:33:43,726 root INFO free workers [0, 3], task queue size 5
06:33:43,727 root INFO tasks left: 526
06:33:57,34 root INFO free workers [4, 5, 8], task queue size 4
06:33:57,34 root INFO tasks left: 525
06:34:08,542 root INFO free workers [], task queue size 6
06:34:08,543 root INFO tasks left: 520
06:34:21,823 root INFO free workers [0, 2, 3, 7, 9], task queue size 7
06:34:21,823 root INFO tasks left: 519
06:34:33,74 root INFO free workers [1, 6], task queue size 8
06:34:33,74 root INFO tasks left: 513
06:34:43,978 root INFO free workers [4, 5, 8], task queue size 6
06:34:43,979 root INFO tasks left: 513
06:34:57,179 root INFO free workers [], task queue size 5
06:34:57,180 root INFO tasks left: 511
06:35:10,368 root INFO free workers [1, 6, 7], task queue size 7
06:35:10,369 root INFO tasks left: 509
06:35:23,148 root INFO free workers [0, 2, 3, 4, 5, 8, 9], task queue size 7
06:35:23,149 root INFO tasks left: 506
06:35:36,106 root INFO free workers [1], task queue size 6
06:35:36,106 root INFO tasks left: 500
06:35:47,380 root INFO free workers [6, 7], task queue size 5
06:35:47,380 root INFO tasks left: 500
06:36:00,847 root INFO free workers [], task queue size 6
06:36:00,847 root INFO tasks left: 497
06:36:13,567 root INFO free workers [1, 4, 8, 9], task queue size 8
06:36:13,568 root INFO tasks left: 495
06:36:26,848 root INFO free workers [0, 2, 3, 5, 6, 7], task queue size 7
06:36:26,849 root INFO tasks left: 492
06:36:40,5 root INFO free workers [], task queue size 6
06:36:40,6 root INFO tasks left: 487
06:36:53,419 root INFO free workers [1, 4, 8, 9], task queue size 8
06:36:53,419 root INFO tasks left: 485
06:37:05,36 root INFO free workers [], task queue size 6
06:37:05,37 root INFO tasks left: 483
06:37:19,520 root INFO free workers [2, 5, 6, 7, 8], task queue size 6
06:37:19,521 root INFO tasks left: 483
06:37:31,685 root INFO free workers [0, 3, 4, 9], task queue size 6
06:37:31,686 root INFO tasks left: 478
06:37:43,988 root INFO free workers [1], task queue size 2
06:37:43,988 root INFO tasks left: 478
06:37:56,348 root INFO free workers [], task queue size 6
06:37:56,348 root INFO tasks left: 473
06:38:09,207 root INFO free workers [4, 7, 9], task queue size 8
06:38:09,207 root INFO tasks left: 471
06:38:23,387 root INFO free workers [0, 1, 2, 3, 5, 8], task queue size 9
06:38:23,388 root INFO tasks left: 467
06:38:36,422 root INFO free workers [], task queue size 6
06:38:36,423 root INFO tasks left: 464
06:38:47,869 root INFO free workers [4, 7, 9], task queue size 7
06:38:47,869 root INFO tasks left: 463
06:39:00,686 root INFO free workers [1, 3, 8, 9], task queue size 6
06:39:00,686 root INFO tasks left: 461
06:39:12,638 root INFO free workers [0, 2, 4, 5], task queue size 4
06:39:12,639 root INFO tasks left: 459
06:39:25,867 root INFO free workers [7], task queue size 7
06:39:25,868 root INFO tasks left: 452
06:39:40,603 root INFO free workers [1, 3, 8, 9], task queue size 8
06:39:40,604 root INFO tasks left: 450
06:39:53,588 root INFO free workers [7], task queue size 4
06:39:53,589 root INFO tasks left: 450
06:40:07,938 root INFO free workers [0, 2, 4, 5], task queue size 6
06:40:07,938 root INFO tasks left: 447
06:40:20,637 root INFO free workers [1, 3, 8, 9], task queue size 6
06:40:20,637 root INFO tasks left: 443
06:40:32,698 root INFO free workers [7], task queue size 2
06:40:32,698 root INFO tasks left: 443
06:40:46,621 root INFO free workers [8, 9], task queue size 4
06:40:46,621 root INFO tasks left: 440
06:40:59,859 root INFO free workers [1, 2, 3, 4, 5], task queue size 6
06:40:59,859 root INFO tasks left: 436
06:41:12,676 root INFO free workers [0], task queue size 4
06:41:12,676 root INFO tasks left: 432
06:41:25,266 root INFO free workers [7, 8], task queue size 3
06:41:25,266 root INFO tasks left: 432
06:41:38,183 root INFO free workers [9], task queue size 5
06:41:38,184 root INFO tasks left: 428
06:41:51,46 root INFO free workers [0, 2, 3, 4, 5], task queue size 6
06:41:51,46 root INFO tasks left: 426
06:42:04,516 root INFO free workers [1, 7, 8], task queue size 5
06:42:04,516 root INFO tasks left: 422
06:42:17,463 root INFO free workers [9], task queue size 4
06:42:17,463 root INFO tasks left: 420
06:42:29,827 root INFO free workers [0, 2, 3, 4, 5], task queue size 6
06:42:29,827 root INFO tasks left: 417
06:42:43,279 root INFO free workers [9], task queue size 5
06:42:43,280 root INFO tasks left: 413
06:42:57,204 root INFO free workers [8], task queue size 4
06:42:57,204 root INFO tasks left: 413
06:43:10,223 root INFO free workers [1, 7, 9], task queue size 6
06:43:10,224 root INFO tasks left: 410
06:43:21,737 root INFO free workers [2, 3, 4, 5, 8], task queue size 5
06:43:21,738 root INFO tasks left: 408
06:43:34,171 root INFO free workers [0, 9], task queue size 4
06:43:34,172 root INFO tasks left: 404
06:43:46,771 root INFO free workers [7], task queue size 4
06:43:46,771 root INFO tasks left: 402
06:44:00,148 root INFO reviving worker 6
06:44:00,274 root INFO free workers [1], task queue size 6
06:44:00,275 root INFO tasks left: 400
06:44:12,915 root INFO free workers [5, 8], task queue size 5
06:44:12,916 root INFO tasks left: 400
06:44:25,220 root INFO free workers [0, 2, 3, 4, 7, 9], task queue size 8
06:44:25,221 root INFO tasks left: 395
06:44:37,874 root INFO free workers [1], task queue size 7
06:44:37,874 root INFO tasks left: 390
06:44:51,290 root INFO free workers [5, 8], task queue size 6
06:44:51,290 root INFO tasks left: 390
06:45:03,460 root INFO free workers [2, 3, 7], task queue size 7
06:45:03,461 root INFO tasks left: 387
06:45:16,701 root INFO free workers [1, 4, 9], task queue size 7
06:45:16,702 root INFO tasks left: 384
06:45:29,296 root INFO free workers [0, 5, 8], task queue size 4
06:45:29,297 root INFO tasks left: 384
06:45:42,996 root INFO free workers [2, 9], task queue size 4
06:45:42,997 root INFO tasks left: 381
06:45:56,393 root INFO free workers [1, 3, 4, 7], task queue size 3
06:45:56,394 root INFO tasks left: 380
06:46:09,898 root INFO free workers [1, 5, 8], task queue size 3
06:46:09,898 root INFO tasks left: 377
06:46:23,573 root INFO free workers [0], task queue size 6
06:46:23,574 root INFO tasks left: 371
06:46:35,460 root INFO free workers [2, 4, 7, 9], task queue size 8
06:46:35,460 root INFO tasks left: 368
06:46:47,772 root INFO free workers [3], task queue size 5
06:46:47,772 root INFO tasks left: 367
06:47:00,514 root INFO free workers [0, 1, 5, 8], task queue size 6
06:47:00,515 root INFO tasks left: 365
06:47:14,154 root INFO free workers [4, 7, 9], task queue size 3
06:47:14,155 root INFO tasks left: 364
06:47:27,221 root INFO free workers [2], task queue size 4
06:47:27,221 root INFO tasks left: 360
06:47:40,910 root INFO free workers [3, 5, 8], task queue size 5
06:47:40,911 root INFO tasks left: 358
06:47:54,31 root INFO free workers [0, 1], task queue size 5
06:47:54,32 root INFO tasks left: 355
06:48:07,729 root INFO free workers [2, 4, 7, 9], task queue size 3
06:48:07,730 root INFO tasks left: 355
06:48:21,63 root INFO free workers [2, 3, 5, 8], task queue size 3
06:48:21,63 root INFO tasks left: 352
06:48:35,175 root INFO free workers [2], task queue size 6
06:48:35,176 root INFO tasks left: 346
06:48:46,592 root INFO free workers [0, 1, 4, 7, 9], task queue size 7
06:48:46,593 root INFO tasks left: 344
06:48:59,996 root INFO free workers [], task queue size 3
06:48:59,997 root INFO tasks left: 343
06:49:13,774 root INFO free workers [2, 3, 5, 8], task queue size 5
06:49:13,775 root INFO tasks left: 341
06:49:28,183 root INFO free workers [9], task queue size 2
06:49:28,184 root INFO tasks left: 340
06:49:40,390 root INFO free workers [0, 1, 4, 7], task queue size 6
06:49:40,391 root INFO tasks left: 335
06:49:54,854 root INFO free workers [2, 3, 5, 8], task queue size 3
06:49:54,855 root INFO tasks left: 334
06:50:08,465 root INFO free workers [2], task queue size 4
06:50:08,466 root INFO tasks left: 330
06:50:22,76 root INFO free workers [9], task queue size 6
06:50:22,76 root INFO tasks left: 327
06:50:36,118 root INFO free workers [0, 1, 3, 4, 5, 7, 8], task queue size 6
06:50:36,118 root INFO tasks left: 326
06:50:49,758 root INFO reviving worker 6
06:50:49,888 root INFO free workers [0, 2, 9], task queue size 8
06:50:49,888 root INFO tasks left: 319
06:51:01,792 root INFO free workers [], task queue size 5
06:51:01,793 root INFO tasks left: 319
06:51:16,289 root INFO free workers [], task queue size 6
06:51:16,289 root INFO tasks left: 318
06:51:28,13 root INFO free workers [1, 5, 7, 8, 9], task queue size 7
06:51:28,14 root INFO tasks left: 317
06:51:41,57 root INFO free workers [0, 2, 3, 4], task queue size 7
06:51:41,57 root INFO tasks left: 312
06:51:54,151 root INFO free workers [], task queue size 5
06:51:54,152 root INFO tasks left: 310
06:52:07,503 root INFO free workers [5, 7, 8, 9], task queue size 10
06:52:07,504 root INFO tasks left: 305
06:52:19,491 root INFO free workers [1], task queue size 6
06:52:19,491 root INFO tasks left: 305
06:52:33,140 root INFO free workers [0, 2, 3, 4], task queue size 5
06:52:33,140 root INFO tasks left: 305
06:52:46,784 root INFO free workers [5, 8, 9], task queue size 3
06:52:46,785 root INFO tasks left: 303
06:52:59,786 root INFO free workers [1, 7], task queue size 4
06:52:59,787 root INFO tasks left: 299
06:53:12,520 root INFO free workers [2, 4], task queue size 3
06:53:12,521 root INFO tasks left: 298
06:53:24,795 root INFO free workers [0, 3], task queue size 6
06:53:24,795 root INFO tasks left: 293
06:53:38,288 root INFO free workers [1, 5, 7, 8, 9], task queue size 4
06:53:38,288 root INFO tasks left: 293
06:53:52,381 root INFO free workers [1], task queue size 5
06:53:52,381 root INFO tasks left: 287
06:54:04,302 root INFO free workers [4], task queue size 4
06:54:04,302 root INFO tasks left: 287
06:54:18,979 root INFO free workers [0, 2, 3], task queue size 5
06:54:18,979 root INFO tasks left: 285
06:54:30,637 root INFO free workers [1, 5, 7, 8, 9], task queue size 2
06:54:30,638 root INFO tasks left: 284
06:54:45,124 root INFO free workers [1, 4, 5, 7], task queue size 4
06:54:45,125 root INFO tasks left: 280
06:54:59,637 root INFO free workers [], task queue size 5
06:54:59,638 root INFO tasks left: 275
06:55:11,766 root INFO free workers [2, 3, 8, 9], task queue size 5
06:55:11,766 root INFO tasks left: 275
06:55:24,808 root INFO free workers [0, 5], task queue size 6
06:55:24,809 root INFO tasks left: 270
06:55:38,917 root INFO free workers [1, 4, 7], task queue size 4
06:55:38,918 root INFO tasks left: 270
06:55:51,137 root INFO free workers [5], task queue size 5
06:55:51,138 root INFO tasks left: 266
06:56:05,134 root INFO free workers [0, 2, 3, 8, 9], task queue size 6
06:56:05,135 root INFO tasks left: 264
06:56:17,201 root INFO free workers [7], task queue size 1
06:56:17,202 root INFO tasks left: 264
06:56:30,791 root INFO free workers [1, 4, 5], task queue size 2
06:56:30,792 root INFO tasks left: 262
06:56:44,662 root INFO free workers [1, 8, 9], task queue size 3
06:56:44,663 root INFO tasks left: 259
06:56:57,849 root INFO free workers [0, 2, 3], task queue size 4
06:56:57,849 root INFO tasks left: 255
06:57:12,68 root INFO free workers [4, 5, 7], task queue size 3
06:57:12,69 root INFO tasks left: 253
06:57:25,252 root INFO free workers [], task queue size 3
06:57:25,252 root INFO tasks left: 249
06:57:38,379 root INFO reviving worker 6
06:57:38,504 root INFO free workers [0, 1, 3, 8, 9], task queue size 7
06:57:38,504 root INFO tasks left: 246
06:57:52,150 root INFO free workers [2], task queue size 2
06:57:52,150 root INFO tasks left: 246
06:58:05,379 root INFO free workers [4, 5, 7], task queue size 5
06:58:05,380 root INFO tasks left: 242
06:58:18,400 root INFO free workers [], task queue size 3
06:58:18,400 root INFO tasks left: 241
06:58:32,433 root INFO free workers [1, 2, 8, 9], task queue size 4
06:58:32,433 root INFO tasks left: 240
06:58:45,341 root INFO free workers [0, 3, 4, 5, 7], task queue size 1
06:58:45,341 root INFO tasks left: 239
06:58:57,259 root INFO free workers [0, 3, 4, 5], task queue size 6
06:58:57,260 root INFO tasks left: 233
06:59:09,257 root INFO free workers [], task queue size 3
06:59:09,258 root INFO tasks left: 232
06:59:23,319 root INFO free workers [1, 2, 8, 9], task queue size 6
06:59:23,320 root INFO tasks left: 229
06:59:36,309 root INFO free workers [0, 3, 4, 5, 7], task queue size 4
06:59:36,309 root INFO tasks left: 227
06:59:50,24 root INFO free workers [0], task queue size 1
06:59:50,24 root INFO tasks left: 226
07:00:03,969 root INFO free workers [], task queue size 4
07:00:03,970 root INFO tasks left: 222
07:00:17,85 root INFO free workers [2, 3, 8, 9], task queue size 6
07:00:17,86 root INFO tasks left: 220
07:00:29,334 root INFO free workers [1, 4, 5, 7], task queue size 3
07:00:29,334 root INFO tasks left: 219
07:00:42,660 root INFO free workers [0, 1], task queue size 3
07:00:42,661 root INFO tasks left: 216
07:00:55,706 root INFO free workers [8, 9], task queue size 4
07:00:55,707 root INFO tasks left: 213
07:01:09,990 root INFO free workers [2, 3], task queue size 5
07:01:09,991 root INFO tasks left: 210
07:01:23,970 root INFO free workers [0, 1, 4, 5, 7], task queue size 6
07:01:23,971 root INFO tasks left: 207
07:01:38,226 root INFO free workers [], task queue size 3
07:01:38,227 root INFO tasks left: 205
07:01:50,324 root INFO free workers [2, 3, 8, 9], task queue size 6
07:01:50,324 root INFO tasks left: 202
07:02:03,471 root INFO free workers [], task queue size 2
07:02:03,471 root INFO tasks left: 202
07:02:16,249 root INFO free workers [0, 5], task queue size 4
07:02:16,249 root INFO tasks left: 200
07:02:31,392 root INFO free workers [1, 7], task queue size 5
07:02:31,393 root INFO tasks left: 197
07:02:44,412 root INFO free workers [2, 3, 4, 8, 9], task queue size 5
07:02:44,412 root INFO tasks left: 195
07:02:57,918 root INFO free workers [0, 5], task queue size 6
07:02:57,918 root INFO tasks left: 189
07:03:10,940 root INFO free workers [], task queue size 5
07:03:10,940 root INFO tasks left: 188
07:03:23,952 root INFO free workers [1, 7], task queue size 6
07:03:23,953 root INFO tasks left: 187
07:03:37,315 root INFO free workers [4, 5, 8, 9], task queue size 5
07:03:37,315 root INFO tasks left: 186
07:03:51,700 root INFO free workers [0, 2, 3, 7], task queue size 4
07:03:51,701 root INFO tasks left: 183
07:04:07,232 root INFO free workers [1], task queue size 13
07:04:07,233 root INFO tasks left: 183
07:04:22,810 root INFO free workers [9], task queue size 18
07:04:22,811 root INFO tasks left: 177
07:04:35,544 root INFO reviving worker 6
07:04:35,668 root INFO free workers [0, 2, 3, 4, 5, 7, 8], task queue size 20
07:04:35,668 root INFO tasks left: 175
07:04:48,641 root INFO free workers [], task queue size 13
07:04:48,641 root INFO tasks left: 175
07:05:02,161 root INFO free workers [1], task queue size 19
07:05:02,161 root INFO tasks left: 169
07:05:16,226 root INFO free workers [], task queue size 18
07:05:16,226 root INFO tasks left: 169
07:05:30,267 root INFO free workers [3, 4, 8], task queue size 20
07:05:30,268 root INFO tasks left: 167
07:05:45,363 root INFO free workers [0, 1, 2, 5, 7], task queue size 20
07:05:45,364 root INFO tasks left: 162
07:05:59,220 root INFO free workers [], task queue size 16
07:05:59,220 root INFO tasks left: 161
07:06:13,564 root INFO free workers [3, 4, 8], task queue size 16
07:06:13,564 root INFO tasks left: 161
07:06:27,977 root INFO free workers [0, 2, 5, 7], task queue size 18
07:06:27,978 root INFO tasks left: 156
07:06:41,563 root INFO free workers [1], task queue size 17
07:06:41,563 root INFO tasks left: 153
07:06:54,959 root INFO free workers [3, 4, 8], task queue size 16
07:06:54,959 root INFO tasks left: 153
07:07:08,753 root INFO free workers [0, 2, 5, 7], task queue size 16
07:07:08,754 root INFO tasks left: 150
07:07:21,580 root INFO free workers [1], task queue size 16
07:07:21,580 root INFO tasks left: 146
07:07:34,782 root INFO free workers [4, 8], task queue size 15
07:07:34,782 root INFO tasks left: 146
07:07:49,870 root INFO free workers [3], task queue size 17
07:07:49,870 root INFO tasks left: 142
07:08:02,227 root INFO free workers [0, 1, 2, 5, 7], task queue size 17
07:08:02,228 root INFO tasks left: 141
07:08:15,687 root INFO free workers [], task queue size 16
07:08:15,687 root INFO tasks left: 137
07:08:29,385 root INFO free workers [3, 4, 8], task queue size 18
07:08:29,385 root INFO tasks left: 135
07:08:43,866 root INFO free workers [2, 5, 7], task queue size 15
07:08:43,867 root INFO tasks left: 135
07:08:56,510 root INFO free workers [0, 1], task queue size 16
07:08:56,511 root INFO tasks left: 131
07:09:10,527 root INFO free workers [4], task queue size 14
07:09:10,527 root INFO tasks left: 131
07:09:22,173 root INFO free workers [0, 3, 8], task queue size 16
07:09:22,174 root INFO tasks left: 127
07:09:39,454 root INFO free workers [1, 2, 5, 7], task queue size 14
07:09:39,455 root INFO tasks left: 126
07:09:53,572 root INFO free workers [], task queue size 14
07:09:53,572 root INFO tasks left: 122
07:10:07,267 root INFO free workers [0, 3, 4, 8], task queue size 15
07:10:07,268 root INFO tasks left: 121
07:10:21,308 root INFO free workers [1, 2, 5, 7], task queue size 16
07:10:21,309 root INFO tasks left: 116
07:10:35,313 root INFO free workers [], task queue size 13
07:10:35,313 root INFO tasks left: 115
07:10:47,777 root INFO free workers [], task queue size 15
07:10:47,777 root INFO tasks left: 113
07:11:01,607 root INFO free workers [0, 3, 4, 5, 7, 8], task queue size 16
07:11:01,608 root INFO tasks left: 112
07:11:14,452 root INFO free workers [1, 2], task queue size 15
07:11:14,453 root INFO tasks left: 107
07:11:28,233 root INFO reviving worker 9
07:11:28,360 root INFO free workers [], task queue size 14
07:11:28,361 root INFO tasks left: 107
07:11:42,839 root INFO reviving worker 6
07:11:42,963 root INFO free workers [], task queue size 15
07:11:42,964 root INFO tasks left: 107
07:11:57,740 root INFO free workers [0, 1, 2, 3, 4, 5, 7, 8], task queue size 18
07:11:57,741 root INFO tasks left: 104
07:12:12,465 root INFO free workers [4, 8], task queue size 15
07:12:12,465 root INFO tasks left: 99
07:12:27,105 root INFO free workers [], task queue size 13
07:12:27,106 root INFO tasks left: 99
07:12:41,301 root INFO free workers [0, 1, 2, 5, 7], task queue size 13
07:12:41,302 root INFO tasks left: 99
07:12:55,540 root INFO free workers [3, 4, 7, 8], task queue size 13
07:12:55,540 root INFO tasks left: 94
07:13:09,235 root INFO free workers [], task queue size 10
07:13:09,235 root INFO tasks left: 92
07:13:22,895 root INFO free workers [8], task queue size 11
07:13:22,895 root INFO tasks left: 91
07:13:37,567 root INFO free workers [0, 1, 2, 5], task queue size 11
07:13:37,567 root INFO tasks left: 90
07:13:51,610 root INFO free workers [3, 4, 7, 8], task queue size 10
07:13:51,610 root INFO tasks left: 87
07:14:05,748 root INFO free workers [8], task queue size 6
07:14:05,748 root INFO tasks left: 87
07:14:18,103 root INFO free workers [7], task queue size 9
07:14:18,104 root INFO tasks left: 83
07:14:33,354 root INFO free workers [2, 3, 4, 5, 7, 8], task queue size 8
07:14:33,354 root INFO tasks left: 83
07:14:48,220 root INFO free workers [0, 1], task queue size 9
07:14:48,220 root INFO tasks left: 76
07:15:02,208 root INFO free workers [], task queue size 7
07:15:02,208 root INFO tasks left: 76
07:15:14,922 root INFO free workers [7, 8], task queue size 7
07:15:14,922 root INFO tasks left: 76
07:15:28,826 root INFO free workers [], task queue size 7
07:15:28,827 root INFO tasks left: 74
07:15:43,712 root INFO free workers [0, 1, 7, 8], task queue size 8
07:15:43,713 root INFO tasks left: 73
07:15:57,709 root INFO free workers [], task queue size 5
07:15:57,709 root INFO tasks left: 71
07:16:11,718 root INFO free workers [0, 1, 7, 8], task queue size 7
07:16:11,718 root INFO tasks left: 68
07:16:25,610 root INFO free workers [8], task queue size 4
07:16:25,611 root INFO tasks left: 67
07:16:40,540 root INFO free workers [0, 1, 7], task queue size 7
07:16:40,540 root INFO tasks left: 63
07:16:52,912 root INFO free workers [8], task queue size 5
07:16:52,912 root INFO tasks left: 62
07:17:05,12 root INFO free workers [0, 1, 7, 8], task queue size 6
07:17:05,12 root INFO using 8 to reuse state 63 in 1706
07:17:05,12 root INFO tasks left: 60
07:17:19,190 root INFO free workers [8], task queue size 4
07:17:19,190 root INFO using 8 to reuse state 63 in 1402
07:17:19,190 root INFO tasks left: 58
07:17:33,949 root INFO free workers [0, 1, 7, 8], task queue size 5
07:17:33,950 root INFO using 8 to reuse state 63 in 1708
07:17:33,950 root INFO tasks left: 56
07:17:46,340 root INFO free workers [], task queue size 4
07:17:46,340 root INFO tasks left: 53
07:17:59,836 root INFO free workers [0, 7, 8], task queue size 5
07:17:59,836 root INFO tasks left: 52
07:18:13,761 root INFO free workers [1], task queue size 5
07:18:13,762 root INFO tasks left: 49
07:18:26,830 root INFO free workers [0, 7, 8], task queue size 5
07:18:26,830 root INFO tasks left: 48
07:18:42,580 root INFO reviving worker 9
07:18:42,706 root INFO free workers [1], task queue size 5
07:18:42,706 root INFO tasks left: 46
07:18:56,962 root INFO reviving worker 6
07:18:57,87 root INFO free workers [0, 7, 8], task queue size 9
07:18:57,87 root INFO tasks left: 42
07:19:09,980 root INFO free workers [1, 7, 8], task queue size 7
07:19:09,981 root INFO tasks left: 41
07:19:22,174 root INFO free workers [0], task queue size 6
07:19:22,175 root INFO tasks left: 39
07:19:35,935 root INFO free workers [1, 7, 8], task queue size 7
07:19:35,936 root INFO tasks left: 37
07:19:47,834 root INFO free workers [0], task queue size 7
07:19:47,834 root INFO tasks left: 34
07:20:01,750 root INFO free workers [8], task queue size 6
07:20:01,750 root INFO tasks left: 34
07:20:16,10 root INFO free workers [0, 1, 7], task queue size 8
07:20:16,11 root INFO tasks left: 31
07:20:29,979 root INFO free workers [8], task queue size 6
07:20:29,979 root INFO tasks left: 30
07:20:42,117 root INFO free workers [0, 1, 7], task queue size 9
07:20:42,118 root INFO tasks left: 26
07:20:55,545 root INFO free workers [8], task queue size 7
07:20:55,546 root INFO tasks left: 25
07:21:09,389 root INFO free workers [0, 1, 7, 8], task queue size 8
07:21:09,390 root INFO tasks left: 23
07:21:23,596 root INFO free workers [], task queue size 6
07:21:23,596 root INFO tasks left: 21
07:21:37,533 root INFO reviving worker 2
07:21:37,659 root INFO reviving worker 3
07:21:37,784 root INFO reviving worker 4
07:21:37,914 root INFO reviving worker 5
07:21:38,40 root INFO free workers [0, 1, 7, 8], task queue size 12
07:21:38,40 root INFO tasks left: 19
07:21:50,928 root INFO free workers [], task queue size 10
07:21:50,929 root INFO tasks left: 17
07:22:05,897 root INFO free workers [0, 1, 7, 8], task queue size 11
07:22:05,898 root INFO tasks left: 16
07:22:21,16 root INFO free workers [], task queue size 10
07:22:21,17 root INFO tasks left: 13
07:22:36,33 root INFO free workers [0, 1, 7, 8], task queue size 13
07:22:36,34 root INFO tasks left: 10
07:22:49,341 root INFO free workers [8], task queue size 10
07:22:49,341 root INFO tasks left: 9
07:23:03,867 root INFO free workers [0, 1, 7], task queue size 11
07:23:03,868 root INFO tasks left: 7
07:23:19,101 root INFO free workers [8], task queue size 10
07:23:19,102 root INFO tasks left: 5
07:23:33,821 root INFO free workers [0, 2, 7], task queue size 12
07:23:33,821 root INFO tasks left: 2
07:23:47,73 root INFO free workers [1, 3, 4, 8], task queue size 11
07:23:47,73 root INFO tasks left: 0
07:23:52,81 root INFO Overmind run finished successfully with 627 iterations, elasped time 7137.215696573257 sec.
