03:27:58,14 root INFO a0f981079a10c461ab14bc38e656a09d-1521516052.us-east-2.elb.amazonaws.com:50051 set as 0
03:27:58,49 root INFO ae183a299361f45e9ab797451bc28b45-25286836.us-east-2.elb.amazonaws.com:50051 set as 1
03:27:58,85 root INFO a3a4d1acb3a35497781673ddfdec08b3-234610428.us-east-2.elb.amazonaws.com:50051 set as 2
03:27:58,133 root INFO a446231dc48794ce5afb302214aa05da-1535843045.us-east-2.elb.amazonaws.com:50051 set as 3
03:27:58,182 root INFO acd0e2592e13e40fe8173b69767e38d9-304729689.us-east-2.elb.amazonaws.com:50051 set as 4
03:27:58,224 root INFO a86d15c50c0ef4fd889c208b91306322-1434235675.us-east-2.elb.amazonaws.com:50051 set as 5
03:27:58,275 root INFO a73d0841439be4c72a7f99c2a8ee014c-461204456.us-east-2.elb.amazonaws.com:50051 set as 6
03:27:58,328 root INFO a2db8d3e5406b4932acea5b23c9031f7-510381442.us-east-2.elb.amazonaws.com:50051 set as 7
03:27:58,357 root INFO a53fdee8cddc64425960db2cfccd9cfe-1399437765.us-east-2.elb.amazonaws.com:50051 set as 8
03:27:58,403 root INFO ac707e718b19942a9a6cae3863f20aef-1947071726.us-east-2.elb.amazonaws.com:50051 set as 9
03:28:04,395 root INFO ----- swarm run start -----
03:28:06,462 root INFO free workers [0, 1, 2, 3, 4, 5, 6, 7, 8, 9], task queue size 100
03:28:06,462 root INFO tasks left: 8862
03:28:13,454 root INFO free workers [], task queue size 90
03:28:13,454 root INFO tasks left: 8862
03:28:20,527 root INFO free workers [], task queue size 90
03:28:20,528 root INFO tasks left: 8862
03:28:27,871 root INFO free workers [], task queue size 90
03:28:27,871 root INFO tasks left: 8862
03:28:35,153 root INFO free workers [1, 2, 4, 5, 7, 8, 9], task queue size 94
03:28:35,153 root INFO tasks left: 8858
03:28:42,342 root INFO free workers [0, 3, 6, 7], task queue size 93
03:28:42,342 root INFO tasks left: 8852
03:28:49,607 root INFO free workers [6, 7], task queue size 89
03:28:49,607 root INFO tasks left: 8852
03:28:56,863 root INFO free workers [6], task queue size 87
03:28:56,863 root INFO tasks left: 8852
03:29:04,82 root INFO free workers [1, 4, 5, 8, 9], task queue size 90
03:29:04,82 root INFO tasks left: 8848
03:29:11,771 root INFO free workers [0, 2, 7], task queue size 89
03:29:11,771 root INFO tasks left: 8844
03:29:18,875 root INFO free workers [6], task queue size 86
03:29:18,875 root INFO tasks left: 8844
03:29:25,982 root INFO free workers [4, 9], task queue size 87
03:29:25,982 root INFO tasks left: 8842
03:29:33,198 root INFO free workers [1, 5, 7, 8], task queue size 89
03:29:33,199 root INFO tasks left: 8838
03:29:40,550 root INFO free workers [0, 2], task queue size 88
03:29:40,550 root INFO tasks left: 8835
03:29:47,685 root INFO free workers [0, 4, 6], task queue size 88
03:29:47,686 root INFO tasks left: 8833
03:29:54,797 root INFO free workers [9], task queue size 86
03:29:54,797 root INFO tasks left: 8832
03:30:01,887 root INFO free workers [1, 5, 7, 8], task queue size 87
03:30:01,888 root INFO tasks left: 8830
03:30:09,319 root INFO free workers [2, 4, 7], task queue size 87
03:30:09,320 root INFO tasks left: 8826
03:30:16,577 root INFO free workers [0, 3, 6, 9], task queue size 85
03:30:16,577 root INFO tasks left: 8825
03:30:23,799 root INFO free workers [8], task queue size 85
03:30:23,799 root INFO tasks left: 8821
03:30:31,59 root INFO free workers [1, 2, 5], task queue size 87
03:30:31,60 root INFO tasks left: 8818
03:30:38,818 root INFO free workers [4, 7, 9], task queue size 86
03:30:38,818 root INFO tasks left: 8816
03:30:46,149 root INFO free workers [6], task queue size 85
03:30:46,150 root INFO tasks left: 8814
03:30:53,565 root INFO free workers [0, 3, 5, 8], task queue size 88
03:30:53,565 root INFO tasks left: 8810
03:31:01,132 root INFO free workers [1, 2, 7], task queue size 87
03:31:01,132 root INFO tasks left: 8807
03:31:08,756 root INFO free workers [4, 6, 9], task queue size 86
03:31:08,756 root INFO tasks left: 8805
03:31:16,174 root INFO free workers [], task queue size 84
03:31:16,175 root INFO tasks left: 8804
03:31:23,913 root INFO free workers [0, 3, 5, 8], task queue size 88
03:31:23,913 root INFO tasks left: 8800
03:31:31,390 root INFO free workers [1, 2, 3, 4, 7, 9], task queue size 87
03:31:31,391 root INFO tasks left: 8797
03:31:38,892 root INFO free workers [6], task queue size 84
03:31:38,892 root INFO tasks left: 8794
03:31:46,359 root INFO free workers [], task queue size 83
03:31:46,359 root INFO tasks left: 8794
03:31:53,942 root INFO free workers [0, 5, 8, 9], task queue size 86
03:31:53,942 root INFO tasks left: 8791
03:32:01,641 root INFO free workers [1, 2, 3, 4, 6, 9], task queue size 87
03:32:01,642 root INFO tasks left: 8786
03:32:09,379 root INFO free workers [7], task queue size 83
03:32:09,380 root INFO tasks left: 8784
03:32:17,29 root INFO free workers [7, 8], task queue size 83
03:32:17,30 root INFO tasks left: 8783
03:32:24,658 root INFO free workers [2, 4, 5], task queue size 84
03:32:24,658 root INFO tasks left: 8780
03:32:32,566 root INFO free workers [1, 6, 7, 9], task queue size 83
03:32:32,567 root INFO tasks left: 8778
03:32:40,273 root INFO free workers [0, 3, 8], task queue size 84
03:32:40,273 root INFO tasks left: 8773
03:32:47,670 root INFO free workers [], task queue size 81
03:32:47,670 root INFO tasks left: 8773
03:32:55,391 root INFO free workers [2, 4, 5], task queue size 84
03:32:55,391 root INFO tasks left: 8770
03:33:03,194 root INFO free workers [0, 1, 3, 5, 6, 7, 8, 9], task queue size 87
03:33:03,194 root INFO tasks left: 8764
03:33:10,650 root INFO free workers [8], task queue size 80
03:33:10,651 root INFO tasks left: 8763
03:33:18,422 root INFO free workers [4], task queue size 80
03:33:18,422 root INFO tasks left: 8762
03:33:26,32 root INFO free workers [2, 4, 5], task queue size 80
03:33:26,32 root INFO tasks left: 8761
03:33:33,744 root INFO free workers [1, 3, 7, 8, 9], task queue size 83
03:33:33,744 root INFO tasks left: 8755
03:33:41,396 root INFO free workers [0, 6, 8], task queue size 80
03:33:41,397 root INFO tasks left: 8753
03:33:48,894 root INFO free workers [4, 5], task queue size 78
03:33:48,894 root INFO tasks left: 8752
03:33:56,678 root INFO free workers [1, 2, 3], task queue size 80
03:33:56,678 root INFO tasks left: 8748
03:34:04,583 root INFO free workers [6, 7, 9], task queue size 80
03:34:04,583 root INFO tasks left: 8745
03:34:12,286 root INFO free workers [0, 4, 8], task queue size 79
03:34:12,286 root INFO tasks left: 8743
03:34:20,67 root INFO free workers [1, 2, 3, 5], task queue size 80
03:34:20,67 root INFO tasks left: 8739
03:34:28,116 root INFO free workers [8, 9], task queue size 77
03:34:28,117 root INFO tasks left: 8738
03:34:35,855 root INFO free workers [4, 6, 7], task queue size 77
03:34:35,855 root INFO tasks left: 8736
03:34:44,192 root INFO free workers [0, 1, 2, 3, 5, 6], task queue size 80
03:34:44,192 root INFO tasks left: 8730
03:34:52,284 root INFO free workers [8, 9], task queue size 78
03:34:52,284 root INFO tasks left: 8726
03:35:00,172 root INFO free workers [7], task queue size 77
03:35:00,173 root INFO tasks left: 8725
03:35:08,195 root INFO free workers [1, 4, 5, 7], task queue size 77
03:35:08,195 root INFO tasks left: 8724
03:35:18,883 root INFO free workers [0, 2, 3, 6, 8, 9], task queue size 80
03:35:18,883 root INFO tasks left: 8717
03:35:26,869 root INFO free workers [], task queue size 75
03:35:26,869 root INFO tasks left: 8716
03:35:34,832 root INFO free workers [4, 5, 7], task queue size 77
03:35:34,832 root INFO tasks left: 8714
03:35:42,982 root INFO free workers [1, 9], task queue size 77
03:35:42,983 root INFO tasks left: 8711
03:35:50,912 root INFO free workers [0, 2, 3, 6, 8], task queue size 80
03:35:50,913 root INFO tasks left: 8706
03:35:58,983 root INFO free workers [5, 7, 9], task queue size 75
03:35:58,984 root INFO tasks left: 8706
03:36:06,874 root INFO free workers [1, 4], task queue size 77
03:36:06,874 root INFO tasks left: 8701
03:36:14,687 root INFO free workers [8], task queue size 75
03:36:14,688 root INFO tasks left: 8701
03:36:23,37 root INFO free workers [2, 3, 6, 9], task queue size 78
03:36:23,37 root INFO tasks left: 8697
03:36:30,982 root INFO free workers [0, 1, 4, 5, 7], task queue size 79
03:36:30,983 root INFO tasks left: 8692
03:36:39,357 root INFO free workers [5, 8], task queue size 76
03:36:39,357 root INFO tasks left: 8690
03:36:47,232 root INFO free workers [2], task queue size 75
03:36:47,232 root INFO tasks left: 8689
03:36:55,237 root INFO free workers [3, 6, 9], task queue size 77
03:36:55,238 root INFO tasks left: 8686
03:37:03,324 root INFO free workers [0, 4, 5, 7, 8], task queue size 77
03:37:03,324 root INFO tasks left: 8683
03:37:11,395 root INFO free workers [1, 2], task queue size 76
03:37:11,396 root INFO tasks left: 8679
03:37:20,55 root INFO free workers [3, 6], task queue size 76
03:37:20,55 root INFO tasks left: 8677
03:37:27,957 root INFO free workers [0, 7, 8, 9], task queue size 76
03:37:27,957 root INFO tasks left: 8675
03:37:36,382 root INFO free workers [1, 2, 4, 5], task queue size 76
03:37:36,382 root INFO tasks left: 8671
03:37:44,425 root INFO free workers [3, 6], task queue size 76
03:37:44,426 root INFO tasks left: 8667
03:37:52,801 root INFO free workers [0, 7, 8, 9], task queue size 77
03:37:52,802 root INFO tasks left: 8664
03:38:01,168 root INFO free workers [4, 5], task queue size 75
03:38:01,168 root INFO tasks left: 8662
03:38:09,817 root INFO free workers [1, 2, 3, 6], task queue size 77
03:38:09,817 root INFO tasks left: 8658
03:38:18,280 root INFO free workers [4, 7, 8], task queue size 74
03:38:18,280 root INFO tasks left: 8657
03:38:27,372 root INFO free workers [0, 5, 7, 9], task queue size 77
03:38:27,372 root INFO tasks left: 8651
03:38:35,477 root INFO free workers [1, 2, 3, 6, 7, 9], task queue size 75
03:38:35,478 root INFO tasks left: 8648
03:38:43,490 root INFO free workers [4, 8], task queue size 72
03:38:43,490 root INFO tasks left: 8645
03:38:51,750 root INFO free workers [4, 5], task queue size 70
03:38:51,750 root INFO tasks left: 8645
03:38:59,809 root INFO free workers [0, 2, 7], task queue size 70
03:38:59,809 root INFO tasks left: 8643
03:39:08,373 root INFO free workers [1, 3, 6, 8, 9], task queue size 73
03:39:08,373 root INFO tasks left: 8637
03:39:16,561 root INFO free workers [5], task queue size 70
03:39:16,561 root INFO tasks left: 8635
03:39:24,870 root INFO free workers [4, 5, 7], task queue size 70
03:39:24,870 root INFO tasks left: 8634
03:39:33,117 root INFO free workers [0, 1, 2, 4, 5, 8, 9], task queue size 71
03:39:33,118 root INFO tasks left: 8629
03:39:41,778 root INFO free workers [3, 6], task queue size 67
03:39:41,779 root INFO tasks left: 8626
03:39:50,135 root INFO free workers [7], task queue size 66
03:39:50,135 root INFO tasks left: 8625
03:39:58,553 root INFO free workers [4, 9], task queue size 66
03:39:58,553 root INFO tasks left: 8624
03:40:07,308 root INFO free workers [0, 1, 2, 3, 4, 5, 6, 7, 8], task queue size 71
03:40:07,308 root INFO tasks left: 8617
03:40:15,670 root INFO free workers [7], task queue size 64
03:40:15,670 root INFO tasks left: 8615
03:40:24,466 root INFO free workers [9], task queue size 63
03:40:24,466 root INFO tasks left: 8615
03:40:32,715 root INFO free workers [4], task queue size 63
03:40:32,715 root INFO tasks left: 8614
03:40:41,241 root INFO free workers [0, 1, 2, 5, 6, 7, 8], task queue size 70
03:40:41,241 root INFO tasks left: 8606
03:40:49,606 root INFO free workers [3, 7, 9], task queue size 65
03:40:49,606 root INFO tasks left: 8604
03:40:58,379 root INFO free workers [4, 9], task queue size 63
03:40:58,380 root INFO tasks left: 8603
03:41:06,790 root INFO free workers [1, 6, 8], task queue size 62
03:41:06,790 root INFO tasks left: 8602
03:41:15,654 root INFO free workers [0, 2, 3, 5, 7], task queue size 66
03:41:15,654 root INFO tasks left: 8595
03:41:24,67 root INFO free workers [4], task queue size 62
03:41:24,68 root INFO tasks left: 8594
03:41:32,819 root INFO free workers [1, 6, 8, 9], task queue size 64
03:41:32,819 root INFO tasks left: 8591
03:41:41,393 root INFO free workers [2, 3, 4, 5, 7], task queue size 64
03:41:41,394 root INFO tasks left: 8587
03:41:49,895 root INFO free workers [0], task queue size 62
03:41:49,895 root INFO tasks left: 8584
03:41:58,287 root INFO free workers [1, 6, 8, 9], task queue size 63
03:41:58,288 root INFO tasks left: 8582
03:42:07,219 root INFO free workers [2, 3, 4, 7, 8, 9], task queue size 63
03:42:07,219 root INFO tasks left: 8578
03:42:15,727 root INFO free workers [0, 5], task queue size 61
03:42:15,727 root INFO tasks left: 8574
03:42:24,472 root INFO free workers [1, 6, 9], task queue size 61
03:42:24,472 root INFO tasks left: 8572
03:42:33,225 root INFO free workers [3, 4, 7, 8], task queue size 62
03:42:33,225 root INFO tasks left: 8568
03:42:42,438 root INFO free workers [0, 2, 5], task queue size 62
03:42:42,438 root INFO tasks left: 8564
03:42:51,35 root INFO free workers [1, 6, 9], task queue size 62
03:42:51,35 root INFO tasks left: 8561
03:42:59,647 root INFO free workers [3, 4, 6, 8], task queue size 62
03:42:59,647 root INFO tasks left: 8558
03:43:08,664 root INFO free workers [1, 2, 3, 5, 7], task queue size 61
03:43:08,664 root INFO tasks left: 8555
03:43:17,416 root INFO free workers [0, 9], task queue size 59
03:43:17,416 root INFO tasks left: 8552
03:43:26,376 root INFO free workers [4, 6, 8, 9], task queue size 60
03:43:26,376 root INFO tasks left: 8549
03:43:35,193 root INFO free workers [1, 2, 3, 4, 5, 7], task queue size 61
03:43:35,193 root INFO tasks left: 8544
03:43:43,842 root INFO free workers [0], task queue size 56
03:43:43,842 root INFO tasks left: 8543
03:43:52,395 root INFO free workers [8, 9], task queue size 57
03:43:52,396 root INFO tasks left: 8541
03:44:01,128 root INFO free workers [3, 5, 6], task queue size 56
03:44:01,128 root INFO tasks left: 8540
03:44:09,971 root INFO free workers [0, 1, 2, 4, 7, 8, 9], task queue size 60
03:44:09,971 root INFO tasks left: 8533
03:44:18,745 root INFO free workers [4, 6, 8, 9], task queue size 55
03:44:18,745 root INFO tasks left: 8531
03:44:27,357 root INFO free workers [3, 5, 7], task queue size 53
03:44:27,357 root INFO tasks left: 8529
03:44:36,729 root INFO free workers [0, 2], task queue size 54
03:44:36,729 root INFO tasks left: 8525
03:44:45,946 root INFO free workers [1, 4, 8, 9], task queue size 55
03:44:45,946 root INFO tasks left: 8522
03:44:54,941 root INFO free workers [3, 5, 6, 7], task queue size 56
03:44:54,941 root INFO tasks left: 8517
03:45:03,955 root INFO free workers [2, 4], task queue size 52
03:45:03,955 root INFO tasks left: 8516
03:45:12,664 root INFO free workers [0, 1, 8], task queue size 54
03:45:12,664 root INFO tasks left: 8512
03:45:22,82 root INFO free workers [1, 3, 5, 6, 7, 9], task queue size 55
03:45:22,82 root INFO tasks left: 8508
03:45:31,109 root INFO free workers [2, 4, 8], task queue size 52
03:45:31,109 root INFO tasks left: 8505
03:45:40,183 root INFO free workers [2, 4], task queue size 50
03:45:40,183 root INFO tasks left: 8504
03:45:49,254 root INFO free workers [0, 1, 4, 5, 7, 9], task queue size 52
03:45:49,255 root INFO tasks left: 8500
03:45:58,481 root INFO free workers [3, 6, 8], task queue size 50
03:45:58,481 root INFO tasks left: 8496
03:46:07,823 root INFO free workers [2], task queue size 48
03:46:07,823 root INFO tasks left: 8495
03:46:16,479 root INFO free workers [1, 5, 7, 9], task queue size 49
03:46:16,479 root INFO tasks left: 8493
03:46:25,866 root INFO free workers [0, 4, 5, 6, 8], task queue size 51
03:46:25,866 root INFO tasks left: 8487
03:46:35,258 root INFO free workers [0, 2, 3], task queue size 48
03:46:35,258 root INFO tasks left: 8485
03:46:44,59 root INFO free workers [7, 9], task queue size 47
03:46:44,60 root INFO tasks left: 8483
03:46:53,346 root INFO free workers [1, 4, 5, 8], task queue size 48
03:46:53,346 root INFO tasks left: 8480
03:47:02,234 root INFO free workers [2, 3, 6], task queue size 48
03:47:02,235 root INFO tasks left: 8476
03:47:11,311 root INFO free workers [0, 7, 8, 9], task queue size 48
03:47:11,311 root INFO tasks left: 8473
03:47:20,453 root INFO free workers [5], task queue size 46
03:47:20,453 root INFO tasks left: 8471
03:47:29,595 root INFO free workers [1, 2, 3, 4, 7, 9], task queue size 48
03:47:29,595 root INFO tasks left: 8468
03:47:38,249 root INFO free workers [6, 8], task queue size 47
03:47:38,249 root INFO tasks left: 8463
03:47:47,50 root INFO free workers [0, 5], task queue size 47
03:47:47,50 root INFO tasks left: 8461
03:47:56,411 root INFO free workers [2, 3, 4, 7, 9], task queue size 48
03:47:56,411 root INFO tasks left: 8458
03:48:05,780 root INFO free workers [0, 1, 2, 3, 8], task queue size 47
03:48:05,780 root INFO tasks left: 8454
03:48:15,3 root INFO free workers [5, 6], task queue size 45
03:48:15,4 root INFO tasks left: 8451
03:48:24,614 root INFO free workers [6, 7, 8, 9], task queue size 44
03:48:24,614 root INFO tasks left: 8450
03:48:34,24 root INFO free workers [0, 1, 2, 3, 4], task queue size 47
03:48:34,25 root INFO tasks left: 8443
03:48:43,54 root INFO free workers [3, 5, 9], task queue size 43
03:48:43,54 root INFO tasks left: 8442
03:48:52,552 root INFO free workers [6, 7, 8], task queue size 44
03:48:52,552 root INFO tasks left: 8438
03:49:01,898 root INFO free workers [1, 2, 4], task queue size 44
03:49:01,898 root INFO tasks left: 8435
03:49:11,120 root INFO free workers [0, 5, 7, 9], task queue size 44
03:49:11,120 root INFO tasks left: 8432
03:49:20,919 root INFO free workers [3, 6, 8], task queue size 44
03:49:20,920 root INFO tasks left: 8428
03:49:30,251 root INFO free workers [1, 2, 3, 4, 5, 9], task queue size 44
03:49:30,251 root INFO tasks left: 8425
03:49:39,462 root INFO free workers [0, 7], task queue size 42
03:49:39,463 root INFO tasks left: 8421
03:49:48,368 root INFO free workers [6, 8], task queue size 42
03:49:48,368 root INFO tasks left: 8419
03:49:57,713 root INFO free workers [1, 2, 3, 4, 5, 9], task queue size 42
03:49:57,713 root INFO tasks left: 8417
03:50:07,166 root INFO free workers [0, 5, 7], task queue size 42
03:50:07,167 root INFO tasks left: 8411
03:50:16,289 root INFO free workers [6, 8], task queue size 41
03:50:16,289 root INFO tasks left: 8409
03:50:25,666 root INFO free workers [1, 2, 4, 5, 9], task queue size 41
03:50:25,666 root INFO tasks left: 8407
03:50:35,190 root INFO free workers [0, 3, 6, 7, 8], task queue size 42
03:50:35,190 root INFO tasks left: 8401
03:50:44,387 root INFO free workers [8], task queue size 39
03:50:44,387 root INFO tasks left: 8399
03:50:53,405 root INFO free workers [1, 2, 4, 5, 9], task queue size 41
03:50:53,405 root INFO tasks left: 8396
03:51:02,678 root INFO free workers [5, 7, 9], task queue size 39
03:51:02,678 root INFO tasks left: 8393
03:51:12,203 root INFO free workers [0, 3, 6, 8], task queue size 40
03:51:12,203 root INFO tasks left: 8389
03:51:21,634 root INFO free workers [1, 2, 4], task queue size 39
03:51:21,634 root INFO tasks left: 8386
03:51:31,947 root INFO free workers [5, 7, 9], task queue size 39
03:51:31,947 root INFO tasks left: 8383
03:51:41,170 root INFO free workers [0, 1, 3, 6, 7, 8], task queue size 40
03:51:41,171 root INFO tasks left: 8379
03:51:50,964 root INFO free workers [2, 4, 8], task queue size 37
03:51:50,964 root INFO tasks left: 8376
03:51:59,765 root INFO free workers [4, 5, 9], task queue size 35
03:51:59,765 root INFO tasks left: 8375
03:52:09,771 root INFO free workers [1, 3, 6, 7], task queue size 36
03:52:09,771 root INFO tasks left: 8371
03:52:18,835 root INFO free workers [0, 2, 8, 9], task queue size 35
03:52:18,835 root INFO tasks left: 8368
03:52:28,122 root INFO free workers [4, 5], task queue size 35
03:52:28,122 root INFO tasks left: 8364
03:52:38,42 root INFO free workers [1, 3, 4, 7], task queue size 36
03:52:38,42 root INFO tasks left: 8361
03:52:47,775 root INFO free workers [0, 2, 6, 8, 9], task queue size 36
03:52:47,775 root INFO tasks left: 8357
03:52:57,581 root INFO free workers [5, 7], task queue size 33
03:52:57,581 root INFO tasks left: 8355
03:53:07,133 root INFO free workers [1, 4], task queue size 34
03:53:07,134 root INFO tasks left: 8352
03:53:16,648 root INFO free workers [2, 3, 8], task queue size 35
03:53:16,649 root INFO tasks left: 8349
03:53:26,611 root INFO free workers [0, 5, 6, 7, 9], task queue size 37
03:53:26,611 root INFO tasks left: 8344
03:53:36,440 root INFO free workers [1, 2, 4], task queue size 34
03:53:36,440 root INFO tasks left: 8342
03:53:46,299 root INFO free workers [2, 3, 8], task queue size 34
03:53:46,299 root INFO tasks left: 8339
03:53:55,791 root INFO free workers [0, 4, 5, 6, 7, 8, 9], task queue size 35
03:53:55,791 root INFO tasks left: 8335
03:54:05,310 root INFO free workers [1], task queue size 31
03:54:05,310 root INFO tasks left: 8332
03:54:15,274 root INFO free workers [2, 3], task queue size 32
03:54:15,274 root INFO tasks left: 8330
03:54:25,205 root INFO free workers [1, 4, 5, 6, 7, 8, 9], task queue size 35
03:54:25,205 root INFO tasks left: 8325
03:54:34,879 root INFO free workers [0, 2, 3, 5], task queue size 31
03:54:34,880 root INFO tasks left: 8322
03:54:44,513 root INFO free workers [], task queue size 29
03:54:44,513 root INFO tasks left: 8320
03:54:54,242 root INFO free workers [4, 7, 8, 9], task queue size 31
03:54:54,243 root INFO tasks left: 8318
03:55:03,584 root INFO free workers [1, 2, 3, 5, 6], task queue size 34
03:55:03,584 root INFO tasks left: 8311
03:55:13,115 root INFO free workers [0], task queue size 30
03:55:13,116 root INFO tasks left: 8310
03:55:22,313 root INFO free workers [4, 7, 8, 9], task queue size 33
03:55:22,314 root INFO tasks left: 8306
03:55:32,304 root INFO free workers [1, 2, 3, 5, 6, 8], task queue size 33
03:55:32,304 root INFO tasks left: 8302
03:55:41,619 root INFO free workers [0], task queue size 29
03:55:41,620 root INFO tasks left: 8300
03:55:51,701 root INFO free workers [4, 7, 9], task queue size 30
03:55:51,701 root INFO tasks left: 8298
03:56:01,844 root INFO free workers [0, 1, 2, 3, 5, 8, 9], task queue size 30
03:56:01,844 root INFO tasks left: 8295
03:56:12,408 root INFO free workers [6], task queue size 28
03:56:12,408 root INFO tasks left: 8290
03:56:22,333 root INFO free workers [4, 7], task queue size 28
03:56:22,334 root INFO tasks left: 8289
03:56:32,536 root INFO free workers [1, 3, 5, 8, 9], task queue size 30
03:56:32,537 root INFO tasks left: 8285
03:56:42,586 root INFO free workers [0, 1, 2, 6], task queue size 30
03:56:42,586 root INFO tasks left: 8280
03:56:52,945 root INFO free workers [4, 7], task queue size 27
03:56:52,945 root INFO tasks left: 8279
03:57:02,338 root INFO free workers [3, 5, 8, 9], task queue size 29
03:57:02,338 root INFO tasks left: 8275
03:57:11,627 root INFO free workers [1, 2, 6, 7], task queue size 29
03:57:11,627 root INFO tasks left: 8271
03:57:21,362 root INFO free workers [0, 4], task queue size 28
03:57:21,362 root INFO tasks left: 8268
03:57:30,734 root INFO free workers [3, 5, 8, 9], task queue size 27
03:57:30,734 root INFO tasks left: 8267
03:57:40,569 root INFO free workers [1, 2, 6, 7], task queue size 30
03:57:40,569 root INFO tasks left: 8260
03:57:50,571 root INFO free workers [0, 2, 4], task queue size 28
03:57:50,571 root INFO tasks left: 8258
03:58:00,550 root INFO free workers [4, 5, 8, 9], task queue size 28
03:58:00,550 root INFO tasks left: 8255
03:58:10,579 root INFO free workers [1, 3, 6, 7], task queue size 28
03:58:10,579 root INFO tasks left: 8251
03:58:20,310 root INFO free workers [0, 2, 5, 6], task queue size 26
03:58:20,310 root INFO tasks left: 8249
03:58:30,480 root INFO free workers [4, 8, 9], task queue size 26
03:58:30,481 root INFO tasks left: 8245
03:58:40,334 root INFO free workers [1, 7], task queue size 25
03:58:40,334 root INFO tasks left: 8243
03:58:50,367 root INFO free workers [0, 1, 2, 3, 5, 6], task queue size 27
03:58:50,368 root INFO tasks left: 8239
03:59:00,379 root INFO free workers [1, 4, 8, 9], task queue size 25
03:59:00,379 root INFO tasks left: 8235
03:59:10,125 root INFO free workers [2, 5, 7], task queue size 22
03:59:10,125 root INFO tasks left: 8234
03:59:19,568 root INFO free workers [0, 3], task queue size 23
03:59:19,568 root INFO tasks left: 8230
03:59:29,643 root INFO free workers [1, 4, 6, 7, 8, 9], task queue size 26
03:59:29,643 root INFO tasks left: 8225
03:59:39,433 root INFO free workers [2, 5], task queue size 23
03:59:39,433 root INFO tasks left: 8222
03:59:48,744 root INFO free workers [0, 3, 4, 6, 8], task queue size 23
03:59:48,744 root INFO tasks left: 8220
03:59:59,246 root INFO free workers [1, 3, 7, 9], task queue size 23
03:59:59,246 root INFO tasks left: 8215
04:00:10,204 root INFO free workers [2, 5], task queue size 22
04:00:10,204 root INFO tasks left: 8212
04:00:20,858 root INFO free workers [0, 2, 4, 6, 8], task queue size 24
04:00:20,858 root INFO tasks left: 8208
04:00:31,306 root INFO free workers [1, 2, 3, 7, 9], task queue size 22
04:00:31,306 root INFO tasks left: 8205
04:00:41,320 root INFO free workers [5, 6, 8], task queue size 19
04:00:41,320 root INFO tasks left: 8203
04:00:51,692 root INFO free workers [0, 3, 4, 7, 8], task queue size 20
04:00:51,692 root INFO tasks left: 8199
04:01:01,280 root INFO free workers [1, 2, 9], task queue size 20
04:01:01,280 root INFO tasks left: 8194
04:01:11,351 root INFO free workers [5, 6], task queue size 19
04:01:11,352 root INFO tasks left: 8192
04:01:21,639 root INFO free workers [0, 2, 3, 4, 7, 8, 9], task queue size 23
04:01:21,639 root INFO tasks left: 8186
04:01:31,728 root INFO free workers [1, 5, 6], task queue size 19
04:01:31,728 root INFO tasks left: 8183
04:01:42,572 root INFO free workers [5, 8], task queue size 17
04:01:42,573 root INFO tasks left: 8182
04:01:52,940 root INFO free workers [0, 2, 3, 4, 7, 9], task queue size 21
04:01:52,941 root INFO tasks left: 8176
04:02:03,366 root INFO free workers [1, 2, 6], task queue size 18
04:02:03,366 root INFO tasks left: 8173
04:02:14,94 root INFO free workers [5, 8], task queue size 17
04:02:14,94 root INFO tasks left: 8171
04:02:23,911 root INFO free workers [0, 1, 3, 4, 7, 9], task queue size 17
04:02:23,911 root INFO tasks left: 8169
04:02:34,718 root INFO free workers [2, 5, 6, 8], task queue size 17
04:02:34,718 root INFO tasks left: 8163
04:02:47,76 root INFO free workers [7], task queue size 15
04:02:47,76 root INFO tasks left: 8161
04:02:57,808 root INFO free workers [0, 1, 4, 9], task queue size 19
04:02:57,809 root INFO tasks left: 8156
04:03:08,545 root INFO free workers [1, 2, 3, 5, 6, 7, 8], task queue size 20
04:03:08,546 root INFO tasks left: 8151
04:03:19,491 root INFO free workers [4], task queue size 15
04:03:19,491 root INFO tasks left: 8149
04:03:29,759 root INFO free workers [0, 8, 9], task queue size 16
04:03:29,759 root INFO tasks left: 8147
04:03:40,279 root INFO free workers [2, 3, 4, 5, 6, 7], task queue size 19
04:03:40,279 root INFO tasks left: 8141
04:03:49,915 root INFO free workers [1, 5, 9], task queue size 15
04:03:49,915 root INFO tasks left: 8139
04:04:00,166 root INFO free workers [8], task queue size 14
04:04:00,166 root INFO tasks left: 8137
04:04:10,488 root INFO free workers [0, 2, 4, 6, 7], task queue size 18
04:04:10,488 root INFO tasks left: 8132
04:04:21,112 root INFO free workers [1, 3, 5, 8, 9], task queue size 17
04:04:21,112 root INFO tasks left: 8128
04:04:32,501 root INFO free workers [4, 5, 7], task queue size 15
04:04:32,501 root INFO tasks left: 8125
04:04:43,107 root INFO free workers [0, 2, 6, 8], task queue size 15
04:04:43,107 root INFO tasks left: 8122
04:04:54,591 root INFO free workers [0, 1, 3, 9], task queue size 15
04:04:54,591 root INFO tasks left: 8118
04:05:06,417 root INFO free workers [1, 4, 5, 6, 7, 9], task queue size 14
04:05:06,417 root INFO tasks left: 8115
04:05:20,132 root INFO free workers [2, 8, 9], task queue size 11
04:05:20,132 root INFO tasks left: 8112
04:05:31,188 root INFO free workers [0, 3, 5, 6, 7, 9], task queue size 11
04:05:31,188 root INFO tasks left: 8109
04:05:42,640 root INFO free workers [1, 4], task queue size 9
04:05:42,641 root INFO tasks left: 8105
04:05:53,755 root INFO free workers [2, 7, 8], task queue size 9
04:05:53,755 root INFO tasks left: 8103
04:06:05,117 root INFO free workers [3, 5, 6, 9], task queue size 10
04:06:05,117 root INFO tasks left: 8099
04:06:15,995 root INFO free workers [0, 1, 3, 4, 8], task queue size 11
04:06:15,995 root INFO tasks left: 8094
04:06:28,176 root INFO free workers [0, 2, 6, 7], task queue size 8
04:06:28,176 root INFO tasks left: 8092
04:06:39,887 root INFO free workers [1, 5, 7, 8, 9], task queue size 8
04:06:39,887 root INFO tasks left: 8088
04:06:50,445 root INFO free workers [3, 4, 9], task queue size 6
04:06:50,445 root INFO tasks left: 8085
04:07:01,432 root INFO free workers [0, 2, 6, 7], task queue size 6
04:07:01,432 root INFO tasks left: 8082
04:07:12,533 root INFO free workers [1, 4, 5, 8], task queue size 7
04:07:12,533 root INFO tasks left: 8077
04:07:24,132 root INFO free workers [3, 9], task queue size 5
04:07:24,132 root INFO tasks left: 8075
04:07:35,945 root INFO free workers [0, 2, 6, 8], task queue size 6
04:07:35,945 root INFO tasks left: 8072
04:07:47,724 root INFO free workers [0, 1, 3, 4, 5, 7, 9], task queue size 9
04:07:47,724 root INFO tasks left: 8065
04:07:58,441 root INFO free workers [6], task queue size 2
04:07:58,441 root INFO tasks left: 8065
04:08:09,481 root INFO free workers [2, 8], task queue size 4
04:08:09,481 root INFO tasks left: 8062
04:08:20,516 root INFO free workers [0, 3, 4, 5, 7, 9], task queue size 7
04:08:20,517 root INFO tasks left: 8057
04:08:32,5 root INFO free workers [6], task queue size 3
04:08:32,5 root INFO tasks left: 8055
04:08:43,853 root INFO free workers [2, 8], task queue size 4
04:08:43,853 root INFO tasks left: 8053
04:08:55,273 root INFO free workers [0, 3, 4, 5, 7, 9], task queue size 7
04:08:55,273 root INFO tasks left: 8048
04:09:07,319 root INFO free workers [6, 8], task queue size 3
04:09:07,319 root INFO tasks left: 8046
04:09:18,193 root INFO free workers [1, 2, 7], task queue size 4
04:09:18,193 root INFO tasks left: 8043
04:09:29,802 root INFO free workers [0, 3, 4, 5, 8, 9], task queue size 6
04:09:29,802 root INFO tasks left: 8038
04:09:39,652 root INFO free workers [1, 2, 6], task queue size 4
04:09:39,652 root INFO tasks left: 8034
04:09:50,637 root INFO free workers [7], task queue size 3
04:09:50,637 root INFO tasks left: 8032
04:10:01,412 root INFO free workers [3, 4, 5, 8, 9], task queue size 7
04:10:01,413 root INFO tasks left: 8027
04:10:11,844 root INFO free workers [0, 1, 2, 4, 6], task queue size 6
04:10:11,844 root INFO tasks left: 8023
04:10:22,695 root INFO free workers [1, 5, 7], task queue size 2
04:10:22,695 root INFO tasks left: 8022
04:10:33,521 root INFO free workers [1, 2, 8, 9], task queue size 4
04:10:33,521 root INFO tasks left: 8018
04:10:43,795 root INFO free workers [0, 3, 4, 6], task queue size 4
04:10:43,795 root INFO tasks left: 8014
04:10:54,233 root INFO free workers [5, 6, 7], task queue size 2
04:10:54,233 root INFO tasks left: 8012
04:11:04,654 root INFO free workers [2, 5, 8, 9], task queue size 3
04:11:04,654 root INFO tasks left: 8009
04:11:15,36 root INFO free workers [0, 1, 2, 3], task queue size 3
04:11:15,36 root INFO tasks left: 8006
04:11:26,0 root INFO free workers [0, 4, 6], task queue size 2
04:11:26,0 root INFO tasks left: 8004
04:11:37,581 root INFO free workers [0, 5, 7, 8, 9], task queue size 4
04:11:37,581 root INFO tasks left: 8000
04:11:48,445 root INFO free workers [0, 2, 3], task queue size 1
04:11:48,445 root INFO tasks left: 7999
04:11:59,35 root INFO free workers [0, 1, 2, 6, 8, 9], task queue size 3
04:11:59,35 root INFO tasks left: 7996
04:12:09,923 root INFO free workers [0, 1, 2, 4, 5, 7], task queue size 4
04:12:09,924 root INFO tasks left: 7992
04:12:19,438 root INFO free workers [0, 1, 3, 6], task queue size 2
04:12:19,438 root INFO tasks left: 7990
04:12:30,146 root INFO free workers [0, 1, 8, 9], task queue size 3
04:12:30,146 root INFO tasks left: 7987
04:12:41,656 root INFO free workers [0, 2, 4, 5, 7], task queue size 3
04:12:41,656 root INFO tasks left: 7984
04:12:52,363 root INFO free workers [0, 2, 3, 6, 8, 9], task queue size 4
04:12:52,363 root INFO tasks left: 7980
04:13:03,59 root INFO free workers [0, 1, 2, 5], task queue size 2
04:13:03,60 root INFO tasks left: 7978
04:13:13,599 root INFO free workers [0, 1, 4, 7], task queue size 2
04:13:13,599 root INFO tasks left: 7976
04:13:23,858 root INFO free workers [0, 1, 3, 6, 8, 9], task queue size 5
04:13:23,858 root INFO tasks left: 7971
04:13:33,866 root INFO free workers [0, 2, 5], task queue size 2
04:13:33,866 root INFO tasks left: 7969
04:13:45,233 root INFO free workers [0, 4, 7, 8], task queue size 97
04:13:45,233 root INFO tasks left: 7969
04:13:56,432 root INFO free workers [1, 3, 6, 9], task queue size 99
04:13:56,433 root INFO tasks left: 7963
04:14:07,852 root INFO free workers [2, 5, 8], task queue size 98
04:14:07,853 root INFO tasks left: 7960
04:14:18,625 root INFO free workers [0, 4, 7], task queue size 98
04:14:18,625 root INFO tasks left: 7957
04:14:29,840 root INFO free workers [3, 6, 9], task queue size 97
04:14:29,840 root INFO tasks left: 7955
04:14:41,300 root INFO free workers [1, 2, 5, 8], task queue size 99
04:14:41,300 root INFO tasks left: 7950
04:14:52,511 root INFO free workers [0, 4, 7, 9], task queue size 98
04:14:52,512 root INFO tasks left: 7947
04:15:03,55 root INFO free workers [3, 4, 6], task queue size 97
04:15:03,55 root INFO tasks left: 7944
04:15:14,4 root INFO free workers [1, 2, 3, 5, 8], task queue size 98
04:15:14,4 root INFO using 3 to reuse state 24 in 3670
04:15:14,4 root INFO tasks left: 7940
04:15:25,503 root INFO free workers [0, 7, 8, 9], task queue size 95
04:15:25,504 root INFO using 8 to reuse state 92 in 2297
04:15:25,504 root INFO tasks left: 7938
04:15:36,450 root INFO free workers [1, 2, 4, 6], task queue size 95
04:15:36,450 root INFO tasks left: 7934
04:15:48,648 root INFO free workers [3, 5, 6, 7, 8], task queue size 94
04:15:48,648 root INFO tasks left: 7931
04:15:59,822 root INFO free workers [0, 2, 9], task queue size 92
04:15:59,823 root INFO tasks left: 7928
04:16:10,810 root INFO free workers [4, 5, 7], task queue size 91
04:16:10,810 root INFO tasks left: 7926
04:16:21,229 root INFO free workers [1, 3, 8, 9], task queue size 93
04:16:21,229 root INFO tasks left: 7921
04:16:32,281 root INFO free workers [0, 2, 4, 6], task queue size 94
04:16:32,281 root INFO tasks left: 7916
04:16:42,820 root INFO free workers [2, 5, 6, 7, 9], task queue size 92
04:16:42,821 root INFO tasks left: 7914
04:16:53,901 root INFO free workers [1, 3, 8], task queue size 91
04:16:53,901 root INFO tasks left: 7910
04:17:05,190 root INFO free workers [0, 4, 6, 7, 9], task queue size 91
04:17:05,190 root INFO tasks left: 7907
04:17:16,48 root INFO free workers [2, 5, 7], task queue size 90
04:17:16,49 root INFO tasks left: 7903
04:17:28,102 root INFO free workers [1, 2, 3, 6, 7, 8], task queue size 90
04:17:28,102 root INFO tasks left: 7900
04:17:40,65 root INFO free workers [0, 4, 5, 9], task queue size 88
04:17:40,65 root INFO tasks left: 7896
04:17:50,902 root INFO free workers [], task queue size 85
04:17:50,902 root INFO tasks left: 7895
04:18:03,172 root INFO free workers [1, 2, 3, 6, 7, 8], task queue size 91
04:18:03,173 root INFO tasks left: 7889
04:18:14,487 root INFO free workers [0, 1, 4, 5, 9], task queue size 89
04:18:14,487 root INFO tasks left: 7885
04:18:25,294 root INFO free workers [], task queue size 84
04:18:25,294 root INFO tasks left: 7885
04:18:37,361 root INFO free workers [2, 3, 6, 7, 8], task queue size 89
04:18:37,361 root INFO tasks left: 7880
04:18:49,136 root INFO free workers [0, 1, 4, 5, 7, 9], task queue size 89
04:18:49,137 root INFO tasks left: 7875
04:19:00,843 root INFO free workers [8], task queue size 83
04:19:00,844 root INFO tasks left: 7875
04:19:11,393 root INFO free workers [2, 3, 6], task queue size 86
04:19:11,393 root INFO tasks left: 7871
04:19:22,456 root INFO free workers [0, 4, 5, 7, 9], task queue size 88
04:19:22,457 root INFO tasks left: 7866
04:19:34,121 root INFO free workers [1, 5, 6, 8], task queue size 86
04:19:34,121 root INFO tasks left: 7863
04:19:45,308 root INFO free workers [2, 3, 6], task queue size 84
04:19:45,308 root INFO tasks left: 7861
04:19:56,832 root INFO free workers [0, 4, 7, 8, 9], task queue size 85
04:19:56,832 root INFO tasks left: 7857
04:20:08,203 root INFO free workers [1, 3, 5, 6], task queue size 84
04:20:08,204 root INFO tasks left: 7853
04:20:19,904 root INFO free workers [2, 4, 7, 8], task queue size 83
04:20:19,904 root INFO tasks left: 7850
04:20:31,321 root INFO free workers [5, 7, 9], task queue size 82
04:20:31,321 root INFO tasks left: 7847
04:20:43,270 root INFO free workers [0, 1, 3, 6], task queue size 84
04:20:43,271 root INFO tasks left: 7842
04:20:54,619 root INFO free workers [2, 4, 5, 7, 8, 9], task queue size 84
04:20:54,620 root INFO tasks left: 7838
04:21:06,907 root INFO free workers [5], task queue size 80
04:21:06,907 root INFO tasks left: 7836
04:21:18,529 root INFO free workers [1, 3, 6, 7, 8, 9], task queue size 83
04:21:18,530 root INFO tasks left: 7832
04:21:30,191 root INFO free workers [0, 2, 4, 5], task queue size 82
04:21:30,192 root INFO tasks left: 7827
04:21:40,175 root INFO free workers [5], task queue size 79
04:21:40,175 root INFO using 5 to reuse state 86 in 3668
04:21:40,175 root INFO tasks left: 7826
04:21:52,321 root INFO free workers [1, 2, 3, 4, 6, 7, 8, 9], task queue size 84
04:21:52,321 root INFO tasks left: 7820
04:22:03,919 root INFO free workers [0, 5], task queue size 79
04:22:03,919 root INFO tasks left: 7817
04:22:15,329 root INFO free workers [0], task queue size 78
04:22:15,329 root INFO tasks left: 7816
04:22:28,51 root INFO free workers [1, 2, 3, 4, 5, 6, 7, 8, 9], task queue size 85
04:22:28,51 root INFO tasks left: 7808
04:22:39,409 root INFO free workers [1], task queue size 77
04:22:39,409 root INFO tasks left: 7807
04:22:50,15 root INFO free workers [0], task queue size 77
04:22:50,16 root INFO tasks left: 7806
04:23:00,301 root INFO free workers [2, 3, 4, 5, 7, 8, 9], task queue size 82
04:23:00,302 root INFO tasks left: 7800
04:23:11,605 root INFO free workers [0, 1, 6], task queue size 79
04:23:11,605 root INFO tasks left: 7796
04:23:23,476 root INFO free workers [], task queue size 76
04:23:23,477 root INFO tasks left: 7796
04:23:34,547 root INFO free workers [2, 3, 4, 5, 7, 8, 9], task queue size 81
04:23:34,547 root INFO tasks left: 7791
04:23:46,41 root INFO free workers [0, 1, 6, 7], task queue size 79
04:23:46,41 root INFO tasks left: 7786
04:23:57,192 root INFO free workers [4, 6], task queue size 76
04:23:57,193 root INFO tasks left: 7785
04:24:07,962 root INFO free workers [2, 3, 5, 8, 9], task queue size 78
04:24:07,963 root INFO tasks left: 7781
04:24:19,445 root INFO free workers [0, 1, 7, 8, 9], task queue size 77
04:24:19,446 root INFO tasks left: 7777
04:24:31,411 root INFO free workers [3, 4, 6, 7], task queue size 75
04:24:31,412 root INFO tasks left: 7774
04:24:43,597 root INFO free workers [2, 5, 8, 9], task queue size 74
04:24:43,597 root INFO tasks left: 7771
04:24:55,825 root INFO free workers [0, 1, 6, 7], task queue size 74
04:24:55,825 root INFO tasks left: 7767
04:25:07,114 root INFO free workers [3, 4, 6, 9], task queue size 73
04:25:07,115 root INFO tasks left: 7764
04:25:18,320 root INFO free workers [1, 2, 5, 7, 8, 9], task queue size 74
04:25:18,321 root INFO using 9 to reuse state 65 in 2618
04:25:18,321 root INFO tasks left: 7759
04:25:29,282 root INFO free workers [0, 4, 7, 9], task queue size 71
04:25:29,282 root INFO tasks left: 7756
04:25:41,250 root INFO free workers [3, 5, 6], task queue size 69
04:25:41,250 root INFO tasks left: 7754
04:25:52,362 root INFO free workers [1, 2, 8], task queue size 70
04:25:52,363 root INFO tasks left: 7750
04:26:05,52 root INFO free workers [0, 4, 5, 6, 7, 9], task queue size 71
04:26:05,52 root INFO tasks left: 7746
04:26:16,782 root INFO free workers [1, 3], task queue size 68
04:26:16,782 root INFO tasks left: 7743
04:26:28,188 root INFO free workers [2, 8], task queue size 69
04:26:28,189 root INFO tasks left: 7740
04:26:40,250 root INFO free workers [0, 4, 5, 6, 7, 9], task queue size 73
04:26:40,251 root INFO tasks left: 7734
04:26:52,27 root INFO free workers [0, 1, 3, 4], task queue size 69
04:26:52,27 root INFO tasks left: 7732
04:27:04,263 root INFO free workers [2, 5, 7, 8, 9], task queue size 69
04:27:04,263 root INFO tasks left: 7728
04:27:14,854 root INFO free workers [6], task queue size 66
04:27:14,854 root INFO tasks left: 7726
04:27:26,367 root INFO free workers [0, 1, 3, 4, 7, 8, 9], task queue size 69
04:27:26,367 root INFO tasks left: 7722
04:27:38,318 root INFO free workers [2, 5], task queue size 67
04:27:38,318 root INFO tasks left: 7717
04:27:49,734 root INFO free workers [5, 6, 8, 9], task queue size 66
04:27:49,735 root INFO tasks left: 7716
04:28:01,94 root INFO free workers [0, 1, 2, 3, 4, 7], task queue size 69
04:28:01,95 root INFO tasks left: 7709
04:28:12,982 root INFO free workers [], task queue size 64
04:28:12,983 root INFO tasks left: 7708
04:28:23,740 root INFO free workers [5, 6, 7, 8, 9], task queue size 68
04:28:23,740 root INFO tasks left: 7704
04:28:35,141 root INFO free workers [0, 1, 2, 3, 4, 8], task queue size 69
04:28:35,141 root INFO tasks left: 7698
04:28:46,933 root INFO free workers [2, 5, 6, 7, 9], task queue size 63
04:28:46,933 root INFO tasks left: 7698
04:28:58,452 root INFO free workers [8], task queue size 62
04:28:58,453 root INFO tasks left: 7694
04:29:10,318 root INFO free workers [0, 1, 3, 4, 7], task queue size 66
04:29:10,319 root INFO tasks left: 7689
04:29:20,836 root INFO free workers [2, 5, 6, 8, 9], task queue size 66
04:29:20,836 root INFO tasks left: 7684
04:29:32,266 root INFO free workers [], task queue size 62
04:29:32,266 root INFO tasks left: 7683
04:29:43,921 root INFO free workers [0, 1, 3, 4, 7], task queue size 67
04:29:43,921 root INFO tasks left: 7678
04:29:55,817 root INFO free workers [2, 3, 5, 6, 7, 8, 9], task queue size 67
04:29:55,818 root INFO tasks left: 7673
04:30:06,504 root INFO free workers [1], task queue size 61
04:30:06,505 root INFO tasks left: 7672
04:30:18,785 root INFO free workers [0, 4, 7], task queue size 62
04:30:18,785 root INFO tasks left: 7670
04:30:31,72 root INFO free workers [1, 2, 3, 5, 6, 7, 8, 9], task queue size 67
04:30:31,72 root INFO tasks left: 7662
04:30:42,201 root INFO free workers [4, 8], task queue size 60
04:30:42,202 root INFO tasks left: 7661
04:30:54,691 root INFO free workers [0, 7], task queue size 59
04:30:54,691 root INFO tasks left: 7660
04:31:07,158 root INFO free workers [1, 2, 3, 5, 6, 8, 9], task queue size 64
04:31:07,158 root INFO tasks left: 7653
04:31:18,180 root INFO free workers [4, 5, 7], task queue size 59
04:31:18,180 root INFO tasks left: 7651
04:31:30,971 root INFO free workers [0, 6], task queue size 58
04:31:30,971 root INFO tasks left: 7649
04:31:43,331 root INFO free workers [1, 2, 3, 5, 8, 9], task queue size 62
04:31:43,331 root INFO tasks left: 7643
04:31:54,894 root INFO free workers [0, 4, 6, 7], task queue size 59
04:31:54,895 root INFO tasks left: 7640
04:32:07,431 root INFO free workers [8], task queue size 57
04:32:07,432 root INFO tasks left: 7638
04:32:18,810 root INFO free workers [1, 2, 3, 5, 7, 9], task queue size 61
04:32:18,810 root INFO tasks left: 7633
04:32:30,590 root INFO free workers [0, 3, 4, 5, 6, 8], task queue size 60
04:32:30,590 root INFO tasks left: 7628
04:32:42,221 root INFO free workers [7, 9], task queue size 55
04:32:42,221 root INFO tasks left: 7627
04:32:52,700 root INFO free workers [1, 2], task queue size 57
04:32:52,701 root INFO tasks left: 7623
04:33:04,737 root INFO free workers [0, 2, 3, 4, 5, 6, 7, 8], task queue size 59
04:33:04,737 root INFO tasks left: 7619
04:33:16,849 root INFO free workers [3, 9], task queue size 55
04:33:16,850 root INFO tasks left: 7615
04:33:28,987 root INFO free workers [1, 3, 5, 6, 8], task queue size 54
04:33:28,987 root INFO tasks left: 7614
04:33:41,362 root INFO free workers [0, 2, 4, 7, 9], task queue size 56
04:33:41,362 root INFO tasks left: 7607
04:33:52,960 root INFO free workers [9], task queue size 52
04:33:52,961 root INFO tasks left: 7606
04:34:04,475 root INFO free workers [1, 3, 5, 6, 8], task queue size 56
04:34:04,476 root INFO tasks left: 7601
04:34:15,992 root INFO free workers [0, 2, 4, 6, 7, 9], task queue size 56
04:34:15,992 root INFO tasks left: 7596
04:34:28,475 root INFO free workers [2, 8], task queue size 50
04:34:28,475 root INFO tasks left: 7596
04:34:39,613 root INFO free workers [1, 3, 4, 5, 7], task queue size 53
04:34:39,614 root INFO tasks left: 7591
04:34:52,443 root INFO free workers [0, 1, 6, 9], task queue size 52
04:34:52,444 root INFO tasks left: 7587
04:35:04,317 root INFO free workers [2, 4, 5, 8], task queue size 50
04:35:04,317 root INFO tasks left: 7585
04:35:15,359 root INFO free workers [7], task queue size 49
04:35:15,359 root INFO tasks left: 7582
04:35:31,986 root INFO free workers [0, 1, 3, 4, 6, 8, 9], task queue size 53
04:35:31,986 root INFO tasks left: 7577
04:35:45,279 root INFO free workers [2, 5, 7], task queue size 51
04:35:45,280 root INFO tasks left: 7572
04:35:57,297 root INFO free workers [8], task queue size 48
04:35:57,297 root INFO tasks left: 7572
04:36:09,678 root INFO free workers [1, 3, 4, 6, 7, 8, 9], task queue size 51
04:36:09,678 root INFO tasks left: 7568
04:36:21,736 root INFO free workers [0, 2, 5], task queue size 50
04:36:21,736 root INFO tasks left: 7562
04:36:33,741 root INFO free workers [8], task queue size 47
04:36:33,741 root INFO tasks left: 7562
04:36:45,395 root INFO free workers [1, 3, 4, 6, 7, 9], task queue size 53
04:36:45,396 root INFO tasks left: 7555
04:36:56,517 root INFO free workers [0, 2, 4, 5, 8], task queue size 50
04:36:56,517 root INFO tasks left: 7552
04:37:09,250 root INFO free workers [0, 3, 8], task queue size 46
04:37:09,250 root INFO tasks left: 7551
04:37:22,444 root INFO free workers [1, 4, 5, 6, 7, 9], task queue size 49
04:37:22,445 root INFO tasks left: 7545
04:37:33,117 root INFO free workers [1, 2, 5, 8], task queue size 46
04:37:33,118 root INFO tasks left: 7542
04:37:45,20 root INFO free workers [0, 3, 6, 9], task queue size 44
04:37:45,20 root INFO tasks left: 7540
04:37:57,987 root INFO free workers [4, 7], task queue size 44
04:37:57,987 root INFO tasks left: 7536
04:38:10,180 root INFO free workers [1, 2, 5, 8], task queue size 46
04:38:10,180 root INFO tasks left: 7532
04:38:22,745 root INFO free workers [0, 3, 6, 7, 9], task queue size 44
04:38:22,745 root INFO tasks left: 7530
04:38:35,263 root INFO free workers [1, 4, 8], task queue size 44
04:38:35,263 root INFO tasks left: 7525
04:38:46,645 root INFO free workers [2, 5, 7], task queue size 44
04:38:46,645 root INFO tasks left: 7522
04:38:59,587 root INFO free workers [0, 3, 8, 9], task queue size 44
04:38:59,588 root INFO tasks left: 7519
04:39:11,817 root INFO free workers [1, 4, 5, 6, 7], task queue size 46
04:39:11,818 root INFO tasks left: 7513
04:39:24,571 root INFO free workers [2, 7, 8, 9], task queue size 43
04:39:24,571 root INFO tasks left: 7511
04:39:37,498 root INFO free workers [2, 3, 4, 5, 7, 8], task queue size 43
04:39:37,498 root INFO tasks left: 7507
04:39:49,273 root INFO free workers [0, 1, 5, 6, 9], task queue size 41
04:39:49,274 root INFO tasks left: 7503
04:40:02,361 root INFO free workers [3], task queue size 37
04:40:02,361 root INFO tasks left: 7502
04:40:15,501 root INFO free workers [2, 4, 7, 8], task queue size 41
04:40:15,501 root INFO tasks left: 7497
04:40:27,636 root INFO free workers [0, 1, 5, 6, 8, 9], task queue size 42
04:40:27,637 root INFO tasks left: 7492
04:40:38,675 root INFO free workers [0, 3, 4, 7], task queue size 39
04:40:38,675 root INFO tasks left: 7489
04:40:49,826 root INFO free workers [2, 6], task queue size 37
04:40:49,826 root INFO tasks left: 7487
04:41:02,915 root INFO free workers [1, 3, 4, 5, 7, 8, 9], task queue size 39
04:41:02,915 root INFO tasks left: 7483
04:41:15,223 root INFO free workers [0], task queue size 36
04:41:15,223 root INFO tasks left: 7479
04:41:27,35 root INFO free workers [2, 6, 9], task queue size 37
04:41:27,36 root INFO tasks left: 7477
04:41:39,574 root INFO free workers [1, 3, 4, 5, 7, 8], task queue size 41
04:41:39,575 root INFO tasks left: 7470
04:41:51,204 root INFO free workers [0], task queue size 36
04:41:51,205 root INFO tasks left: 7469
04:42:04,563 root INFO free workers [2, 6, 7, 8, 9], task queue size 38
04:42:04,564 root INFO tasks left: 7466
04:42:16,891 root INFO free workers [0, 1, 2, 3, 4, 5], task queue size 39
04:42:16,891 root INFO tasks left: 7460
04:42:30,418 root INFO free workers [4, 7, 8, 9], task queue size 34
04:42:30,419 root INFO tasks left: 7459
04:42:43,553 root INFO free workers [1, 5, 6], task queue size 34
04:42:43,553 root INFO tasks left: 7455
04:42:56,466 root INFO free workers [0, 2, 3, 6, 7, 8, 9], task queue size 36
04:42:56,466 root INFO tasks left: 7450
04:43:07,391 root INFO free workers [4, 5], task queue size 33
04:43:07,391 root INFO tasks left: 7446
04:43:19,956 root INFO free workers [1, 5], task queue size 33
04:43:19,957 root INFO tasks left: 7444
04:43:32,470 root INFO free workers [0, 2, 3, 4, 5, 6, 7, 8, 9], task queue size 36
04:43:32,470 root INFO tasks left: 7439
04:43:44,333 root INFO free workers [1], task queue size 31
04:43:44,333 root INFO tasks left: 7435
04:43:57,611 root INFO free workers [7], task queue size 30
04:43:57,612 root INFO tasks left: 7435
04:44:10,93 root INFO free workers [0, 1, 2, 3, 4, 5, 6, 7, 8, 9], task queue size 37
04:44:10,94 root INFO tasks left: 7427
04:44:22,445 root INFO free workers [8], task queue size 29
04:44:22,446 root INFO tasks left: 7425
04:44:34,995 root INFO free workers [], task queue size 28
04:44:34,996 root INFO tasks left: 7425
04:44:48,788 root INFO free workers [0, 1, 2, 3, 4, 5, 6, 7, 8, 9], task queue size 36
04:44:48,789 root INFO tasks left: 7417
04:45:02,779 root INFO free workers [4], task queue size 28
04:45:02,779 root INFO tasks left: 7415
04:45:15,601 root INFO free workers [7], task queue size 27
04:45:15,602 root INFO tasks left: 7415
04:45:29,63 root INFO free workers [0, 1, 2, 3, 4, 5, 6, 8, 9], task queue size 33
04:45:29,64 root INFO tasks left: 7408
04:45:41,330 root INFO free workers [7], task queue size 27
04:45:41,331 root INFO tasks left: 7405
04:45:55,112 root INFO free workers [5], task queue size 28
04:45:55,113 root INFO tasks left: 7403
04:46:09,66 root INFO free workers [0, 1, 2, 3, 4, 6, 7, 8, 9], task queue size 34
04:46:09,66 root INFO tasks left: 7396
04:46:23,324 root INFO free workers [5, 9], task queue size 27
04:46:23,324 root INFO tasks left: 7394
04:46:37,467 root INFO free workers [5, 7, 8], task queue size 26
04:46:37,467 root INFO tasks left: 7393
04:46:50,603 root INFO free workers [0, 1, 2, 3, 4, 6, 7, 9], task queue size 31
04:46:50,603 root INFO tasks left: 7385
04:47:05,238 root INFO free workers [8], task queue size 24
04:47:05,239 root INFO tasks left: 7384
04:47:18,648 root INFO free workers [2, 5, 8], task queue size 26
04:47:18,649 root INFO tasks left: 7381
04:47:32,664 root INFO free workers [0, 1, 3, 4, 6, 7, 9], task queue size 30
04:47:32,665 root INFO tasks left: 7374
04:47:47,288 root INFO free workers [2, 4, 5, 7, 8], task queue size 24
04:47:47,288 root INFO tasks left: 7373
04:48:01,491 root INFO free workers [1, 9], task queue size 23
04:48:01,492 root INFO tasks left: 7369
04:48:15,46 root INFO free workers [0, 3, 6, 7], task queue size 24
04:48:15,47 root INFO tasks left: 7366
04:48:29,755 root INFO free workers [1, 2, 4, 5, 8, 9], task queue size 25
04:48:29,755 root INFO tasks left: 7361
04:48:43,624 root INFO free workers [6, 7, 9], task queue size 22
04:48:43,625 root INFO tasks left: 7358
04:48:57,62 root INFO free workers [0, 3, 4], task queue size 23
04:48:57,63 root INFO tasks left: 7354
04:49:10,321 root INFO free workers [1, 2, 4, 5, 7, 8], task queue size 25
04:49:10,321 root INFO tasks left: 7349
04:49:24,385 root INFO free workers [6, 7, 9], task queue size 20
04:49:24,385 root INFO tasks left: 7348
04:49:37,731 root INFO free workers [0, 3, 4, 8, 9], task queue size 20
04:49:37,732 root INFO tasks left: 7345
04:49:50,833 root INFO free workers [1, 2, 5, 6, 7, 9], task queue size 20
04:49:50,833 root INFO tasks left: 7340
04:50:03,469 root INFO free workers [4, 6, 8, 9], task queue size 16
04:50:03,469 root INFO tasks left: 7338
04:50:16,169 root INFO free workers [0, 2, 3, 7, 9], task queue size 17
04:50:16,169 root INFO tasks left: 7333
04:50:28,957 root INFO free workers [0, 1, 4, 5, 8], task queue size 15
04:50:28,957 root INFO tasks left: 7330
04:50:43,676 root INFO free workers [6, 7, 9], task queue size 13
04:50:43,676 root INFO tasks left: 7327
04:50:56,829 root INFO free workers [2, 3, 5, 8], task queue size 14
04:50:56,829 root INFO tasks left: 7323
04:51:08,370 root INFO free workers [0, 1, 4, 5, 7], task queue size 15
04:51:08,371 root INFO tasks left: 7318
04:51:20,731 root INFO free workers [2, 6, 8, 9], task queue size 13
04:51:20,731 root INFO tasks left: 7315
04:51:33,255 root INFO free workers [3, 5], task queue size 11
04:51:33,256 root INFO tasks left: 7313
04:51:47,167 root INFO free workers [0, 1, 4, 5, 7, 8, 9], task queue size 15
04:51:47,168 root INFO tasks left: 7307
04:51:58,112 root INFO free workers [2, 3, 4, 6], task queue size 12
04:51:58,113 root INFO tasks left: 7303
04:52:10,604 root INFO free workers [4], task queue size 9
04:52:10,604 root INFO tasks left: 7302
04:52:22,607 root INFO free workers [5, 7, 8, 9], task queue size 9
04:52:22,608 root INFO tasks left: 7301
04:52:35,735 root INFO free workers [0, 1], task queue size 7
04:52:35,736 root INFO tasks left: 7299
04:52:48,509 root INFO free workers [2, 3, 4, 6], task queue size 9
04:52:48,510 root INFO tasks left: 7295
04:53:02,208 root INFO free workers [7, 8, 9], task queue size 7
04:53:02,209 root INFO tasks left: 7293
04:53:16,493 root INFO free workers [1, 5, 9], task queue size 6
04:53:16,494 root INFO tasks left: 7291
04:53:28,368 root INFO free workers [0, 7], task queue size 7
04:53:28,369 root INFO tasks left: 7287
04:53:40,675 root INFO free workers [4, 7, 8], task queue size 6
04:53:40,676 root INFO tasks left: 7286
04:53:54,229 root INFO free workers [2, 3, 5, 6], task queue size 4
04:53:54,229 root INFO tasks left: 7285
04:54:07,854 root INFO free workers [0, 1, 9], task queue size 5
04:54:07,854 root INFO tasks left: 7280
04:54:21,887 root INFO free workers [4, 8], task queue size 4
04:54:21,887 root INFO tasks left: 7278
04:54:34,953 root INFO free workers [5, 6, 7, 8], task queue size 6
04:54:34,953 root INFO tasks left: 7274
04:54:46,632 root INFO free workers [2, 3, 4, 8], task queue size 7
04:54:46,633 root INFO tasks left: 7269
04:54:59,864 root INFO free workers [1, 3, 9], task queue size 3
04:54:59,865 root INFO tasks left: 7269
04:55:13,360 root INFO free workers [0, 6, 7], task queue size 4
04:55:13,361 root INFO tasks left: 7265
04:55:25,649 root INFO free workers [4], task queue size 3
04:55:25,649 root INFO tasks left: 7263
04:55:38,864 root INFO free workers [2, 5, 8], task queue size 4
04:55:38,864 root INFO tasks left: 7261
04:55:51,535 root INFO free workers [6, 7, 8], task queue size 3
04:55:51,536 root INFO tasks left: 7259
04:56:04,926 root INFO free workers [0, 1, 3, 4, 9], task queue size 2
04:56:04,926 root INFO tasks left: 7257
04:56:17,265 root INFO free workers [0, 1, 2, 3, 5], task queue size 4
04:56:17,266 root INFO tasks left: 7253
04:56:30,201 root INFO free workers [0, 2, 6, 7, 8], task queue size 2
04:56:30,201 root INFO tasks left: 7251
04:56:44,141 root INFO free workers [0, 2, 4, 5, 6, 9], task queue size 4
04:56:44,141 root INFO tasks left: 7247
04:56:57,538 root INFO free workers [0, 1, 2, 3], task queue size 3
04:56:57,539 root INFO tasks left: 7244
04:57:09,343 root INFO free workers [0, 7, 8], task queue size 2
04:57:09,343 root INFO tasks left: 7242
04:57:22,134 root INFO free workers [0, 4, 9], task queue size 1
04:57:22,135 root INFO tasks left: 7241
04:57:34,436 root INFO free workers [0, 4, 5, 6], task queue size 4
04:57:34,436 root INFO tasks left: 7237
04:57:48,359 root INFO free workers [1, 2, 3, 7, 8], task queue size 97
04:57:48,359 root INFO tasks left: 7237
04:58:00,683 root INFO free workers [], task queue size 96
04:58:00,683 root INFO tasks left: 7233
04:58:12,805 root INFO free workers [0, 4, 5, 6], task queue size 97
04:58:12,805 root INFO tasks left: 7232
04:58:26,268 root INFO free workers [7, 8, 9], task queue size 95
04:58:26,268 root INFO tasks left: 7230
04:58:39,229 root INFO free workers [1, 2, 3], task queue size 97
04:58:39,230 root INFO tasks left: 7225
04:58:52,217 root INFO free workers [], task queue size 94
04:58:52,217 root INFO tasks left: 7225
04:59:04,511 root INFO free workers [0, 4, 5, 6], task queue size 97
04:59:04,512 root INFO tasks left: 7222
04:59:16,190 root INFO free workers [7, 8, 9], task queue size 93
04:59:16,191 root INFO tasks left: 7222
04:59:29,735 root INFO free workers [1, 2, 3], task queue size 92
04:59:29,735 root INFO tasks left: 7220
04:59:42,614 root INFO free workers [3, 4, 5], task queue size 89
04:59:42,615 root INFO using 3 to reuse state 94 in 862
04:59:42,615 root INFO tasks left: 7220
04:59:54,907 root INFO free workers [0, 6], task queue size 92
04:59:54,908 root INFO tasks left: 7214
05:00:07,634 root INFO free workers [1, 7, 8, 9], task queue size 91
05:00:07,635 root INFO tasks left: 7213
05:00:20,967 root INFO free workers [2], task queue size 90
05:00:20,968 root INFO tasks left: 7210
05:00:34,534 root INFO free workers [4, 5, 6], task queue size 91
05:00:34,534 root INFO tasks left: 7208
05:00:47,665 root INFO free workers [0, 3, 6], task queue size 92
05:00:47,666 root INFO tasks left: 7204
05:01:01,301 root INFO free workers [2, 8], task queue size 90
05:01:01,302 root INFO tasks left: 7203
05:01:13,511 root INFO free workers [1, 4, 5], task queue size 92
05:01:13,511 root INFO tasks left: 7199
05:01:26,442 root INFO free workers [], task queue size 92
05:01:26,443 root INFO tasks left: 7196
05:01:37,966 root INFO free workers [0], task queue size 93
05:01:37,966 root INFO tasks left: 7195
05:01:51,141 root INFO free workers [3, 6], task queue size 94
05:01:51,141 root INFO tasks left: 7193
05:02:04,80 root INFO free workers [0, 1, 2, 5], task queue size 95
05:02:04,80 root INFO tasks left: 7190
05:02:17,538 root INFO free workers [3, 4], task queue size 93
05:02:17,538 root INFO tasks left: 7188
05:02:31,783 root INFO free workers [1, 2, 3, 5, 6], task queue size 95
05:02:31,784 root INFO tasks left: 7184
05:02:44,913 root INFO free workers [0, 4], task queue size 92
05:02:44,913 root INFO tasks left: 7182
05:02:58,614 root INFO free workers [1, 5, 6], task queue size 91
05:02:58,615 root INFO tasks left: 7181
05:03:11,997 root INFO free workers [0, 2, 3, 4], task queue size 93
05:03:11,997 root INFO tasks left: 7176
05:03:25,661 root INFO free workers [5], task queue size 91
05:03:25,662 root INFO tasks left: 7174
05:03:40,322 root INFO free workers [1, 2, 4, 6], task queue size 93
05:03:40,322 root INFO tasks left: 7171
05:03:53,174 root INFO free workers [0, 1, 3], task queue size 92
05:03:53,175 root INFO tasks left: 7168
05:04:06,364 root INFO free workers [4, 5, 6], task queue size 91
05:04:06,365 root INFO tasks left: 7166
05:04:19,310 root INFO free workers [1, 2, 3], task queue size 91
05:04:19,310 root INFO tasks left: 7163
05:04:33,947 root INFO free workers [0, 5], task queue size 90
05:04:33,947 root INFO tasks left: 7161
05:04:47,777 root INFO free workers [3, 4, 6], task queue size 91
05:04:47,778 root INFO tasks left: 7158
05:05:00,825 root INFO free workers [1, 2, 6], task queue size 92
05:05:00,825 root INFO tasks left: 7154
05:05:14,547 root INFO free workers [0, 5], task queue size 91
05:05:14,548 root INFO tasks left: 7152
05:05:36,100 root INFO free workers [3, 4, 6], task queue size 90
05:05:36,101 root INFO tasks left: 7150
05:05:51,93 root INFO free workers [0, 1, 2, 5], task queue size 92
05:05:51,94 root INFO tasks left: 7145
05:06:06,596 root INFO free workers [3, 4, 6], task queue size 89
05:06:06,596 root INFO tasks left: 7144
05:06:18,678 root INFO free workers [0, 1, 2, 5], task queue size 90
05:06:18,678 root INFO tasks left: 7140
05:06:33,751 root INFO free workers [4, 5, 6], task queue size 88
05:06:33,752 root INFO tasks left: 7138
05:06:46,371 root INFO free workers [2, 3], task queue size 88
05:06:46,372 root INFO tasks left: 7135
05:06:58,338 root INFO free workers [0, 1, 2], task queue size 89
05:06:58,338 root INFO tasks left: 7132
05:07:11,339 root INFO reviving worker 7
05:07:11,466 root INFO reviving worker 9
05:07:11,591 root INFO free workers [0, 4, 5, 6], task queue size 90
05:07:11,591 root INFO using 0 to reuse state 57 in 2033
05:07:11,591 root INFO tasks left: 7130
05:07:23,388 root INFO free workers [1, 3, 4], task queue size 88
05:07:23,389 root INFO using 4 to reuse state 90 in 4245
05:07:23,389 root INFO tasks left: 7128
05:07:36,858 root INFO free workers [2, 3, 5, 6], task queue size 87
05:07:36,859 root INFO tasks left: 7126
05:07:50,173 root INFO free workers [0, 4], task queue size 86
05:07:50,174 root INFO tasks left: 7123
05:08:03,178 root INFO reviving worker 8
05:08:03,303 root INFO free workers [0, 1], task queue size 87
05:08:03,303 root INFO tasks left: 7121
05:08:16,444 root INFO free workers [2, 3, 5, 6], task queue size 88
05:08:16,444 root INFO tasks left: 7118
05:08:30,47 root INFO free workers [4, 6], task queue size 86
05:08:30,47 root INFO tasks left: 7116
05:08:42,378 root INFO free workers [1, 3, 6], task queue size 86
05:08:42,379 root INFO using 6 to reuse state 70 in 2025
05:08:42,379 root INFO tasks left: 7114
05:08:55,954 root INFO free workers [2, 4], task queue size 85
05:08:55,954 root INFO tasks left: 7112
05:09:09,368 root INFO free workers [0, 1, 3, 6], task queue size 87
05:09:09,368 root INFO tasks left: 7108
05:09:21,826 root INFO free workers [0, 2, 4], task queue size 83
05:09:21,827 root INFO tasks left: 7108
05:09:33,926 root INFO free workers [6], task queue size 83
05:09:33,926 root INFO tasks left: 7105
05:09:48,475 root INFO free workers [1, 3, 4], task queue size 84
05:09:48,475 root INFO tasks left: 7103
05:10:03,523 root INFO free workers [0, 2, 6], task queue size 84
05:10:03,523 root INFO tasks left: 7100
05:10:16,579 root INFO free workers [1, 3], task queue size 83
05:10:16,579 root INFO tasks left: 7098
05:10:31,420 root INFO free workers [1, 3, 4, 6], task queue size 83
05:10:31,420 root INFO tasks left: 7096
05:10:44,63 root INFO free workers [0, 2], task queue size 82
05:10:44,63 root INFO tasks left: 7093
05:10:57,728 root INFO free workers [3, 4, 6], task queue size 80
05:10:57,728 root INFO tasks left: 7093
05:11:10,279 root INFO free workers [1], task queue size 81
05:11:10,280 root INFO tasks left: 7089
05:11:23,469 root INFO free workers [0, 2, 4, 6], task queue size 82
05:11:23,470 root INFO tasks left: 7087
05:11:36,51 root INFO free workers [1, 3], task queue size 81
05:11:36,52 root INFO tasks left: 7084
05:11:50,187 root INFO free workers [6], task queue size 80
05:11:50,188 root INFO tasks left: 7083
05:12:03,843 root INFO free workers [0, 2, 3, 4], task queue size 84
05:12:03,843 root INFO tasks left: 7078
05:12:17,39 root INFO free workers [0, 1, 4, 6], task queue size 81
05:12:17,40 root INFO tasks left: 7077
05:12:29,990 root INFO free workers [2, 3], task queue size 79
05:12:29,991 root INFO tasks left: 7075
05:12:43,928 root INFO free workers [3, 4, 6], task queue size 78
05:12:43,929 root INFO tasks left: 7074
05:12:57,916 root INFO free workers [0, 1, 2], task queue size 79
05:12:57,917 root INFO tasks left: 7070
05:13:10,337 root INFO free workers [4, 6], task queue size 77
05:13:10,337 root INFO tasks left: 7069
05:13:24,351 root INFO free workers [0, 3], task queue size 79
05:13:24,352 root INFO tasks left: 7065
05:13:38,732 root INFO free workers [1, 2, 4, 6], task queue size 79
05:13:38,733 root INFO tasks left: 7063
05:13:50,744 root INFO free workers [0, 3], task queue size 79
05:13:50,745 root INFO tasks left: 7059
05:14:04,175 root INFO reviving worker 7
05:14:04,301 root INFO reviving worker 9
05:14:04,426 root INFO free workers [0, 3, 6], task queue size 79
05:14:04,426 root INFO using 3 to reuse state 70 in 2025
05:14:04,426 root INFO tasks left: 7059
05:14:16,938 root INFO free workers [1, 2, 4], task queue size 80
05:14:16,938 root INFO tasks left: 7055
05:14:28,864 root INFO free workers [], task queue size 77
05:14:28,865 root INFO tasks left: 7055
05:14:41,396 root INFO free workers [0, 2, 3, 6], task queue size 81
05:14:41,397 root INFO tasks left: 7051
05:14:54,463 root INFO reviving worker 8
05:14:54,589 root INFO free workers [1, 4], task queue size 80
05:14:54,589 root INFO tasks left: 7049
05:15:09,436 root INFO reviving worker 5
05:15:09,631 root INFO free workers [2], task queue size 80
05:15:09,631 root INFO tasks left: 7048
05:15:23,383 root INFO free workers [0, 3, 4, 6], task queue size 82
05:15:23,384 root INFO tasks left: 7045
05:15:37,124 root INFO free workers [1, 2], task queue size 81
05:15:37,124 root INFO tasks left: 7042
05:15:50,427 root INFO free workers [2, 4], task queue size 80
05:15:50,428 root INFO tasks left: 7041
05:16:03,467 root INFO free workers [0, 1, 3, 6], task queue size 81
05:16:03,468 root INFO tasks left: 7038
05:16:16,447 root INFO free workers [], task queue size 78
05:16:16,448 root INFO tasks left: 7037
05:16:29,506 root INFO free workers [1, 2, 4, 6], task queue size 80
05:16:29,507 root INFO tasks left: 7035
05:16:42,572 root INFO free workers [0, 3], task queue size 80
05:16:42,572 root INFO tasks left: 7031
05:16:55,845 root INFO free workers [4, 6], task queue size 78
05:16:55,846 root INFO tasks left: 7031
05:17:08,724 root INFO free workers [1, 2, 3], task queue size 81
05:17:08,725 root INFO tasks left: 7026
05:17:21,336 root INFO free workers [0, 6], task queue size 79
05:17:21,337 root INFO tasks left: 7025
05:17:36,132 root INFO free workers [0, 3, 4], task queue size 79
05:17:36,133 root INFO tasks left: 7023
05:17:49,475 root INFO free workers [1, 2, 6], task queue size 80
05:17:49,476 root INFO tasks left: 7019
05:18:01,688 root INFO free workers [2, 4], task queue size 78
05:18:01,688 root INFO tasks left: 7018
05:18:16,506 root INFO free workers [0, 3, 4, 6], task queue size 78
05:18:16,507 root INFO tasks left: 7016
05:18:31,353 root INFO free workers [1, 2, 6], task queue size 76
05:18:31,354 root INFO tasks left: 7014
05:18:43,596 root INFO free workers [4], task queue size 75
05:18:43,597 root INFO tasks left: 7012
05:18:56,561 root INFO free workers [0, 3, 6], task queue size 77
05:18:56,562 root INFO tasks left: 7009
05:19:11,654 root INFO free workers [1, 2, 4], task queue size 76
05:19:11,654 root INFO tasks left: 7007
05:19:23,728 root INFO free workers [], task queue size 74
05:19:23,728 root INFO tasks left: 7006
05:19:36,991 root INFO free workers [0, 3, 6], task queue size 77
05:19:36,991 root INFO tasks left: 7003
05:19:50,964 root INFO free workers [1, 2, 4], task queue size 77
05:19:50,964 root INFO tasks left: 7000
05:20:04,343 root INFO free workers [2], task queue size 74
05:20:04,344 root INFO tasks left: 7000
05:20:18,739 root INFO free workers [0, 3, 4, 6], task queue size 76
05:20:18,740 root INFO tasks left: 6997
05:20:32,704 root INFO free workers [1, 2, 6], task queue size 74
05:20:32,705 root INFO tasks left: 6995
05:20:44,220 root INFO free workers [4], task queue size 73
05:20:44,221 root INFO tasks left: 6993
05:20:57,559 root INFO reviving worker 7
05:20:57,685 root INFO reviving worker 9
05:20:57,811 root INFO free workers [0, 3], task queue size 76
05:20:57,811 root INFO tasks left: 6991
05:21:11,943 root INFO free workers [1, 2, 4, 6], task queue size 78
05:21:11,943 root INFO tasks left: 6987
05:21:25,157 root INFO free workers [], task queue size 74
05:21:25,158 root INFO tasks left: 6987
05:21:39,437 root INFO free workers [0, 1, 2, 3, 4, 6], task queue size 80
05:21:39,438 root INFO tasks left: 6981
05:21:53,277 root INFO reviving worker 8
05:21:53,402 root INFO free workers [0], task queue size 75
05:21:53,402 root INFO tasks left: 6981
05:22:07,787 root INFO reviving worker 5
05:22:08,21 root INFO free workers [2, 4, 6], task queue size 75
05:22:08,21 root INFO tasks left: 6981
05:22:20,980 root INFO free workers [0, 1, 3], task queue size 78
05:22:20,981 root INFO tasks left: 6975
05:22:33,696 root INFO free workers [6], task queue size 75
05:22:33,697 root INFO tasks left: 6975
05:22:47,634 root INFO free workers [1, 2, 3, 4], task queue size 79
05:22:47,635 root INFO tasks left: 6970
05:23:01,569 root INFO free workers [0, 1, 6], task queue size 76
05:23:01,569 root INFO tasks left: 6969
05:23:15,267 root INFO free workers [3, 4], task queue size 74
05:23:15,268 root INFO tasks left: 6968
05:23:29,133 root INFO free workers [1, 2, 4, 6], task queue size 75
05:23:29,134 root INFO tasks left: 6965
05:23:43,460 root INFO free workers [0, 3], task queue size 74
05:23:43,461 root INFO tasks left: 6962
05:23:57,481 root INFO free workers [2, 4, 6], task queue size 74
05:23:57,482 root INFO tasks left: 6960
05:24:12,122 root INFO free workers [1, 3], task queue size 74
05:24:12,122 root INFO tasks left: 6957
05:24:27,680 root INFO free workers [0, 2, 4, 6], task queue size 75
05:24:27,680 root INFO tasks left: 6954
05:24:41,497 root INFO free workers [1, 3], task queue size 75
05:24:41,498 root INFO tasks left: 6950
05:24:54,93 root INFO free workers [2, 4, 6], task queue size 73
05:24:54,94 root INFO tasks left: 6950
05:25:08,403 root INFO free workers [0, 3], task queue size 74
05:25:08,403 root INFO tasks left: 6946
05:25:22,824 root INFO free workers [1, 2, 4, 6], task queue size 74
05:25:22,825 root INFO tasks left: 6944
05:25:37,44 root INFO free workers [2, 3], task queue size 73
05:25:37,45 root INFO tasks left: 6941
05:25:49,793 root INFO free workers [0, 6], task queue size 73
05:25:49,793 root INFO tasks left: 6939
05:26:05,321 root INFO free workers [0, 1, 3, 4], task queue size 74
05:26:05,321 root INFO tasks left: 6936
05:26:18,831 root INFO free workers [2, 6], task queue size 72
05:26:18,832 root INFO tasks left: 6934
05:26:30,661 root INFO free workers [], task queue size 71
05:26:30,661 root INFO tasks left: 6933
05:26:46,340 root INFO free workers [0, 1, 3, 4, 6], task queue size 74
05:26:46,341 root INFO tasks left: 6930
05:26:59,746 root INFO free workers [2, 4], task queue size 72
05:26:59,747 root INFO tasks left: 6927
05:27:12,620 root INFO free workers [], task queue size 70
05:27:12,621 root INFO tasks left: 6927
05:27:26,902 root INFO free workers [0, 1, 3, 4, 6], task queue size 74
05:27:26,903 root INFO tasks left: 6923
05:27:42,361 root INFO free workers [2], task queue size 71
05:27:42,362 root INFO tasks left: 6921
05:27:56,77 root INFO free workers [3, 4, 6], task queue size 71
05:27:56,77 root INFO tasks left: 6920
05:28:11,723 root INFO reviving worker 7
05:28:11,857 root INFO reviving worker 9
05:28:11,988 root INFO free workers [0, 1, 2, 4], task queue size 75
05:28:11,988 root INFO tasks left: 6915
05:28:26,317 root INFO free workers [2, 3, 6], task queue size 71
05:28:26,317 root INFO tasks left: 6915
05:28:41,505 root INFO free workers [0, 1, 4], task queue size 71
05:28:41,506 root INFO tasks left: 6912
05:28:54,840 root INFO free workers [2, 6], task queue size 70
05:28:54,840 root INFO tasks left: 6910
05:29:09,229 root INFO reviving worker 8
05:29:09,354 root INFO free workers [3, 4], task queue size 72
05:29:09,354 root INFO tasks left: 6907
05:29:23,220 root INFO reviving worker 5
05:29:23,352 root INFO free workers [0, 1], task queue size 74
05:29:23,352 root INFO tasks left: 6904
05:29:37,176 root INFO free workers [0, 2, 3, 6], task queue size 74
05:29:37,177 root INFO tasks left: 6902
05:29:51,696 root INFO free workers [4], task queue size 72
05:29:51,697 root INFO tasks left: 6900
05:30:05,978 root INFO free workers [1, 3, 6], task queue size 73
05:30:05,979 root INFO tasks left: 6898
05:30:19,908 root INFO free workers [0, 2, 4], task queue size 73
05:30:19,909 root INFO tasks left: 6895
05:30:33,521 root INFO free workers [3], task queue size 71
05:30:33,522 root INFO tasks left: 6894
05:30:48,68 root INFO free workers [6], task queue size 72
05:30:48,69 root INFO tasks left: 6892
05:31:02,75 root INFO free workers [0, 1, 2, 4, 6], task queue size 75
05:31:02,75 root INFO tasks left: 6888
05:31:14,377 root INFO free workers [1, 3], task queue size 71
05:31:14,378 root INFO tasks left: 6887
05:31:27,357 root INFO free workers [4, 6], task queue size 69
05:31:27,357 root INFO tasks left: 6887
05:31:40,501 root INFO free workers [0, 1, 2, 3], task queue size 71
05:31:40,502 root INFO tasks left: 6883
05:31:55,155 root INFO free workers [0, 6], task queue size 69
05:31:55,155 root INFO tasks left: 6881
05:32:09,73 root INFO free workers [2, 4], task queue size 69
05:32:09,73 root INFO tasks left: 6879
05:32:23,536 root INFO free workers [1, 3], task queue size 68
05:32:23,537 root INFO tasks left: 6878
05:32:37,694 root INFO free workers [0, 2, 6], task queue size 69
05:32:37,694 root INFO tasks left: 6875
05:32:52,584 root INFO free workers [3, 4], task queue size 69
05:32:52,585 root INFO tasks left: 6872
05:33:05,964 root INFO free workers [1, 3], task queue size 68
05:33:05,964 root INFO tasks left: 6871
05:33:20,257 root INFO free workers [2, 6], task queue size 67
05:33:20,258 root INFO tasks left: 6870
05:33:33,626 root INFO free workers [0, 1, 3, 4], task queue size 69
05:33:33,627 root INFO tasks left: 6866
05:33:47,136 root INFO free workers [0], task queue size 67
05:33:47,137 root INFO tasks left: 6864
05:34:00,812 root INFO free workers [2, 6], task queue size 67
05:34:00,812 root INFO tasks left: 6863
05:34:12,598 root INFO free workers [1, 3, 4, 6], task queue size 68
05:34:12,599 root INFO tasks left: 6860
05:34:26,943 root INFO free workers [0, 4], task queue size 66
05:34:26,943 root INFO tasks left: 6858
05:34:42,384 root INFO free workers [1, 2], task queue size 66
05:34:42,385 root INFO tasks left: 6856
05:34:56,848 root INFO free workers [1, 3, 4, 6], task queue size 67
05:34:56,848 root INFO tasks left: 6853
05:35:11,422 root INFO free workers [0, 2], task queue size 64
05:35:11,423 root INFO tasks left: 6852
05:35:25,52 root INFO reviving worker 7
05:35:25,293 root INFO reviving worker 9
05:35:25,485 root INFO free workers [4], task queue size 65
05:35:25,486 root INFO tasks left: 6851
05:35:41,59 root INFO free workers [0, 1, 2, 3, 6], task queue size 68
05:35:41,59 root INFO tasks left: 6847
05:35:54,706 root INFO free workers [3, 4], task queue size 65
05:35:54,706 root INFO tasks left: 6845
05:36:09,260 root INFO free workers [1, 4], task queue size 64
05:36:09,261 root INFO tasks left: 6844
05:36:23,503 root INFO reviving worker 8
05:36:23,627 root INFO free workers [0, 2, 6], task queue size 66
05:36:23,628 root INFO tasks left: 6841
05:36:37,147 root INFO reviving worker 5
05:36:37,272 root INFO free workers [0, 4], task queue size 65
05:36:37,272 root INFO tasks left: 6840
05:36:51,970 root INFO free workers [1, 2, 6], task queue size 65
05:36:51,971 root INFO tasks left: 6838
05:37:06,319 root INFO free workers [4], task queue size 64
05:37:06,320 root INFO tasks left: 6836
05:37:20,51 root INFO free workers [0, 1, 2], task queue size 65
05:37:20,52 root INFO tasks left: 6834
05:37:34,951 root INFO free workers [1, 4, 6], task queue size 64
05:37:34,952 root INFO tasks left: 6832
05:37:48,60 root INFO free workers [0], task queue size 63
05:37:48,60 root INFO tasks left: 6830
05:38:01,26 root INFO free workers [2, 4, 6], task queue size 64
05:38:01,26 root INFO tasks left: 6828
05:38:14,746 root INFO free workers [1], task queue size 64
05:38:14,747 root INFO tasks left: 6825
05:38:29,233 root INFO free workers [0], task queue size 64
05:38:29,233 root INFO tasks left: 6824
05:38:44,721 root INFO free workers [1, 2, 4, 6], task queue size 66
05:38:44,722 root INFO tasks left: 6821
05:38:58,452 root INFO free workers [0, 4, 6], task queue size 64
05:38:58,453 root INFO tasks left: 6819
05:39:12,507 root INFO free workers [2], task queue size 62
05:39:12,508 root INFO tasks left: 6818
05:39:25,755 root INFO free workers [1, 4, 6], task queue size 62
05:39:25,756 root INFO tasks left: 6817
05:39:39,489 root INFO free workers [0, 2], task queue size 63
05:39:39,490 root INFO tasks left: 6813
05:39:53,696 root INFO free workers [2, 6], task queue size 61
05:39:53,696 root INFO tasks left: 6813
05:40:08,255 root INFO free workers [0, 1, 4], task queue size 63
05:40:08,256 root INFO tasks left: 6809
05:40:21,688 root INFO free workers [2, 6], task queue size 61
05:40:21,688 root INFO tasks left: 6808
05:40:37,442 root INFO free workers [1, 4], task queue size 61
05:40:37,442 root INFO tasks left: 6806
05:40:52,544 root INFO free workers [0, 1, 2, 6], task queue size 61
05:40:52,544 root INFO tasks left: 6804
05:41:08,6 root INFO free workers [2, 4], task queue size 60
05:41:08,7 root INFO tasks left: 6801
05:41:22,678 root INFO free workers [1, 6], task queue size 59
05:41:22,678 root INFO tasks left: 6800
05:41:37,333 root INFO free workers [0, 2, 4], task queue size 59
05:41:37,334 root INFO tasks left: 6798
05:41:52,26 root INFO free workers [1, 6], task queue size 60
05:41:52,26 root INFO tasks left: 6794
05:42:07,910 root INFO free workers [2], task queue size 58
05:42:07,910 root INFO tasks left: 6794
05:42:21,586 root INFO free workers [0, 1, 4, 6], task queue size 62
05:42:21,586 root INFO tasks left: 6789
05:42:35,832 root INFO free workers [2], task queue size 58
05:42:35,832 root INFO tasks left: 6789
05:42:49,643 root INFO reviving worker 7
05:42:49,769 root INFO reviving worker 9
05:42:49,894 root INFO free workers [4, 6], task queue size 60
05:42:49,900 root INFO tasks left: 6788
05:43:04,256 root INFO free workers [0, 1], task queue size 62
05:43:04,257 root INFO tasks left: 6784
05:43:19,21 root INFO reviving worker 3
05:43:19,145 root INFO free workers [2, 4, 6], task queue size 62
05:43:19,146 root INFO tasks left: 6783
05:43:33,343 root INFO free workers [0, 1], task queue size 61
05:43:33,343 root INFO tasks left: 6781
05:43:47,24 root INFO reviving worker 8
05:43:47,155 root INFO free workers [2, 6], task queue size 62
05:43:47,155 root INFO tasks left: 6779
05:44:02,581 root INFO reviving worker 5
05:44:02,706 root INFO free workers [4], task queue size 63
05:44:02,707 root INFO tasks left: 6777
05:44:15,705 root INFO free workers [0, 1], task queue size 65
05:44:15,705 root INFO tasks left: 6774
05:44:30,888 root INFO free workers [2, 6], task queue size 65
05:44:30,888 root INFO tasks left: 6772
05:44:45,394 root INFO free workers [4], task queue size 64
05:44:45,394 root INFO tasks left: 6771
05:45:01,32 root INFO free workers [0, 1, 2, 4, 6], task queue size 67
05:45:01,33 root INFO tasks left: 6767
05:45:13,791 root INFO free workers [2], task queue size 62
05:45:13,792 root INFO tasks left: 6767
05:45:28,446 root INFO free workers [1, 4, 6], task queue size 62
05:45:28,446 root INFO tasks left: 6766
05:45:42,710 root INFO free workers [0], task queue size 62
05:45:42,710 root INFO tasks left: 6763
05:45:57,136 root INFO free workers [2, 4, 6], task queue size 62
05:45:57,136 root INFO tasks left: 6762
05:46:10,952 root INFO free workers [0, 1], task queue size 62
05:46:10,953 root INFO tasks left: 6759
05:46:24,793 root INFO free workers [2, 6], task queue size 61
05:46:24,794 root INFO tasks left: 6758
05:46:40,611 root INFO free workers [1, 4], task queue size 62
05:46:40,612 root INFO tasks left: 6755
05:46:55,444 root INFO free workers [0, 4, 6], task queue size 62
05:46:55,445 root INFO tasks left: 6753
05:47:10,60 root INFO free workers [1, 2], task queue size 61
05:47:10,61 root INFO tasks left: 6751
05:47:23,795 root INFO free workers [4, 6], task queue size 61
05:47:23,795 root INFO tasks left: 6749
05:47:39,116 root INFO free workers [0, 2], task queue size 61
05:47:39,117 root INFO tasks left: 6747
05:47:54,192 root INFO free workers [1, 4, 6], task queue size 61
05:47:54,193 root INFO tasks left: 6745
05:48:08,845 root INFO free workers [0, 6], task queue size 61
05:48:08,845 root INFO tasks left: 6742
05:48:22,290 root INFO free workers [2], task queue size 60
05:48:22,290 root INFO tasks left: 6741
05:48:37,164 root INFO free workers [1, 4, 6], task queue size 61
05:48:37,165 root INFO tasks left: 6739
05:48:50,868 root INFO free workers [0, 2, 4], task queue size 61
05:48:50,868 root INFO tasks left: 6736
05:49:05,470 root INFO free workers [1, 6], task queue size 58
05:49:05,471 root INFO tasks left: 6736
05:49:20,414 root INFO free workers [0, 2, 4], task queue size 60
05:49:20,415 root INFO tasks left: 6732
05:49:35,578 root INFO free workers [2], task queue size 58
05:49:35,579 root INFO tasks left: 6731
05:49:49,382 root INFO free workers [1, 4, 6], task queue size 58
05:49:49,383 root INFO tasks left: 6730
05:50:04,60 root INFO free workers [0, 2], task queue size 58
05:50:04,61 root INFO tasks left: 6727
05:50:17,57 root INFO reviving worker 7
05:50:17,185 root INFO reviving worker 9
05:50:17,309 root INFO free workers [0], task queue size 59
05:50:17,310 root INFO tasks left: 6726
05:50:32,768 root INFO free workers [1, 2, 4, 6], task queue size 61
05:50:32,768 root INFO tasks left: 6723
05:50:44,687 root INFO reviving worker 3
05:50:44,811 root INFO free workers [0, 1], task queue size 60
05:50:44,812 root INFO tasks left: 6721
05:50:59,367 root INFO free workers [6], task queue size 59
05:50:59,368 root INFO tasks left: 6720
05:51:15,289 root INFO reviving worker 8
05:51:15,414 root INFO free workers [0, 1, 2, 4], task queue size 62
05:51:15,414 root INFO tasks left: 6717
05:51:31,190 root INFO reviving worker 5
05:51:31,316 root INFO free workers [6], task queue size 61
05:51:31,317 root INFO tasks left: 6715
05:51:45,995 root INFO free workers [0, 4], task queue size 61
05:51:45,995 root INFO tasks left: 6714
05:52:00,962 root INFO free workers [0, 1, 2, 6], task queue size 61
05:52:00,962 root INFO tasks left: 6712
05:52:15,176 root INFO free workers [4, 6], task queue size 59
05:52:15,177 root INFO tasks left: 6710
05:52:28,418 root INFO free workers [], task queue size 58
05:52:28,419 root INFO tasks left: 6709
05:52:43,504 root INFO free workers [0, 1, 2, 4, 6], task queue size 62
05:52:43,504 root INFO tasks left: 6705
05:52:58,402 root INFO free workers [6], task queue size 58
05:52:58,402 root INFO tasks left: 6704
05:53:12,513 root INFO free workers [0, 1, 2], task queue size 57
05:53:12,514 root INFO tasks left: 6704
05:53:27,736 root INFO free workers [4], task queue size 57
05:53:27,736 root INFO tasks left: 6701
05:53:41,932 root INFO free workers [], task queue size 57
05:53:41,932 root INFO tasks left: 6700
05:53:57,552 root INFO free workers [0, 1, 2, 4], task queue size 60
05:53:57,553 root INFO tasks left: 6697
05:54:12,853 root INFO free workers [4], task queue size 57
05:54:12,853 root INFO tasks left: 6696
05:54:27,83 root INFO free workers [0, 1], task queue size 58
05:54:27,83 root INFO tasks left: 6694
05:54:40,748 root INFO free workers [2, 4], task queue size 58
05:54:40,749 root INFO tasks left: 6692
05:54:55,696 root INFO free workers [0, 1], task queue size 58
05:54:55,696 root INFO tasks left: 6690
05:55:09,573 root INFO free workers [2, 4], task queue size 58
05:55:09,574 root INFO tasks left: 6688
05:55:23,812 root INFO free workers [0, 1], task queue size 58
05:55:23,812 root INFO tasks left: 6686
05:55:39,308 root INFO free workers [4], task queue size 56
05:55:39,309 root INFO tasks left: 6686
05:55:53,622 root INFO free workers [0, 1, 2], task queue size 59
05:55:53,623 root INFO tasks left: 6682
05:56:08,445 root INFO free workers [], task queue size 56
05:56:08,446 root INFO tasks left: 6682
05:56:23,630 root INFO free workers [0, 2, 4], task queue size 57
05:56:23,630 root INFO tasks left: 6681
05:56:37,276 root INFO free workers [1, 4], task queue size 57
05:56:37,277 root INFO tasks left: 6678
05:56:51,895 root INFO free workers [2], task queue size 55
05:56:51,896 root INFO tasks left: 6678
05:57:05,353 root INFO free workers [0, 1, 4], task queue size 57
05:57:05,354 root INFO tasks left: 6675
05:57:19,281 root INFO free workers [2], task queue size 55
05:57:19,282 root INFO tasks left: 6674
05:57:34,178 root INFO free workers [1, 4], task queue size 56
05:57:34,179 root INFO tasks left: 6672
05:57:46,377 root INFO reviving worker 7
05:57:46,505 root INFO reviving worker 9
05:57:46,630 root INFO free workers [0, 2], task queue size 58
05:57:46,630 root INFO tasks left: 6670
05:58:00,44 root INFO free workers [1, 4], task queue size 58
05:58:00,45 root INFO tasks left: 6668
05:58:13,555 root INFO reviving worker 3
05:58:13,680 root INFO free workers [0], task queue size 59
05:58:13,680 root INFO tasks left: 6666
05:58:27,41 root INFO free workers [1, 2, 4], task queue size 60
05:58:27,42 root INFO tasks left: 6664
05:58:42,421 root INFO reviving worker 8
05:58:42,560 root INFO free workers [1, 4], task queue size 59
05:58:42,561 root INFO tasks left: 6663
05:58:57,35 root INFO reviving worker 5
05:58:57,163 root INFO free workers [0, 2, 4], task queue size 60
05:58:57,163 root INFO tasks left: 6661
05:59:13,17 root INFO free workers [1, 4], task queue size 58
05:59:13,18 root INFO tasks left: 6660
05:59:29,306 root INFO free workers [0, 2], task queue size 58
05:59:29,306 root INFO tasks left: 6658
05:59:43,837 root INFO free workers [2, 4], task queue size 57
05:59:43,837 root INFO tasks left: 6657
05:59:57,565 root INFO free workers [0, 1], task queue size 56
05:59:57,565 root INFO tasks left: 6656
06:00:12,891 root INFO free workers [2, 4], task queue size 56
06:00:12,892 root INFO tasks left: 6654
06:00:28,171 root INFO reviving worker 6
06:00:28,301 root INFO free workers [1], task queue size 57
06:00:28,301 root INFO tasks left: 6652
06:00:42,138 root INFO free workers [0, 2, 4], task queue size 58
06:00:42,139 root INFO tasks left: 6650
06:00:53,722 root INFO free workers [1], task queue size 57
06:00:53,723 root INFO tasks left: 6648
06:01:08,432 root INFO free workers [], task queue size 56
06:01:08,433 root INFO tasks left: 6648
06:01:23,158 root INFO free workers [0, 1, 2, 4], task queue size 60
06:01:23,158 root INFO tasks left: 6644
06:01:39,69 root INFO free workers [0], task queue size 56
06:01:39,69 root INFO tasks left: 6644
06:01:52,424 root INFO free workers [2, 4], task queue size 56
06:01:52,424 root INFO tasks left: 6643
06:02:07,913 root INFO free workers [1], task queue size 56
06:02:07,913 root INFO tasks left: 6641
06:02:24,700 root INFO free workers [1, 2, 4], task queue size 56
06:02:24,701 root INFO tasks left: 6640
06:02:38,518 root INFO free workers [], task queue size 54
06:02:38,519 root INFO tasks left: 6639
06:02:53,608 root INFO free workers [2], task queue size 54
06:02:53,609 root INFO tasks left: 6639
06:03:08,703 root INFO free workers [1, 4], task queue size 56
06:03:08,703 root INFO tasks left: 6636
06:03:21,825 root INFO free workers [0, 2], task queue size 55
06:03:21,826 root INFO tasks left: 6635
06:03:34,608 root INFO free workers [1, 4], task queue size 55
06:03:34,608 root INFO tasks left: 6633
06:03:47,163 root INFO free workers [], task queue size 54
06:03:47,164 root INFO tasks left: 6632
06:04:03,275 root INFO free workers [0, 1, 2], task queue size 57
06:04:03,276 root INFO tasks left: 6629
06:04:18,572 root INFO free workers [0, 2, 4], task queue size 55
06:04:18,573 root INFO tasks left: 6628
06:04:33,570 root INFO free workers [4], task queue size 52
06:04:33,571 root INFO tasks left: 6628
06:04:49,563 root INFO free workers [1, 2], task queue size 52
06:04:49,563 root INFO tasks left: 6627
06:05:03,273 root INFO free workers [0, 4], task queue size 53
06:05:03,273 root INFO tasks left: 6624
06:05:17,247 root INFO reviving worker 7
06:05:17,378 root INFO reviving worker 9
06:05:17,507 root INFO free workers [4], task queue size 53
06:05:17,507 root INFO tasks left: 6624
06:05:32,597 root INFO free workers [0, 1, 2, 4], task queue size 55
06:05:32,597 root INFO tasks left: 6621
06:05:45,966 root INFO reviving worker 3
06:05:46,91 root INFO free workers [], task queue size 52
06:05:46,91 root INFO tasks left: 6621
06:06:00,571 root INFO free workers [], task queue size 52
06:06:00,572 root INFO tasks left: 6621
06:06:14,421 root INFO reviving worker 8
06:06:14,548 root INFO free workers [0, 1, 2, 4], task queue size 57
06:06:14,548 root INFO tasks left: 6617
06:06:29,383 root INFO reviving worker 5
06:06:29,509 root INFO free workers [], task queue size 54
06:06:29,509 root INFO tasks left: 6617
06:06:43,173 root INFO free workers [1, 2, 4], task queue size 55
06:06:43,174 root INFO tasks left: 6616
06:06:57,385 root INFO free workers [0], task queue size 55
06:06:57,385 root INFO tasks left: 6613
06:07:13,230 root INFO free workers [1, 2, 4], task queue size 55
06:07:13,230 root INFO tasks left: 6612
06:07:26,938 root INFO free workers [0], task queue size 54
06:07:26,938 root INFO tasks left: 6610
06:07:41,402 root INFO free workers [2, 4], task queue size 55
06:07:41,402 root INFO tasks left: 6608
06:07:56,166 root INFO reviving worker 6
06:07:56,291 root INFO free workers [1], task queue size 56
06:07:56,291 root INFO tasks left: 6606
06:08:09,744 root INFO free workers [0, 2, 4], task queue size 57
06:08:09,745 root INFO tasks left: 6604
06:08:25,731 root INFO free workers [0, 1, 4], task queue size 56
06:08:25,731 root INFO tasks left: 6602
06:08:39,626 root INFO free workers [2], task queue size 54
06:08:39,627 root INFO tasks left: 6601
06:08:52,908 root INFO free workers [4], task queue size 53
06:08:52,908 root INFO tasks left: 6601
06:09:09,567 root INFO free workers [0, 1, 2], task queue size 56
06:09:09,568 root INFO tasks left: 6597
06:09:25,149 root INFO free workers [4], task queue size 54
06:09:25,149 root INFO tasks left: 6596
06:09:38,70 root INFO free workers [0, 1, 2], task queue size 55
06:09:38,70 root INFO tasks left: 6594
06:09:51,239 root INFO free workers [2, 4], task queue size 54
06:09:51,239 root INFO tasks left: 6592
06:10:05,908 root INFO free workers [1], task queue size 53
06:10:05,909 root INFO tasks left: 6591
06:10:20,905 root INFO free workers [0, 2, 4], task queue size 54
06:10:20,905 root INFO tasks left: 6589
06:10:36,461 root INFO free workers [1], task queue size 53
06:10:36,461 root INFO tasks left: 6587
06:10:51,536 root INFO free workers [0, 1, 2, 4], task queue size 55
06:10:51,536 root INFO tasks left: 6584
06:11:06,58 root INFO free workers [], task queue size 51
06:11:06,58 root INFO tasks left: 6584
06:11:20,473 root INFO free workers [0, 2, 4], task queue size 51
06:11:20,473 root INFO tasks left: 6584
06:11:34,881 root INFO free workers [1], task queue size 52
06:11:34,882 root INFO tasks left: 6580
06:11:48,977 root INFO free workers [2, 4], task queue size 51
06:11:48,978 root INFO tasks left: 6580
06:12:04,310 root INFO free workers [0], task queue size 52
06:12:04,310 root INFO tasks left: 6577
06:12:16,837 root INFO free workers [1, 2], task queue size 52
06:12:16,838 root INFO tasks left: 6576
06:12:30,583 root INFO free workers [2, 4], task queue size 52
06:12:30,584 root INFO tasks left: 6574
06:12:45,681 root INFO reviving worker 7
06:12:45,817 root INFO reviving worker 9
06:12:45,953 root INFO free workers [0, 1], task queue size 53
06:12:45,953 root INFO tasks left: 6573
06:13:01,908 root INFO free workers [0, 2, 4], task queue size 53
06:13:01,909 root INFO tasks left: 6571
06:13:16,979 root INFO reviving worker 3
06:13:17,110 root INFO free workers [1], task queue size 53
06:13:17,110 root INFO tasks left: 6569
06:13:32,664 root INFO free workers [2, 4], task queue size 54
06:13:32,665 root INFO tasks left: 6567
06:13:47,325 root INFO reviving worker 8
06:13:47,544 root INFO free workers [0, 1, 2], task queue size 55
06:13:47,544 root INFO tasks left: 6565
06:14:02,659 root INFO reviving worker 5
06:14:02,783 root INFO free workers [1, 4], task queue size 54
06:14:02,784 root INFO tasks left: 6564
06:14:17,600 root INFO free workers [0, 2], task queue size 53
06:14:17,600 root INFO tasks left: 6563
06:14:32,105 root INFO free workers [4], task queue size 53
06:14:32,105 root INFO tasks left: 6561
06:14:47,209 root INFO free workers [1], task queue size 53
06:14:47,210 root INFO tasks left: 6560
06:15:01,964 root INFO free workers [0, 2, 4], task queue size 54
06:15:01,964 root INFO tasks left: 6558
06:15:18,817 root INFO free workers [1, 4], task queue size 53
06:15:18,817 root INFO tasks left: 6556
06:15:32,922 root INFO reviving worker 6
06:15:33,47 root INFO free workers [0, 2], task queue size 53
06:15:33,48 root INFO tasks left: 6555
06:15:48,631 root INFO free workers [1, 4], task queue size 52
06:15:48,632 root INFO tasks left: 6554
06:16:02,665 root INFO free workers [2], task queue size 53
06:16:02,666 root INFO tasks left: 6551
06:16:16,817 root INFO free workers [0], task queue size 53
06:16:16,817 root INFO tasks left: 6550
06:16:32,383 root INFO free workers [1, 2, 4], task queue size 54
06:16:32,383 root INFO tasks left: 6548
06:16:46,809 root INFO free workers [0], task queue size 53
06:16:46,810 root INFO tasks left: 6546
06:17:03,664 root INFO free workers [1, 2, 4], task queue size 53
06:17:03,665 root INFO tasks left: 6545
06:17:19,233 root INFO free workers [0], task queue size 53
06:17:19,234 root INFO tasks left: 6542
06:17:35,610 root INFO free workers [0, 1, 2, 4], task queue size 53
06:17:35,610 root INFO tasks left: 6541
06:17:50,262 root INFO free workers [2], task queue size 51
06:17:50,263 root INFO tasks left: 6539
06:18:06,346 root INFO free workers [4], task queue size 51
06:18:06,346 root INFO tasks left: 6538
06:18:21,965 root INFO free workers [0, 1, 2], task queue size 53
06:18:21,965 root INFO tasks left: 6535
06:18:36,418 root INFO free workers [4], task queue size 51
06:18:36,419 root INFO tasks left: 6534
06:18:50,605 root INFO free workers [0, 1, 2], task queue size 53
06:18:50,605 root INFO tasks left: 6531
06:19:04,909 root INFO free workers [4], task queue size 51
06:19:04,909 root INFO tasks left: 6530
06:19:17,792 root INFO free workers [0, 1], task queue size 52
06:19:17,792 root INFO tasks left: 6528
06:19:32,428 root INFO free workers [0, 2, 4], task queue size 52
06:19:32,429 root INFO tasks left: 6526
06:19:47,682 root INFO free workers [1], task queue size 50
06:19:47,683 root INFO tasks left: 6525
06:20:02,649 root INFO free workers [2, 4], task queue size 50
06:20:02,650 root INFO tasks left: 6524
06:20:18,326 root INFO free workers [0, 1], task queue size 51
06:20:18,326 root INFO tasks left: 6521
06:20:33,665 root INFO reviving worker 7
06:20:33,792 root INFO reviving worker 9
06:20:33,919 root INFO free workers [0, 2, 4], task queue size 51
06:20:33,919 root INFO tasks left: 6521
