06:56:54,104 root INFO a0f981079a10c461ab14bc38e656a09d-1521516052.us-east-2.elb.amazonaws.com:50051 set as 0
06:56:54,157 root INFO ae183a299361f45e9ab797451bc28b45-25286836.us-east-2.elb.amazonaws.com:50051 set as 1
06:56:54,195 root INFO a3a4d1acb3a35497781673ddfdec08b3-234610428.us-east-2.elb.amazonaws.com:50051 set as 2
06:56:54,249 root INFO a446231dc48794ce5afb302214aa05da-1535843045.us-east-2.elb.amazonaws.com:50051 set as 3
06:56:54,307 root INFO acd0e2592e13e40fe8173b69767e38d9-304729689.us-east-2.elb.amazonaws.com:50051 set as 4
06:56:54,350 root INFO a86d15c50c0ef4fd889c208b91306322-1434235675.us-east-2.elb.amazonaws.com:50051 set as 5
06:56:54,408 root INFO a73d0841439be4c72a7f99c2a8ee014c-461204456.us-east-2.elb.amazonaws.com:50051 set as 6
06:56:54,458 root INFO a2db8d3e5406b4932acea5b23c9031f7-510381442.us-east-2.elb.amazonaws.com:50051 set as 7
06:56:54,517 root INFO a53fdee8cddc64425960db2cfccd9cfe-1399437765.us-east-2.elb.amazonaws.com:50051 set as 8
06:56:54,572 root INFO ac707e718b19942a9a6cae3863f20aef-1947071726.us-east-2.elb.amazonaws.com:50051 set as 9
06:56:57,437 root INFO ----- swarm run start -----
06:57:00,45 root INFO free workers [0, 1, 2, 3, 4, 5, 6, 7, 8, 9], task queue size 96
06:57:00,45 root INFO tasks left: 794
06:57:07,207 root INFO free workers [], task queue size 86
06:57:07,207 root INFO tasks left: 794
06:57:14,394 root INFO free workers [], task queue size 86
06:57:14,394 root INFO tasks left: 794
06:57:21,930 root INFO free workers [], task queue size 86
06:57:21,930 root INFO tasks left: 794
06:57:29,288 root INFO free workers [1, 4, 5, 7, 8], task queue size 87
06:57:29,288 root INFO tasks left: 791
06:57:36,699 root INFO free workers [0, 2, 3, 6, 9], task queue size 87
06:57:36,700 root INFO tasks left: 784
06:57:43,958 root INFO free workers [], task queue size 82
06:57:43,958 root INFO tasks left: 784
06:57:51,258 root INFO free workers [8], task queue size 83
06:57:51,258 root INFO tasks left: 783
06:57:58,462 root INFO free workers [4, 5, 7, 9], task queue size 84
06:57:58,462 root INFO tasks left: 780
06:58:05,851 root INFO free workers [1, 2], task queue size 82
06:58:05,851 root INFO tasks left: 777
06:58:13,454 root INFO free workers [0, 3, 6, 8], task queue size 82
06:58:13,454 root INFO tasks left: 773
06:58:20,822 root INFO free workers [5, 7, 9], task queue size 79
06:58:20,822 root INFO tasks left: 772
06:58:28,11 root INFO free workers [], task queue size 78
06:58:28,11 root INFO tasks left: 770
06:58:35,230 root INFO free workers [1, 2, 4], task queue size 81
06:58:35,230 root INFO tasks left: 767
06:58:42,526 root INFO free workers [3, 5, 6, 7, 8, 9], task queue size 79
06:58:42,526 root INFO tasks left: 766
06:58:49,938 root INFO free workers [0], task queue size 77
06:58:49,938 root INFO tasks left: 760
06:58:57,52 root INFO free workers [], task queue size 76
06:58:57,52 root INFO tasks left: 760
06:59:04,422 root INFO free workers [1, 2, 4, 7], task queue size 78
06:59:04,423 root INFO tasks left: 758
06:59:11,988 root INFO free workers [3, 5, 6, 8], task queue size 79
06:59:11,989 root INFO tasks left: 752
06:59:19,298 root INFO free workers [9], task queue size 76
06:59:19,298 root INFO tasks left: 751
06:59:26,417 root INFO free workers [0, 2], task queue size 75
06:59:26,417 root INFO tasks left: 750
06:59:34,124 root INFO free workers [1, 4, 6, 7, 9], task queue size 76
06:59:34,124 root INFO tasks left: 746
06:59:41,744 root INFO free workers [3, 5, 8], task queue size 75
06:59:41,744 root INFO tasks left: 741
06:59:49,176 root INFO free workers [2], task queue size 73
06:59:49,176 root INFO tasks left: 740
06:59:56,735 root INFO free workers [0], task queue size 73
06:59:56,735 root INFO tasks left: 739
07:00:04,687 root INFO free workers [1, 4, 6, 7, 9], task queue size 76
07:00:04,687 root INFO tasks left: 734
07:00:12,183 root INFO free workers [2, 3, 5, 8], task queue size 72
07:00:12,183 root INFO tasks left: 730
07:00:19,889 root INFO free workers [0], task queue size 69
07:00:19,889 root INFO tasks left: 729
07:00:27,473 root INFO free workers [4, 6, 7, 9], task queue size 68
07:00:27,473 root INFO tasks left: 726
07:00:35,158 root INFO free workers [1, 8], task queue size 67
07:00:35,158 root INFO tasks left: 723
07:00:42,960 root INFO free workers [0, 2, 3, 5], task queue size 68
07:00:42,961 root INFO tasks left: 719
07:00:50,470 root INFO free workers [0, 6, 7, 9], task queue size 64
07:00:50,470 root INFO tasks left: 719
07:00:58,56 root INFO free workers [1, 4, 8], task queue size 64
07:00:58,56 root INFO tasks left: 713
07:01:05,921 root INFO free workers [], task queue size 61
07:01:05,921 root INFO tasks left: 713
07:01:13,772 root INFO free workers [2, 3, 5, 7], task queue size 64
07:01:13,772 root INFO tasks left: 710
07:01:21,546 root INFO free workers [0, 6, 8, 9], task queue size 64
07:01:21,546 root INFO tasks left: 706
07:01:29,414 root INFO free workers [1, 4], task queue size 63
07:01:29,414 root INFO tasks left: 703
07:01:36,984 root INFO free workers [5, 7], task queue size 61
07:01:36,984 root INFO tasks left: 703
07:01:44,619 root INFO free workers [2, 3, 8], task queue size 62
07:01:44,619 root INFO tasks left: 699
07:01:59,386 root INFO free workers [4, 6, 7, 9], task queue size 62
07:01:59,386 root INFO tasks left: 696
07:02:07,157 root INFO free workers [0, 3, 5, 8], task queue size 61
07:02:07,157 root INFO tasks left: 692
07:02:15,75 root INFO free workers [2, 9], task queue size 59
07:02:15,75 root INFO tasks left: 689
07:02:22,696 root INFO free workers [6], task queue size 59
07:02:22,696 root INFO tasks left: 687
07:02:30,437 root INFO free workers [4, 7, 8], task queue size 60
07:02:30,437 root INFO tasks left: 685
07:02:38,540 root INFO free workers [3, 5], task queue size 60
07:02:38,540 root INFO tasks left: 682
07:02:46,198 root INFO free workers [0, 2, 6, 9], task queue size 62
07:02:46,199 root INFO tasks left: 678
07:02:54,109 root INFO free workers [7, 8], task queue size 58
07:02:54,110 root INFO tasks left: 678
07:03:02,232 root INFO free workers [3, 4, 5], task queue size 60
07:03:02,232 root INFO tasks left: 673
07:03:09,933 root INFO free workers [2], task queue size 58
07:03:09,933 root INFO tasks left: 672
07:03:17,879 root INFO free workers [0, 6, 7, 8, 9], task queue size 60
07:03:17,879 root INFO tasks left: 669
07:03:25,718 root INFO free workers [3, 4, 5], task queue size 57
07:03:25,718 root INFO tasks left: 666
07:03:33,625 root INFO free workers [2], task queue size 57
07:03:33,625 root INFO tasks left: 663
07:03:41,555 root INFO free workers [7, 8, 9], task queue size 57
07:03:41,556 root INFO tasks left: 662
07:03:49,545 root INFO free workers [0, 4, 5, 6], task queue size 60
07:03:49,545 root INFO tasks left: 656
07:03:57,936 root INFO free workers [3, 5], task queue size 57
07:03:57,936 root INFO tasks left: 655
07:04:05,998 root INFO free workers [2, 7, 8, 9], task queue size 59
07:04:05,999 root INFO tasks left: 651
07:04:13,696 root INFO free workers [4], task queue size 56
07:04:13,696 root INFO tasks left: 650
07:04:21,832 root INFO free workers [0, 5, 6], task queue size 58
07:04:21,832 root INFO tasks left: 647
07:04:29,844 root INFO free workers [3, 9], task queue size 57
07:04:29,844 root INFO tasks left: 645
07:04:38,55 root INFO free workers [2, 4, 7, 8], task queue size 59
07:04:38,56 root INFO tasks left: 641
07:04:45,971 root INFO free workers [0, 5], task queue size 56
07:04:45,971 root INFO tasks left: 639
07:04:54,47 root INFO free workers [3, 6, 9], task queue size 57
07:04:54,47 root INFO tasks left: 636
07:05:01,900 root INFO free workers [], task queue size 54
07:05:01,901 root INFO tasks left: 636
07:05:10,21 root INFO free workers [2, 4, 5, 7, 8], task queue size 58
07:05:10,21 root INFO tasks left: 631
07:05:18,12 root INFO free workers [0, 6], task queue size 54
07:05:18,13 root INFO tasks left: 630
07:05:26,138 root INFO free workers [3, 7, 9], task queue size 55
07:05:26,139 root INFO tasks left: 627
07:05:33,976 root INFO free workers [4], task queue size 54
07:05:33,976 root INFO tasks left: 625
07:05:42,10 root INFO reviving worker 1
07:05:42,143 root INFO free workers [2, 5, 8], task queue size 56
07:05:42,143 root INFO tasks left: 622
07:05:50,44 root INFO free workers [6, 7, 9], task queue size 54
07:05:50,44 root INFO tasks left: 620
07:05:58,367 root INFO free workers [0, 3, 4], task queue size 53
07:05:58,367 root INFO tasks left: 616
07:06:06,301 root INFO free workers [8], task queue size 51
07:06:06,301 root INFO tasks left: 615
07:06:14,833 root INFO free workers [2, 5, 7], task queue size 53
07:06:14,833 root INFO tasks left: 612
07:06:23,75 root INFO free workers [4, 6, 8, 9], task queue size 53
07:06:23,75 root INFO tasks left: 609
07:06:31,763 root INFO free workers [0, 3, 6], task queue size 50
07:06:31,764 root INFO tasks left: 606
07:06:40,129 root INFO free workers [7], task queue size 48
07:06:40,130 root INFO tasks left: 605
07:06:48,97 root INFO free workers [2, 4, 5, 8, 9], task queue size 51
07:06:48,97 root INFO tasks left: 601
07:06:56,256 root INFO free workers [7], task queue size 47
07:06:56,256 root INFO tasks left: 600
07:07:04,109 root INFO free workers [0, 3], task queue size 48
07:07:04,110 root INFO tasks left: 597
07:07:12,197 root INFO free workers [3, 4, 5, 6, 8, 9], task queue size 49
07:07:12,197 root INFO tasks left: 594
07:07:20,461 root INFO free workers [2, 7], task queue size 47
07:07:20,461 root INFO tasks left: 590
07:07:28,526 root INFO free workers [], task queue size 45
07:07:28,526 root INFO tasks left: 590
07:07:36,875 root INFO free workers [0, 5, 7, 8], task queue size 46
07:07:36,876 root INFO tasks left: 589
07:07:45,298 root INFO free workers [2, 3, 4, 5, 6, 9], task queue size 48
07:07:45,298 root INFO tasks left: 582
07:07:53,673 root INFO free workers [2], task queue size 43
07:07:53,673 root INFO tasks left: 581
07:08:01,628 root INFO free workers [7, 8], task queue size 43
07:08:01,628 root INFO tasks left: 580
07:08:10,105 root INFO free workers [0, 5, 9], task queue size 43
07:08:10,105 root INFO tasks left: 577
07:08:18,352 root INFO free workers [2, 3, 4], task queue size 44
07:08:18,353 root INFO tasks left: 573
07:08:27,125 root INFO free workers [3, 6, 7, 8], task queue size 44
07:08:27,125 root INFO tasks left: 570
07:08:35,147 root INFO free workers [0, 5, 6, 9], task queue size 40
07:08:35,147 root INFO tasks left: 570
07:08:43,906 root INFO free workers [2, 4, 8], task queue size 40
07:08:43,906 root INFO tasks left: 566
07:08:52,422 root INFO free workers [7], task queue size 39
07:08:52,422 root INFO tasks left: 564
07:09:00,793 root INFO free workers [3, 5, 9], task queue size 41
07:09:00,794 root INFO tasks left: 561
07:09:09,395 root INFO free workers [0, 2, 4, 6, 8], task queue size 43
07:09:09,395 root INFO tasks left: 556
07:09:17,658 root INFO free workers [7], task queue size 40
07:09:17,658 root INFO tasks left: 554
07:09:25,867 root INFO free workers [4, 5, 9], task queue size 39
07:09:25,868 root INFO tasks left: 554
07:09:34,354 root INFO free workers [3, 7], task queue size 40
07:09:34,354 root INFO tasks left: 550
07:09:43,70 root INFO free workers [0, 2, 6, 8], task queue size 43
07:09:43,70 root INFO tasks left: 545
07:09:51,355 root INFO free workers [4, 5, 9], task queue size 41
07:09:51,356 root INFO tasks left: 542
07:09:59,764 root INFO reviving worker 1
07:09:59,898 root INFO free workers [3, 7], task queue size 40
07:09:59,898 root INFO tasks left: 540
07:10:08,177 root INFO free workers [2, 6, 8], task queue size 39
07:10:08,177 root INFO tasks left: 539
07:10:16,683 root INFO free workers [0, 5, 7, 9], task queue size 40
07:10:16,683 root INFO tasks left: 535
07:10:25,652 root INFO free workers [3, 4, 8], task queue size 40
07:10:25,652 root INFO tasks left: 531
07:10:34,365 root INFO free workers [6], task queue size 39
07:10:34,365 root INFO tasks left: 529
07:10:42,498 root INFO free workers [2, 5, 9], task queue size 40
07:10:42,499 root INFO tasks left: 527
07:10:51,352 root INFO free workers [0, 3, 4, 7, 8], task queue size 42
07:10:51,352 root INFO tasks left: 522
07:10:59,704 root INFO free workers [6], task queue size 39
07:10:59,704 root INFO tasks left: 520
07:11:08,445 root INFO free workers [2, 5, 9], task queue size 39
07:11:08,445 root INFO tasks left: 518
07:11:16,840 root INFO free workers [7, 8], task queue size 39
07:11:16,841 root INFO tasks left: 515
07:11:25,366 root INFO free workers [0, 3, 4, 6], task queue size 40
07:11:25,367 root INFO tasks left: 511
07:11:33,602 root INFO free workers [7, 9], task queue size 37
07:11:33,602 root INFO tasks left: 510
07:11:42,603 root INFO free workers [2, 5, 8], task queue size 37
07:11:42,603 root INFO tasks left: 507
07:11:50,907 root INFO free workers [4], task queue size 36
07:11:50,907 root INFO tasks left: 505
07:11:59,672 root INFO free workers [0, 3, 6, 7, 9], task queue size 37
07:11:59,672 root INFO tasks left: 502
07:12:08,557 root INFO free workers [4, 5, 8], task queue size 35
07:12:08,557 root INFO tasks left: 499
07:12:17,528 root INFO free workers [2], task queue size 35
07:12:17,528 root INFO tasks left: 496
07:12:26,440 root INFO free workers [5, 6, 7, 9], task queue size 34
07:12:26,440 root INFO tasks left: 496
07:12:35,632 root INFO free workers [0, 3, 4, 8], task queue size 36
07:12:35,632 root INFO tasks left: 489
07:12:44,343 root INFO free workers [2], task queue size 34
07:12:44,343 root INFO tasks left: 487
07:12:52,936 root INFO free workers [5, 7, 9], task queue size 35
07:12:52,937 root INFO tasks left: 485
07:13:01,726 root INFO free workers [0, 4, 6, 8], task queue size 36
07:13:01,726 root INFO tasks left: 481
07:13:10,218 root INFO free workers [2, 3, 7], task queue size 35
07:13:10,218 root INFO tasks left: 478
07:13:19,270 root INFO free workers [5, 9], task queue size 34
07:13:19,270 root INFO tasks left: 476
07:13:28,149 root INFO free workers [2, 4, 8], task queue size 35
07:13:28,149 root INFO tasks left: 473
07:13:37,409 root INFO free workers [0, 3, 6, 7], task queue size 36
07:13:37,410 root INFO tasks left: 468
07:13:45,845 root INFO free workers [5, 9], task queue size 34
07:13:45,845 root INFO tasks left: 466
07:13:54,714 root INFO free workers [2, 8], task queue size 33
07:13:54,715 root INFO tasks left: 465
07:14:03,542 root INFO free workers [0, 4, 7], task queue size 35
07:14:03,542 root INFO tasks left: 461
07:14:12,181 root INFO free workers [3, 5, 6, 8, 9], task queue size 35
07:14:12,182 root INFO tasks left: 457
07:14:21,146 root INFO free workers [2], task queue size 31
07:14:21,146 root INFO tasks left: 455
07:14:29,931 root INFO reviving worker 1
07:14:30,70 root INFO free workers [0, 4, 7], task queue size 33
07:14:30,70 root INFO tasks left: 453
07:14:39,140 root INFO free workers [5, 8], task queue size 31
07:14:39,141 root INFO tasks left: 451
07:14:48,267 root INFO free workers [2, 3, 6, 9], task queue size 34
07:14:48,267 root INFO tasks left: 446
07:14:57,293 root INFO free workers [0, 4, 7], task queue size 32
07:14:57,293 root INFO tasks left: 444
07:15:06,374 root INFO free workers [5, 8], task queue size 30
07:15:06,374 root INFO tasks left: 442
07:15:15,551 root INFO free workers [2, 3, 9], task queue size 30
07:15:15,551 root INFO tasks left: 439
07:15:24,456 root INFO free workers [4, 6, 7], task queue size 31
07:15:24,456 root INFO tasks left: 435
07:15:33,793 root INFO free workers [0, 5, 8], task queue size 30
07:15:33,793 root INFO tasks left: 433
07:15:42,983 root INFO free workers [2, 3, 9], task queue size 30
07:15:42,984 root INFO tasks left: 430
07:15:51,598 root INFO free workers [4, 6, 7], task queue size 30
07:15:51,598 root INFO tasks left: 427
07:16:00,499 root INFO free workers [0, 5, 8], task queue size 30
07:16:00,499 root INFO tasks left: 424
07:16:09,172 root INFO free workers [2], task queue size 29
07:16:09,172 root INFO tasks left: 422
07:16:18,195 root INFO free workers [6, 7, 9], task queue size 30
07:16:18,196 root INFO tasks left: 419
07:16:27,33 root INFO free workers [0, 3, 4, 5, 8], task queue size 30
07:16:27,33 root INFO tasks left: 416
07:16:36,230 root INFO free workers [2, 7], task queue size 28
07:16:36,230 root INFO tasks left: 413
07:16:45,426 root INFO free workers [9], task queue size 27
07:16:45,426 root INFO tasks left: 412
07:16:54,108 root INFO free workers [4, 5, 6, 8], task queue size 29
07:16:54,109 root INFO tasks left: 408
07:17:02,964 root INFO free workers [0, 2, 3, 7], task queue size 30
07:17:02,964 root INFO tasks left: 403
07:17:11,547 root INFO free workers [3, 9], task queue size 26
07:17:11,547 root INFO tasks left: 402
07:17:20,604 root INFO free workers [4, 5, 6, 8], task queue size 25
07:17:20,604 root INFO tasks left: 400
07:17:29,747 root INFO free workers [2, 7], task queue size 25
07:17:29,747 root INFO tasks left: 396
07:17:38,447 root INFO free workers [9], task queue size 23
07:17:38,447 root INFO tasks left: 396
07:17:46,915 root INFO free workers [0, 3, 4, 5, 6, 8], task queue size 27
07:17:46,916 root INFO tasks left: 391
07:17:56,781 root INFO free workers [2, 3, 5, 7], task queue size 23
07:17:56,781 root INFO tasks left: 387
07:18:06,417 root INFO free workers [5, 9], task queue size 20
07:18:06,417 root INFO tasks left: 386
07:18:15,465 root INFO free workers [4, 6, 7, 8], task queue size 19
07:18:15,465 root INFO tasks left: 383
07:18:24,444 root INFO free workers [0, 2, 3, 9], task queue size 19
07:18:24,444 root INFO tasks left: 379
07:18:33,506 root INFO free workers [5, 8], task queue size 16
07:18:33,506 root INFO tasks left: 377
07:18:42,346 root INFO free workers [2, 4, 6, 7], task queue size 15
07:18:42,346 root INFO tasks left: 375
07:18:50,982 root INFO free workers [3, 9], task queue size 14
07:18:50,982 root INFO tasks left: 372
07:18:59,949 root INFO free workers [0, 5, 8], task queue size 15
07:18:59,949 root INFO tasks left: 369
07:19:09,391 root INFO reviving worker 1
07:19:09,523 root INFO free workers [2, 4, 6, 7, 8], task queue size 19
07:19:09,523 root INFO tasks left: 363
07:19:18,877 root INFO free workers [3, 9], task queue size 16
07:19:18,877 root INFO tasks left: 361
07:19:28,541 root INFO free workers [0, 5, 7], task queue size 16
07:19:28,541 root INFO tasks left: 359
07:19:37,755 root INFO free workers [2, 4, 6, 8, 9], task queue size 18
07:19:37,756 root INFO tasks left: 354
07:19:46,990 root INFO free workers [3], task queue size 13
07:19:46,991 root INFO tasks left: 352
07:19:56,525 root INFO free workers [0, 5, 6, 7, 8], task queue size 15
07:19:56,525 root INFO tasks left: 349
07:20:06,405 root INFO free workers [2, 4, 9], task queue size 14
07:20:06,405 root INFO tasks left: 345
07:20:15,336 root INFO free workers [3], task queue size 12
07:20:15,337 root INFO tasks left: 344
07:20:25,207 root INFO free workers [0, 4, 5, 6, 7, 8], task queue size 13
07:20:25,207 root INFO tasks left: 341
07:20:35,354 root INFO free workers [2, 9], task queue size 12
07:20:35,354 root INFO tasks left: 335
07:20:44,526 root INFO free workers [3], task queue size 10
07:20:44,526 root INFO tasks left: 335
07:20:53,721 root INFO free workers [3, 4, 5, 6, 7, 8], task queue size 14
07:20:53,721 root INFO tasks left: 330
07:21:03,132 root INFO free workers [0, 2, 9], task queue size 12
07:21:03,132 root INFO tasks left: 326
07:21:12,197 root INFO free workers [2, 8], task queue size 9
07:21:12,197 root INFO tasks left: 326
07:21:22,151 root INFO free workers [4, 5, 6, 7, 9], task queue size 11
07:21:22,151 root INFO tasks left: 322
07:21:31,534 root INFO free workers [0, 3], task queue size 9
07:21:31,535 root INFO tasks left: 318
07:21:41,111 root INFO free workers [2, 7, 8], task queue size 9
07:21:41,112 root INFO tasks left: 316
07:21:50,744 root INFO free workers [4, 5, 6, 8, 9], task queue size 10
07:21:50,744 root INFO tasks left: 312
07:22:00,681 root INFO free workers [0, 3], task queue size 8
07:22:00,682 root INFO tasks left: 309
07:22:09,943 root INFO free workers [2, 7], task queue size 8
07:22:09,944 root INFO tasks left: 307
07:22:19,203 root INFO free workers [4, 5, 6, 8, 9], task queue size 9
07:22:19,203 root INFO tasks left: 304
07:22:28,584 root INFO free workers [3], task queue size 7
07:22:28,584 root INFO tasks left: 301
07:22:38,970 root INFO free workers [0, 2, 7], task queue size 8
07:22:38,970 root INFO tasks left: 298
07:22:48,653 root INFO free workers [4, 5, 6, 8], task queue size 9
07:22:48,654 root INFO tasks left: 294
07:22:58,78 root INFO free workers [2, 3, 4, 7, 9], task queue size 7
07:22:58,78 root INFO tasks left: 292
07:23:08,224 root INFO free workers [0, 3, 5, 8], task queue size 5
07:23:08,224 root INFO tasks left: 289
07:23:17,932 root INFO free workers [6], task queue size 4
07:23:17,932 root INFO tasks left: 286
07:23:27,108 root INFO free workers [2, 4, 7, 9], task queue size 6
07:23:27,108 root INFO tasks left: 283
07:23:36,505 root INFO free workers [5, 8], task queue size 4
07:23:36,506 root INFO tasks left: 281
07:23:46,301 root INFO free workers [0, 3, 6], task queue size 6
07:23:46,301 root INFO tasks left: 277
07:23:56,129 root INFO free workers [2, 4, 7, 9], task queue size 7
07:23:56,130 root INFO tasks left: 273
07:24:05,617 root INFO reviving worker 1
07:24:05,748 root INFO free workers [5, 8], task queue size 6
07:24:05,748 root INFO tasks left: 271
07:24:15,498 root INFO free workers [0, 3, 6, 7, 9], task queue size 7
07:24:15,498 root INFO tasks left: 268
07:24:25,108 root INFO free workers [2, 4], task queue size 5
07:24:25,108 root INFO tasks left: 264
07:24:34,324 root INFO free workers [5, 8], task queue size 5
07:24:34,324 root INFO tasks left: 262
07:24:43,880 root INFO free workers [2, 4, 7, 9], task queue size 4
07:24:43,880 root INFO tasks left: 260
07:24:53,241 root INFO free workers [0, 3, 4, 5, 6, 8], task queue size 3
07:24:53,242 root INFO tasks left: 255
07:25:02,970 root INFO free workers [0, 3, 4], task queue size 2
07:25:02,970 root INFO tasks left: 253
07:25:12,592 root INFO free workers [0, 2, 7, 9], task queue size 3
07:25:12,592 root INFO tasks left: 250
07:25:21,743 root INFO free workers [0, 5, 6, 8], task queue size 3
07:25:21,743 root INFO tasks left: 247
07:25:30,188 root INFO free workers [0, 4, 9], task queue size 1
07:25:30,188 root INFO tasks left: 246
07:25:40,98 root INFO free workers [0, 2, 3, 4, 7], task queue size 4
07:25:40,98 root INFO tasks left: 242
07:25:49,753 root INFO free workers [0, 5, 6, 8], task queue size 2
07:25:49,754 root INFO tasks left: 240
07:25:59,258 root INFO free workers [0, 5, 7, 9], task queue size 2
07:25:59,258 root INFO tasks left: 238
07:26:09,816 root INFO free workers [0, 2, 3, 4, 5], task queue size 3
07:26:09,816 root INFO tasks left: 234
07:26:19,441 root INFO free workers [0, 2, 6, 8, 9], task queue size 2
07:26:19,442 root INFO tasks left: 232
07:26:29,607 root INFO free workers [0, 2, 6, 7], task queue size 2
07:26:29,608 root INFO tasks left: 230
07:26:39,436 root INFO free workers [0, 2, 3, 4, 5, 9], task queue size 2
07:26:39,436 root INFO tasks left: 227
07:26:49,87 root INFO free workers [0, 2, 3, 4, 8], task queue size 2
07:26:49,88 root INFO tasks left: 225
07:26:59,284 root INFO free workers [0, 2, 3, 6, 7], task queue size 2
07:26:59,284 root INFO tasks left: 223
07:27:09,189 root INFO free workers [0, 2, 3, 5, 9], task queue size 2
07:27:09,189 root INFO tasks left: 221
07:27:18,955 root INFO free workers [0, 2, 3, 4, 6, 7, 8], task queue size 22
07:27:18,956 root INFO tasks left: 220
07:27:28,900 root INFO free workers [], task queue size 18
07:27:28,900 root INFO tasks left: 217
07:27:39,209 root INFO free workers [5], task queue size 19
07:27:39,209 root INFO tasks left: 216
07:27:49,194 root INFO free workers [2, 3, 4, 7, 8, 9], task queue size 23
07:27:49,194 root INFO tasks left: 211
07:27:58,798 root INFO free workers [0, 5, 6, 7], task queue size 20
07:27:58,799 root INFO tasks left: 208
07:28:08,389 root INFO free workers [7], task queue size 16
07:28:08,389 root INFO tasks left: 208
07:28:18,390 root INFO free workers [2, 3, 4, 8], task queue size 17
07:28:18,390 root INFO tasks left: 206
07:28:28,397 root INFO free workers [0, 5, 6, 9], task queue size 17
07:28:28,397 root INFO tasks left: 201
07:28:38,304 root INFO free workers [4, 7], task queue size 15
07:28:38,304 root INFO tasks left: 199
07:28:48,401 root INFO free workers [2, 3, 8], task queue size 16
07:28:48,401 root INFO tasks left: 196
07:28:58,484 root INFO free workers [0, 5, 6, 8, 9], task queue size 17
07:28:58,485 root INFO tasks left: 192
07:29:08,383 root INFO reviving worker 1
07:29:08,510 root INFO free workers [2, 4, 7], task queue size 15
07:29:08,510 root INFO tasks left: 190
07:29:18,695 root INFO free workers [3, 5, 8], task queue size 14
07:29:18,695 root INFO tasks left: 188
07:29:28,942 root INFO free workers [6, 9], task queue size 14
07:29:28,942 root INFO tasks left: 185
07:29:39,405 root INFO free workers [0, 2, 4, 7], task queue size 17
07:29:39,405 root INFO tasks left: 180
07:29:48,987 root INFO free workers [2, 3, 5, 6, 8], task queue size 15
07:29:48,987 root INFO tasks left: 177
07:29:59,253 root INFO free workers [9], task queue size 11
07:29:59,253 root INFO tasks left: 175
07:30:08,829 root INFO free workers [0, 4, 7], task queue size 13
07:30:08,829 root INFO tasks left: 172
07:30:18,812 root INFO free workers [3, 5, 6, 8], task queue size 11
07:30:18,812 root INFO tasks left: 171
07:30:28,111 root INFO free workers [2, 9], task queue size 12
07:30:28,111 root INFO tasks left: 166
07:30:37,962 root INFO free workers [4, 7], task queue size 12
07:30:37,963 root INFO tasks left: 164
07:30:47,968 root INFO free workers [0, 6, 8], task queue size 12
07:30:47,968 root INFO tasks left: 162
07:30:57,457 root INFO free workers [2, 3, 4, 7, 9], task queue size 12
07:30:57,457 root INFO tasks left: 158
07:31:07,369 root INFO free workers [5], task queue size 10
07:31:07,369 root INFO tasks left: 155
07:31:17,328 root INFO free workers [0, 6, 7, 8], task queue size 11
07:31:17,328 root INFO tasks left: 153
07:31:27,689 root INFO free workers [2, 3, 4, 5, 9], task queue size 12
07:31:27,689 root INFO tasks left: 147
07:31:37,515 root INFO free workers [], task queue size 8
07:31:37,515 root INFO tasks left: 146
07:31:48,43 root INFO free workers [0, 6, 7, 8], task queue size 12
07:31:48,43 root INFO tasks left: 142
07:32:02,526 root INFO free workers [2, 3, 4, 5, 9], task queue size 13
07:32:02,526 root INFO tasks left: 137
07:32:13,186 root INFO free workers [5, 6, 7, 8], task queue size 8
07:32:13,186 root INFO tasks left: 136
07:32:23,624 root INFO free workers [0, 2], task queue size 8
07:32:23,625 root INFO tasks left: 132
07:32:33,745 root INFO free workers [2, 3, 4, 9], task queue size 9
07:32:33,746 root INFO tasks left: 129
07:32:43,528 root INFO free workers [5, 6, 7, 8], task queue size 9
07:32:43,528 root INFO tasks left: 125
07:32:53,217 root INFO free workers [0, 2, 5, 6], task queue size 6
07:32:53,218 root INFO tasks left: 123
07:33:03,566 root INFO free workers [3, 4, 8, 9], task queue size 3
07:33:03,566 root INFO tasks left: 120
07:33:13,455 root INFO free workers [3, 7], task queue size 2
07:33:13,455 root INFO tasks left: 118
07:33:23,802 root INFO free workers [0, 2, 5, 6], task queue size 3
07:33:23,802 root INFO tasks left: 115
07:33:34,384 root INFO free workers [0, 4, 8, 9], task queue size 3
07:33:34,384 root INFO tasks left: 112
07:33:43,994 root INFO free workers [0, 3, 7], task queue size 3
07:33:43,995 root INFO tasks left: 109
07:33:54,674 root INFO free workers [2, 5, 6, 9], task queue size 3
07:33:54,674 root INFO tasks left: 106
07:34:05,3 root INFO free workers [2, 4, 6, 8], task queue size 3
07:34:05,3 root INFO tasks left: 103
07:34:15,85 root INFO free workers [0, 2, 3, 7], task queue size 3
07:34:15,85 root INFO tasks left: 100
07:34:25,190 root INFO reviving worker 1
07:34:25,337 root INFO free workers [0, 4, 5, 7, 9], task queue size 3
07:34:25,337 root INFO tasks left: 98
07:34:34,650 root INFO free workers [0, 4, 6, 7, 8], task queue size 1
07:34:34,651 root INFO tasks left: 95
07:34:45,17 root INFO free workers [0, 2, 3, 4, 6, 7, 9], task queue size 2
07:34:45,18 root INFO tasks left: 93
07:34:54,770 root INFO free workers [0, 2, 3, 4, 5, 6, 8], task queue size 3
07:34:54,770 root INFO tasks left: 90
07:35:04,453 root INFO free workers [0, 2, 3, 4], task queue size 13
07:35:04,453 root INFO tasks left: 90
07:35:14,723 root INFO free workers [7, 9], task queue size 10
07:35:14,723 root INFO tasks left: 88
07:35:25,163 root INFO free workers [0, 5, 6, 8], task queue size 10
07:35:25,163 root INFO tasks left: 85
07:35:35,271 root INFO free workers [2, 3, 4, 9], task queue size 9
07:35:35,271 root INFO tasks left: 80
07:35:45,191 root INFO free workers [6, 7, 8], task queue size 6
07:35:45,192 root INFO tasks left: 79
07:35:55,773 root INFO free workers [0, 5, 9], task queue size 6
07:35:55,774 root INFO tasks left: 75
07:36:06,489 root INFO free workers [0, 2, 3, 4, 7], task queue size 7
07:36:06,489 root INFO tasks left: 71
07:36:17,334 root INFO free workers [2, 5, 6, 8], task queue size 5
07:36:17,334 root INFO tasks left: 68
07:36:27,773 root INFO free workers [4, 9], task queue size 4
07:36:27,773 root INFO tasks left: 65
07:36:38,216 root INFO free workers [3, 7], task queue size 4
07:36:38,216 root INFO tasks left: 63
07:36:48,740 root INFO free workers [0, 2, 5, 6, 8], task queue size 7
07:36:48,740 root INFO tasks left: 58
07:36:58,894 root INFO free workers [4, 9], task queue size 4
07:36:58,894 root INFO tasks left: 56
07:37:08,844 root INFO free workers [3, 6, 7], task queue size 4
07:37:08,844 root INFO tasks left: 54
07:37:19,314 root INFO free workers [0, 2, 5, 8, 9], task queue size 2
07:37:19,314 root INFO tasks left: 51
07:37:29,709 root INFO free workers [0, 2, 4, 5, 7], task queue size 5
07:37:29,710 root INFO tasks left: 46
07:37:40,90 root INFO free workers [3, 6, 9], task queue size 2
07:37:40,90 root INFO tasks left: 44
07:37:50,340 root INFO free workers [3, 8], task queue size 2
07:37:50,340 root INFO tasks left: 42
07:38:01,41 root INFO free workers [0, 2, 4, 5, 7], task queue size 5
07:38:01,41 root INFO tasks left: 37
07:38:11,217 root INFO free workers [6, 9], task queue size 1
07:38:11,218 root INFO tasks left: 36
07:38:21,387 root INFO free workers [3, 6, 8], task queue size 3
07:38:21,388 root INFO tasks left: 33
07:38:32,458 root INFO free workers [0, 2, 4, 5, 7, 9], task queue size 4
07:38:32,459 root INFO tasks left: 28
07:38:42,743 root INFO free workers [0, 2, 8], task queue size 1
07:38:42,743 root INFO tasks left: 27
07:38:53,100 root INFO free workers [0, 2, 3, 4, 6, 9], task queue size 3
07:38:53,100 root INFO tasks left: 23
07:39:03,494 root INFO free workers [0, 2, 3, 5, 7, 8], task queue size 3
07:39:03,494 root INFO tasks left: 20
07:39:14,652 root INFO free workers [0, 2, 3], task queue size 7
07:39:14,652 root INFO tasks left: 19
07:39:24,688 root INFO free workers [4, 5, 6, 9], task queue size 6
07:39:24,688 root INFO tasks left: 16
07:39:34,815 root INFO free workers [7, 8], task queue size 4
07:39:34,816 root INFO tasks left: 13
07:39:46,185 root INFO reviving worker 1
07:39:46,318 root INFO free workers [0, 2, 4, 9], task queue size 5
07:39:46,318 root INFO tasks left: 10
07:39:55,852 root INFO free workers [3, 5, 6], task queue size 4
07:39:55,852 root INFO tasks left: 6
07:40:06,564 root INFO free workers [4, 7, 8, 9], task queue size 2
07:40:06,565 root INFO tasks left: 4
07:40:17,471 root INFO free workers [0, 2, 4, 6, 7], task queue size 4
07:40:17,472 root INFO tasks left: 0
07:40:22,479 root INFO Overmind run finished successfully with 288 iterations, elasped time 2605.0422258377075 sec.
