08:19:23,396 root INFO a0f981079a10c461ab14bc38e656a09d-1521516052.us-east-2.elb.amazonaws.com:50051 set as 0
08:19:23,429 root INFO ae183a299361f45e9ab797451bc28b45-25286836.us-east-2.elb.amazonaws.com:50051 set as 1
08:19:23,460 root INFO a3a4d1acb3a35497781673ddfdec08b3-234610428.us-east-2.elb.amazonaws.com:50051 set as 2
08:19:23,520 root INFO a446231dc48794ce5afb302214aa05da-1535843045.us-east-2.elb.amazonaws.com:50051 set as 3
08:19:23,562 root INFO acd0e2592e13e40fe8173b69767e38d9-304729689.us-east-2.elb.amazonaws.com:50051 set as 4
08:41:28,969 root INFO a0f981079a10c461ab14bc38e656a09d-1521516052.us-east-2.elb.amazonaws.com:50051 set as 0
08:41:29,13 root INFO ae183a299361f45e9ab797451bc28b45-25286836.us-east-2.elb.amazonaws.com:50051 set as 1
08:41:29,50 root INFO a3a4d1acb3a35497781673ddfdec08b3-234610428.us-east-2.elb.amazonaws.com:50051 set as 2
08:41:29,102 root INFO a446231dc48794ce5afb302214aa05da-1535843045.us-east-2.elb.amazonaws.com:50051 set as 3
08:41:29,147 root INFO acd0e2592e13e40fe8173b69767e38d9-304729689.us-east-2.elb.amazonaws.com:50051 set as 4
08:41:56,20 root INFO free workers [0, 1, 2, 3, 4], task queue size 87
08:41:56,20 root INFO tasks left: 492
08:42:02,190 root INFO free workers [], task queue size 82
08:42:02,190 root INFO tasks left: 492
08:42:08,209 root INFO free workers [], task queue size 82
08:42:08,209 root INFO tasks left: 492
09:18:04,733 root INFO a0f981079a10c461ab14bc38e656a09d-1521516052.us-east-2.elb.amazonaws.com:50051 set as 0
09:18:04,922 root INFO a3a4d1acb3a35497781673ddfdec08b3-234610428.us-east-2.elb.amazonaws.com:50051 set as 2
09:18:04,968 root INFO ae183a299361f45e9ab797451bc28b45-25286836.us-east-2.elb.amazonaws.com:50051 set as 1
09:18:04,970 root INFO a446231dc48794ce5afb302214aa05da-1535843045.us-east-2.elb.amazonaws.com:50051 set as 3
09:18:05,24 root INFO acd0e2592e13e40fe8173b69767e38d9-304729689.us-east-2.elb.amazonaws.com:50051 set as 4
09:18:05,66 root INFO a86d15c50c0ef4fd889c208b91306322-1434235675.us-east-2.elb.amazonaws.com:50051 set as 5
09:18:05,118 root INFO a73d0841439be4c72a7f99c2a8ee014c-461204456.us-east-2.elb.amazonaws.com:50051 set as 6
09:18:05,167 root INFO a2db8d3e5406b4932acea5b23c9031f7-510381442.us-east-2.elb.amazonaws.com:50051 set as 7
09:18:05,207 root INFO a53fdee8cddc64425960db2cfccd9cfe-1399437765.us-east-2.elb.amazonaws.com:50051 set as 8
09:18:05,255 root INFO ac707e718b19942a9a6cae3863f20aef-1947071726.us-east-2.elb.amazonaws.com:50051 set as 9
09:19:11,494 root INFO free workers [0, 1, 2, 3, 4, 5, 6, 7, 8, 9], task queue size 87
09:19:11,494 root INFO tasks left: 492
09:19:18,426 root INFO free workers [], task queue size 77
09:19:18,427 root INFO tasks left: 492
09:19:25,966 root INFO free workers [], task queue size 77
09:19:25,966 root INFO tasks left: 492
09:19:32,897 root INFO free workers [8], task queue size 77
09:19:32,897 root INFO tasks left: 492
09:19:39,834 root INFO free workers [1, 2, 3, 5, 6, 7, 9], task queue size 76
09:19:39,834 root INFO tasks left: 492
09:19:46,847 root INFO free workers [0, 4], task queue size 69
09:19:46,847 root INFO tasks left: 492
09:19:53,958 root INFO free workers [8], task queue size 67
09:19:53,958 root INFO tasks left: 492
09:20:01,22 root INFO free workers [5], task queue size 66
09:20:01,22 root INFO tasks left: 492
09:20:08,8 root INFO free workers [1, 2, 3, 6, 7, 9], task queue size 65
09:20:08,8 root INFO tasks left: 492
09:20:15,5 root INFO free workers [0, 4, 8], task queue size 59
09:20:15,5 root INFO tasks left: 492
09:20:22,489 root INFO free workers [5], task queue size 56
09:20:22,490 root INFO tasks left: 492
09:20:29,519 root INFO free workers [2], task queue size 55
09:20:29,519 root INFO tasks left: 492
09:20:36,563 root INFO free workers [1, 3, 7, 8], task queue size 54
09:20:36,564 root INFO tasks left: 492
09:20:43,630 root INFO free workers [0, 4, 5, 6, 9], task queue size 50
09:20:43,630 root INFO tasks left: 492
09:20:50,591 root INFO free workers [2], task queue size 45
09:20:50,591 root INFO tasks left: 492
09:20:57,828 root INFO free workers [8], task queue size 44
09:20:57,829 root INFO tasks left: 492
09:21:04,905 root INFO free workers [1, 3, 4, 5, 6, 7], task queue size 43
09:21:04,906 root INFO tasks left: 492
09:21:12,75 root INFO free workers [0, 2, 9], task queue size 37
09:21:12,75 root INFO tasks left: 492
09:21:19,385 root INFO free workers [8], task queue size 34
09:21:19,385 root INFO tasks left: 492
09:21:26,576 root INFO free workers [3, 5, 7], task queue size 33
09:21:26,576 root INFO tasks left: 492
09:21:33,540 root INFO free workers [1, 2, 4, 6], task queue size 30
09:21:33,540 root INFO tasks left: 492
09:21:40,601 root INFO free workers [0, 8, 9], task queue size 26
09:21:40,601 root INFO tasks left: 492
09:21:47,817 root INFO free workers [5, 7], task queue size 23
09:21:47,817 root INFO tasks left: 492
09:21:55,116 root INFO free workers [1, 2, 3, 6], task queue size 21
09:21:55,116 root INFO tasks left: 492
09:22:02,404 root INFO free workers [0, 4, 8, 9], task queue size 17
09:22:02,405 root INFO tasks left: 492
09:22:09,852 root INFO free workers [5, 7], task queue size 13
09:22:09,852 root INFO tasks left: 492
09:22:17,356 root INFO free workers [1, 2, 6], task queue size 11
09:22:17,356 root INFO tasks left: 492
09:22:24,757 root INFO free workers [3, 4, 8, 9], task queue size 8
09:22:24,757 root INFO tasks left: 492
09:22:32,17 root INFO free workers [0, 5, 7], task queue size 4
09:22:32,17 root INFO tasks left: 492
09:22:39,493 root INFO free workers [1, 2], task queue size 1
09:22:39,494 root INFO tasks left: 492
09:22:47,49 root INFO free workers [1, 4, 6, 8], task queue size 0
09:22:47,49 root INFO tasks left: 492
09:22:54,527 root INFO free workers [1, 3, 4, 5, 6, 7, 8, 9], task queue size 0
09:22:54,527 root INFO tasks left: 492
09:23:01,766 root INFO free workers [0, 1, 2, 3, 4, 5, 6, 7, 8, 9], task queue size 0
09:23:01,766 root INFO tasks left: 492
09:23:09,219 root INFO free workers [0, 1, 2, 3, 4, 5, 6, 7, 8, 9], task queue size 0
09:23:09,219 root INFO tasks left: 492
09:23:16,562 root INFO free workers [0, 1, 2, 3, 4, 5, 6, 7, 8, 9], task queue size 0
09:23:16,562 root INFO tasks left: 492
